17:05:13.958 INFO  listner.WebEventListener -Trying to find Element By : By.name: txtValue
17:05:13.973 INFO  listner.WebEventListener -Found Element By : By.name: txtValue
17:05:13.973 INFO  listner.WebEventListener -Before Change value of [[ChromeDriver: chrome on XP (7bd200b08043f571a1f1a50a11912bc0)] -> name: txtValue]
17:05:14.022 INFO  listner.WebEventListener -After Change value of [[ChromeDriver: chrome on XP (7bd200b08043f571a1f1a50a11912bc0)] -> name: txtValue]
17:05:14.023 INFO  listner.WebEventListener -Trying to find Element By : By.xpath: .//form[@name='DownStreamGoto']//input[@name='btn_Submit']
17:05:14.030 INFO  listner.WebEventListener -Found Element By : By.xpath: .//form[@name='DownStreamGoto']//input[@name='btn_Submit']
17:05:14.478 INFO  listner.WebEventListener -Trying to find Element By : By.linkText: GO882297
17:05:14.490 INFO  listner.WebEventListener -Found Element By : By.linkText: GO882297
17:05:15.227 INFO  listner.WebEventListener -Trying to find Element By : By.xpath: .//input[@name='Btn_Submit']
17:05:15.239 INFO  listner.WebEventListener -Found Element By : By.xpath: .//input[@name='Btn_Submit']
17:05:16.693 INFO  listner.WebEventListener -Trying to find Element By : By.xpath: .//body//font[1]
17:05:16.700 INFO  listner.WebEventListener -Found Element By : By.xpath: .//body//font[1]
17:05:16.712 INFO  listner.WebEventListener -Trying to find Element By : By.name: Submit
17:05:16.721 INFO  listner.WebEventListener -Found Element By : By.name: Submit
17:05:18.380 INFO  listner.WebEventListener -Trying to find Element By : By.name: txtValue
17:05:18.388 INFO  listner.WebEventListener -Found Element By : By.name: txtValue
17:05:18.389 INFO  listner.WebEventListener -Before Change value of [[ChromeDriver: chrome on XP (7bd200b08043f571a1f1a50a11912bc0)] -> name: txtValue]
17:05:18.433 INFO  listner.WebEventListener -After Change value of [[ChromeDriver: chrome on XP (7bd200b08043f571a1f1a50a11912bc0)] -> name: txtValue]
17:05:18.433 INFO  listner.WebEventListener -Trying to find Element By : By.xpath: .//form[@name='DownStreamGoto']//input[@name='btn_Submit']
17:05:18.439 INFO  listner.WebEventListener -Found Element By : By.xpath: .//form[@name='DownStreamGoto']//input[@name='btn_Submit']
17:05:18.927 INFO  listner.WebEventListener -Trying to find Element By : By.linkText: GO883054
17:05:18.939 INFO  listner.WebEventListener -Found Element By : By.linkText: GO883054
17:05:19.739 INFO  listner.WebEventListener -Trying to find Element By : By.xpath: .//input[@name='Btn_Submit']
17:05:19.751 INFO  listner.WebEventListener -Found Element By : By.xpath: .//input[@name='Btn_Submit']
17:05:20.414 INFO  listner.WebEventListener -Trying to find Element By : By.xpath: .//body//font[1]
17:05:25.461 ERROR listner.WebEventListener -Exception occured : 'no such element: Unable to locate element: {"method":"xpath","selector":".//body//font[1]"}
  (Session info: chrome=80.0.3987.163)
  (Driver info: chromedriver=2.40.565498 (ea082db3280dd6843ebfb08a625e3eb905c4f5ab),platform=Windows NT 10.0.17134 x86_64) (WARNING: The server did not provide any stacktrace information)
Command duration or timeout: 0 milliseconds
For documentation on this error, please visit: http://seleniumhq.org/exceptions/no_such_element.html
Build info: version: '3.11.0', revision: 'e59cfb3', time: '2018-03-11T20:26:55.152Z'
System info: host: 'BTP204126', ip: '10.110.49.184', os.name: 'Windows 10', os.arch: 'amd64', os.version: '10.0', java.version: '1.8.0_162'
Driver info: org.openqa.selenium.chrome.ChromeDriver
Capabilities {acceptInsecureCerts: false, acceptSslCerts: false, applicationCacheEnabled: false, browserConnectionEnabled: false, browserName: chrome, chrome: {chromedriverVersion: 2.40.565498 (ea082db3280dd6..., userDataDir: C:\Users\612092~1\AppData\L...}, cssSelectorsEnabled: true, databaseEnabled: false, handlesAlerts: true, hasTouchScreen: false, javascriptEnabled: true, locationContextEnabled: true, mobileEmulationEnabled: false, nativeEvents: true, networkConnectionEnabled: false, pageLoadStrategy: normal, platform: XP, platformName: XP, rotatable: false, setWindowRect: true, takesHeapSnapshot: true, takesScreenshot: true, unexpectedAlertBehaviour: , unhandledPromptBehavior: , version: 80.0.3987.163, webStorageEnabled: true}
Session ID: 7bd200b08043f571a1f1a50a11912bc0
*** Element info: {Using=xpath, value=.//body//font[1]}'
17:05:25.464 INFO  listner.WebEventListener -Trying to find Element By : By.name: txtValue
17:05:25.472 INFO  listner.WebEventListener -Found Element By : By.name: txtValue
17:05:25.472 INFO  listner.WebEventListener -Before Change value of [[ChromeDriver: chrome on XP (7bd200b08043f571a1f1a50a11912bc0)] -> name: txtValue]
17:05:25.523 INFO  listner.WebEventListener -After Change value of [[ChromeDriver: chrome on XP (7bd200b08043f571a1f1a50a11912bc0)] -> name: txtValue]
17:05:25.523 INFO  listner.WebEventListener -Trying to find Element By : By.xpath: .//form[@name='DownStreamGoto']//input[@name='btn_Submit']
17:05:25.530 INFO  listner.WebEventListener -Found Element By : By.xpath: .//form[@name='DownStreamGoto']//input[@name='btn_Submit']
17:05:26.011 INFO  listner.WebEventListener -Trying to find Element By : By.linkText: GO883570
17:05:26.039 INFO  listner.WebEventListener -Found Element By : By.linkText: GO883570
17:05:26.741 INFO  listner.WebEventListener -Trying to find Element By : By.xpath: .//input[@name='Btn_Submit']
17:05:26.754 INFO  listner.WebEventListener -Found Element By : By.xpath: .//input[@name='Btn_Submit']
17:05:27.413 INFO  listner.WebEventListener -Trying to find Element By : By.xpath: .//body//font[1]
17:05:32.430 ERROR listner.WebEventListener -Exception occured : 'no such element: Unable to locate element: {"method":"xpath","selector":".//body//font[1]"}
  (Session info: chrome=80.0.3987.163)
  (Driver info: chromedriver=2.40.565498 (ea082db3280dd6843ebfb08a625e3eb905c4f5ab),platform=Windows NT 10.0.17134 x86_64) (WARNING: The server did not provide any stacktrace information)
Command duration or timeout: 0 milliseconds
For documentation on this error, please visit: http://seleniumhq.org/exceptions/no_such_element.html
Build info: version: '3.11.0', revision: 'e59cfb3', time: '2018-03-11T20:26:55.152Z'
System info: host: 'BTP204126', ip: '10.110.49.184', os.name: 'Windows 10', os.arch: 'amd64', os.version: '10.0', java.version: '1.8.0_162'
Driver info: org.openqa.selenium.chrome.ChromeDriver
Capabilities {acceptInsecureCerts: false, acceptSslCerts: false, applicationCacheEnabled: false, browserConnectionEnabled: false, browserName: chrome, chrome: {chromedriverVersion: 2.40.565498 (ea082db3280dd6..., userDataDir: C:\Users\612092~1\AppData\L...}, cssSelectorsEnabled: true, databaseEnabled: false, handlesAlerts: true, hasTouchScreen: false, javascriptEnabled: true, locationContextEnabled: true, mobileEmulationEnabled: false, nativeEvents: true, networkConnectionEnabled: false, pageLoadStrategy: normal, platform: XP, platformName: XP, rotatable: false, setWindowRect: true, takesHeapSnapshot: true, takesScreenshot: true, unexpectedAlertBehaviour: , unhandledPromptBehavior: , version: 80.0.3987.163, webStorageEnabled: true}
Session ID: 7bd200b08043f571a1f1a50a11912bc0
*** Element info: {Using=xpath, value=.//body//font[1]}'
