23:21:13.592 INFO  listner.WebEventListener -Found Element By : By.id: txtUniqueIdentifier
23:21:13.627 INFO  listner.WebEventListener -Before Change value of [[ChromeDriver: chrome on XP (4a61338689dff885d2e8436d7499ac20)] -> id: txtUniqueIdentifier]
23:21:13.759 INFO  listner.WebEventListener -After Change value of [[ChromeDriver: chrome on XP (4a61338689dff885d2e8436d7499ac20)] -> id: txtUniqueIdentifier]
23:21:13.760 INFO  listner.WebEventListener -Trying to find Element By : By.id: txtUniqueIdentifier
23:21:13.790 INFO  listner.WebEventListener -Found Element By : By.id: txtUniqueIdentifier
23:21:13.791 INFO  listner.WebEventListener -Before Change value of [[ChromeDriver: chrome on XP (4a61338689dff885d2e8436d7499ac20)] -> id: txtUniqueIdentifier]
23:21:13.812 INFO  listner.WebEventListener -After Change value of [[ChromeDriver: chrome on XP (4a61338689dff885d2e8436d7499ac20)] -> id: txtUniqueIdentifier]
23:21:13.812 INFO  listner.WebEventListener -Trying to find Element By : By.id: txtUniqueIdentifier
23:21:13.825 INFO  listner.WebEventListener -Found Element By : By.id: txtUniqueIdentifier
23:21:13.826 INFO  listner.WebEventListener -Before Change value of [[ChromeDriver: chrome on XP (4a61338689dff885d2e8436d7499ac20)] -> id: txtUniqueIdentifier]
23:21:13.952 INFO  listner.WebEventListener -After Change value of [[ChromeDriver: chrome on XP (4a61338689dff885d2e8436d7499ac20)] -> id: txtUniqueIdentifier]
23:21:13.962 INFO  listner.WebEventListener -Trying to find Element By : By.xpath: .//form[@name='CustEINForm']//input[@name='btnSubmit']
23:21:13.985 INFO  listner.WebEventListener -Found Element By : By.xpath: .//form[@name='CustEINForm']//input[@name='btnSubmit']
23:21:20.038 INFO  listner.WebEventListener -Trying to find Element By : By.name: PFFrame
23:21:20.109 INFO  listner.WebEventListener -Found Element By : By.name: PFFrame
23:21:20.170 INFO  listner.WebEventListener -Trying to find Element By : By.id: pageTitle
23:21:20.218 INFO  listner.WebEventListener -Found Element By : By.id: pageTitle
23:21:20.264 INFO  listner.WebEventListener -Trying to find Element By : By.xpath: .//section[1]//p[1]
23:21:20.303 INFO  listner.WebEventListener -Found Element By : By.xpath: .//section[1]//p[1]
23:33:05.840 INFO  listner.WebEventListener -Before navigating to: 'http://ogsys.dev.nat.bt.com/default.cfm'
23:33:11.558 INFO  listner.WebEventListener -Navigated to:'http://ogsys.dev.nat.bt.com/default.cfm'
23:33:11.641 INFO  listner.WebEventListener -Trying to find Element By : By.id: txtUniqueIdentifier
23:33:11.678 INFO  listner.WebEventListener -Found Element By : By.id: txtUniqueIdentifier
23:33:11.687 INFO  listner.WebEventListener -Before Change value of [[ChromeDriver: chrome on XP (1dc7bef2bbe38d2a3f920b196e82a413)] -> id: txtUniqueIdentifier]
23:33:11.772 INFO  listner.WebEventListener -After Change value of [[ChromeDriver: chrome on XP (1dc7bef2bbe38d2a3f920b196e82a413)] -> id: txtUniqueIdentifier]
23:33:11.772 INFO  listner.WebEventListener -Trying to find Element By : By.id: txtUniqueIdentifier
23:33:11.810 INFO  listner.WebEventListener -Found Element By : By.id: txtUniqueIdentifier
23:33:11.810 INFO  listner.WebEventListener -Before Change value of [[ChromeDriver: chrome on XP (1dc7bef2bbe38d2a3f920b196e82a413)] -> id: txtUniqueIdentifier]
23:33:11.832 INFO  listner.WebEventListener -After Change value of [[ChromeDriver: chrome on XP (1dc7bef2bbe38d2a3f920b196e82a413)] -> id: txtUniqueIdentifier]
23:33:11.833 INFO  listner.WebEventListener -Trying to find Element By : By.id: txtUniqueIdentifier
23:33:11.852 INFO  listner.WebEventListener -Found Element By : By.id: txtUniqueIdentifier
23:33:11.852 INFO  listner.WebEventListener -Before Change value of [[ChromeDriver: chrome on XP (1dc7bef2bbe38d2a3f920b196e82a413)] -> id: txtUniqueIdentifier]
23:33:12.015 INFO  listner.WebEventListener -After Change value of [[ChromeDriver: chrome on XP (1dc7bef2bbe38d2a3f920b196e82a413)] -> id: txtUniqueIdentifier]
23:33:12.028 INFO  listner.WebEventListener -Trying to find Element By : By.xpath: .//form[@name='CustEINForm']//input[@name='btnSubmit']
23:33:12.054 INFO  listner.WebEventListener -Found Element By : By.xpath: .//form[@name='CustEINForm']//input[@name='btnSubmit']
23:33:18.344 INFO  listner.WebEventListener -Trying to find Element By : By.name: PFFrame
23:33:18.374 INFO  listner.WebEventListener -Found Element By : By.name: PFFrame
23:33:18.406 INFO  listner.WebEventListener -Trying to find Element By : By.name: PFFrame
23:33:18.416 INFO  listner.WebEventListener -Found Element By : By.name: PFFrame
23:33:18.429 INFO  listner.WebEventListener -Trying to find Element By : By.xpath: .//section[1]//p[1]
23:33:18.445 INFO  listner.WebEventListener -Found Element By : By.xpath: .//section[1]//p[1]
23:33:18.469 INFO  listner.WebEventListener -Trying to find Element By : By.xpath: .//section[1]//p[2]
23:33:18.489 INFO  listner.WebEventListener -Found Element By : By.xpath: .//section[1]//p[2]
23:33:18.515 INFO  listner.WebEventListener -Trying to find Element By : By.xpath: .//section[1]//p[3]
23:33:18.542 INFO  listner.WebEventListener -Found Element By : By.xpath: .//section[1]//p[3]
23:33:18.566 INFO  listner.WebEventListener -Trying to find Element By : By.xpath: .//section[1]//p[4]
23:33:18.586 INFO  listner.WebEventListener -Found Element By : By.xpath: .//section[1]//p[4]
23:33:18.607 INFO  listner.WebEventListener -Trying to find Element By : By.xpath: .//section[1]//p[5]
23:33:18.624 INFO  listner.WebEventListener -Found Element By : By.xpath: .//section[1]//p[5]
23:33:18.645 INFO  listner.WebEventListener -Trying to find Element By : By.xpath: .//section[1]//p[6]
23:33:18.665 INFO  listner.WebEventListener -Found Element By : By.xpath: .//section[1]//p[6]
23:33:18.687 INFO  listner.WebEventListener -Trying to find Element By : By.xpath: .//section[1]//p[7]
23:33:18.707 INFO  listner.WebEventListener -Found Element By : By.xpath: .//section[1]//p[7]
23:33:23.917 INFO  listner.WebEventListener -Before navigating to: 'http://ogsys.dev.nat.bt.com/default.cfm'
23:33:29.542 INFO  listner.WebEventListener -Navigated to:'http://ogsys.dev.nat.bt.com/default.cfm'
23:33:29.553 INFO  listner.WebEventListener -Trying to find Element By : By.id: txtUniqueIdentifier
23:33:29.634 INFO  listner.WebEventListener -Found Element By : By.id: txtUniqueIdentifier
23:33:29.635 INFO  listner.WebEventListener -Before Change value of [[ChromeDriver: chrome on XP (17e1f19713f00ef984ec1c911195e9ec)] -> id: txtUniqueIdentifier]
23:33:29.736 INFO  listner.WebEventListener -After Change value of [[ChromeDriver: chrome on XP (17e1f19713f00ef984ec1c911195e9ec)] -> id: txtUniqueIdentifier]
23:33:29.738 INFO  listner.WebEventListener -Trying to find Element By : By.id: txtUniqueIdentifier
23:33:29.771 INFO  listner.WebEventListener -Found Element By : By.id: txtUniqueIdentifier
23:33:29.773 INFO  listner.WebEventListener -Before Change value of [[ChromeDriver: chrome on XP (17e1f19713f00ef984ec1c911195e9ec)] -> id: txtUniqueIdentifier]
23:33:29.796 INFO  listner.WebEventListener -After Change value of [[ChromeDriver: chrome on XP (17e1f19713f00ef984ec1c911195e9ec)] -> id: txtUniqueIdentifier]
23:33:29.797 INFO  listner.WebEventListener -Trying to find Element By : By.id: txtUniqueIdentifier
23:33:29.812 INFO  listner.WebEventListener -Found Element By : By.id: txtUniqueIdentifier
23:33:29.813 INFO  listner.WebEventListener -Before Change value of [[ChromeDriver: chrome on XP (17e1f19713f00ef984ec1c911195e9ec)] -> id: txtUniqueIdentifier]
23:33:29.919 INFO  listner.WebEventListener -After Change value of [[ChromeDriver: chrome on XP (17e1f19713f00ef984ec1c911195e9ec)] -> id: txtUniqueIdentifier]
23:33:29.929 INFO  listner.WebEventListener -Trying to find Element By : By.xpath: .//form[@name='CustEINForm']//input[@name='btnSubmit']
23:33:29.963 INFO  listner.WebEventListener -Found Element By : By.xpath: .//form[@name='CustEINForm']//input[@name='btnSubmit']
23:33:36.143 INFO  listner.WebEventListener -Trying to find Element By : By.name: PFFrame
23:33:36.189 INFO  listner.WebEventListener -Found Element By : By.name: PFFrame
23:33:36.255 INFO  listner.WebEventListener -Trying to find Element By : By.name: PFFrame
23:33:36.278 INFO  listner.WebEventListener -Found Element By : By.name: PFFrame
23:33:36.304 INFO  listner.WebEventListener -Trying to find Element By : By.xpath: .//section[1]//p[1]
23:33:36.332 INFO  listner.WebEventListener -Found Element By : By.xpath: .//section[1]//p[1]
23:33:36.361 INFO  listner.WebEventListener -Trying to find Element By : By.xpath: .//section[1]//p[2]
23:33:36.390 INFO  listner.WebEventListener -Found Element By : By.xpath: .//section[1]//p[2]
23:33:36.427 INFO  listner.WebEventListener -Trying to find Element By : By.xpath: .//section[1]//p[3]
23:33:36.453 INFO  listner.WebEventListener -Found Element By : By.xpath: .//section[1]//p[3]
23:33:36.478 INFO  listner.WebEventListener -Trying to find Element By : By.xpath: .//section[1]//p[4]
23:33:36.498 INFO  listner.WebEventListener -Found Element By : By.xpath: .//section[1]//p[4]
23:33:36.521 INFO  listner.WebEventListener -Trying to find Element By : By.xpath: .//section[1]//p[5]
23:33:36.542 INFO  listner.WebEventListener -Found Element By : By.xpath: .//section[1]//p[5]
23:33:36.567 INFO  listner.WebEventListener -Trying to find Element By : By.xpath: .//section[1]//p[6]
23:33:36.586 INFO  listner.WebEventListener -Found Element By : By.xpath: .//section[1]//p[6]
23:33:36.605 INFO  listner.WebEventListener -Trying to find Element By : By.xpath: .//section[1]//p[7]
23:33:36.625 INFO  listner.WebEventListener -Found Element By : By.xpath: .//section[1]//p[7]
23:33:36.647 INFO  listner.WebEventListener -Trying to find Element By : By.linkText: Return to the sign-in screen
23:33:36.672 INFO  listner.WebEventListener -Found Element By : By.linkText: Return to the sign-in screen
23:33:41.755 INFO  listner.WebEventListener -Trying to find Element By : By.xpath: .//form[@name='CustEINForm']/section/h2[.='Place an order']
23:33:41.810 INFO  listner.WebEventListener -Found Element By : By.xpath: .//form[@name='CustEINForm']/section/h2[.='Place an order']
23:33:41.856 INFO  listner.WebEventListener -Trying to find Element By : By.xpath: .//form[@name='CustEINForm']/section/h2[.='Place an order']
23:33:41.880 INFO  listner.WebEventListener -Found Element By : By.xpath: .//form[@name='CustEINForm']/section/h2[.='Place an order']
23:37:04.106 INFO  listner.WebEventListener -Before navigating to: 'http://ogsys.dev.nat.bt.com/default.cfm'
23:37:09.960 INFO  listner.WebEventListener -Navigated to:'http://ogsys.dev.nat.bt.com/default.cfm'
23:37:10.036 INFO  listner.WebEventListener -Trying to find Element By : By.id: txtUniqueIdentifier
23:37:10.072 INFO  listner.WebEventListener -Found Element By : By.id: txtUniqueIdentifier
23:37:10.080 INFO  listner.WebEventListener -Before Change value of [[ChromeDriver: chrome on XP (dd347542c0fbeaf9fb3591e3cf393998)] -> id: txtUniqueIdentifier]
23:37:10.141 INFO  listner.WebEventListener -After Change value of [[ChromeDriver: chrome on XP (dd347542c0fbeaf9fb3591e3cf393998)] -> id: txtUniqueIdentifier]
23:37:10.141 INFO  listner.WebEventListener -Trying to find Element By : By.id: txtUniqueIdentifier
23:37:10.167 INFO  listner.WebEventListener -Found Element By : By.id: txtUniqueIdentifier
23:37:10.168 INFO  listner.WebEventListener -Before Change value of [[ChromeDriver: chrome on XP (dd347542c0fbeaf9fb3591e3cf393998)] -> id: txtUniqueIdentifier]
23:37:10.196 INFO  listner.WebEventListener -After Change value of [[ChromeDriver: chrome on XP (dd347542c0fbeaf9fb3591e3cf393998)] -> id: txtUniqueIdentifier]
23:37:10.196 INFO  listner.WebEventListener -Trying to find Element By : By.id: txtUniqueIdentifier
23:37:10.222 INFO  listner.WebEventListener -Found Element By : By.id: txtUniqueIdentifier
23:37:10.223 INFO  listner.WebEventListener -Before Change value of [[ChromeDriver: chrome on XP (dd347542c0fbeaf9fb3591e3cf393998)] -> id: txtUniqueIdentifier]
23:37:10.343 INFO  listner.WebEventListener -After Change value of [[ChromeDriver: chrome on XP (dd347542c0fbeaf9fb3591e3cf393998)] -> id: txtUniqueIdentifier]
23:37:10.366 INFO  listner.WebEventListener -Trying to find Element By : By.xpath: .//form[@name='CustEINForm']//input[@name='btnSubmit']
23:37:10.397 INFO  listner.WebEventListener -Found Element By : By.xpath: .//form[@name='CustEINForm']//input[@name='btnSubmit']
23:37:10.464 ERROR listner.WebEventListener -Exception occured : 'unexpected alert open: {Alert text : Please enter a value for the "UIN" field.}
  (Session info: chrome=68.0.3440.106)
  (Driver info: chromedriver=2.40.565498 (ea082db3280dd6843ebfb08a625e3eb905c4f5ab),platform=Windows NT 6.3.9600 x86_64) (WARNING: The server did not provide any stacktrace information)
Command duration or timeout: 0 milliseconds: null
Build info: version: '3.11.0', revision: 'e59cfb3', time: '2018-03-11T20:26:55.152Z'
System info: host: 'BTG704839', ip: '10.111.99.180', os.name: 'Windows 8.1', os.arch: 'amd64', os.version: '6.3', java.version: '1.8.0_162'
Driver info: org.openqa.selenium.chrome.ChromeDriver
Capabilities {acceptInsecureCerts: false, acceptSslCerts: false, applicationCacheEnabled: false, browserConnectionEnabled: false, browserName: chrome, chrome: {chromedriverVersion: 2.40.565498 (ea082db3280dd6..., userDataDir: C:\Users\612092~1\AppData\L...}, cssSelectorsEnabled: true, databaseEnabled: false, handlesAlerts: true, hasTouchScreen: false, javascriptEnabled: true, locationContextEnabled: true, mobileEmulationEnabled: false, nativeEvents: true, networkConnectionEnabled: false, pageLoadStrategy: normal, platform: XP, platformName: XP, rotatable: false, setWindowRect: true, takesHeapSnapshot: true, takesScreenshot: true, unexpectedAlertBehaviour: , unhandledPromptBehavior: , version: 68.0.3440.106, webStorageEnabled: true}
Session ID: dd347542c0fbeaf9fb3591e3cf393998'
23:37:10.507 ERROR listner.WebEventListener -Exception occured : 'unexpected alert open: {Alert text : Please enter a value for the "UIN" field.}
  (Session info: chrome=68.0.3440.106)
  (Driver info: chromedriver=2.40.565498 (ea082db3280dd6843ebfb08a625e3eb905c4f5ab),platform=Windows NT 6.3.9600 x86_64) (WARNING: The server did not provide any stacktrace information)
Command duration or timeout: 0 milliseconds: null
Build info: version: '3.11.0', revision: 'e59cfb3', time: '2018-03-11T20:26:55.152Z'
System info: host: 'BTG704839', ip: '10.111.99.180', os.name: 'Windows 8.1', os.arch: 'amd64', os.version: '6.3', java.version: '1.8.0_162'
Driver info: org.openqa.selenium.chrome.ChromeDriver
Capabilities {acceptInsecureCerts: false, acceptSslCerts: false, applicationCacheEnabled: false, browserConnectionEnabled: false, browserName: chrome, chrome: {chromedriverVersion: 2.40.565498 (ea082db3280dd6..., userDataDir: C:\Users\612092~1\AppData\L...}, cssSelectorsEnabled: true, databaseEnabled: false, handlesAlerts: true, hasTouchScreen: false, javascriptEnabled: true, locationContextEnabled: true, mobileEmulationEnabled: false, nativeEvents: true, networkConnectionEnabled: false, pageLoadStrategy: normal, platform: XP, platformName: XP, rotatable: false, setWindowRect: true, takesHeapSnapshot: true, takesScreenshot: true, unexpectedAlertBehaviour: , unhandledPromptBehavior: , version: 68.0.3440.106, webStorageEnabled: true}
Session ID: dd347542c0fbeaf9fb3591e3cf393998'
23:37:25.965 INFO  listner.WebEventListener -Before navigating to: 'http://ogsys.dev.nat.bt.com/default.cfm'
23:37:31.671 INFO  listner.WebEventListener -Navigated to:'http://ogsys.dev.nat.bt.com/default.cfm'
23:37:31.759 INFO  listner.WebEventListener -Trying to find Element By : By.id: txtUniqueIdentifier
23:37:31.806 INFO  listner.WebEventListener -Found Element By : By.id: txtUniqueIdentifier
23:37:31.817 INFO  listner.WebEventListener -Before Change value of [[ChromeDriver: chrome on XP (ca9fe07527f3a1780109be7bb43ff479)] -> id: txtUniqueIdentifier]
23:37:31.900 INFO  listner.WebEventListener -After Change value of [[ChromeDriver: chrome on XP (ca9fe07527f3a1780109be7bb43ff479)] -> id: txtUniqueIdentifier]
23:37:31.901 INFO  listner.WebEventListener -Trying to find Element By : By.id: txtUniqueIdentifier
23:37:31.933 INFO  listner.WebEventListener -Found Element By : By.id: txtUniqueIdentifier
23:37:31.934 INFO  listner.WebEventListener -Before Change value of [[ChromeDriver: chrome on XP (ca9fe07527f3a1780109be7bb43ff479)] -> id: txtUniqueIdentifier]
23:37:31.960 INFO  listner.WebEventListener -After Change value of [[ChromeDriver: chrome on XP (ca9fe07527f3a1780109be7bb43ff479)] -> id: txtUniqueIdentifier]
23:37:31.961 INFO  listner.WebEventListener -Trying to find Element By : By.id: txtUniqueIdentifier
23:37:31.975 INFO  listner.WebEventListener -Found Element By : By.id: txtUniqueIdentifier
23:37:31.975 INFO  listner.WebEventListener -Before Change value of [[ChromeDriver: chrome on XP (ca9fe07527f3a1780109be7bb43ff479)] -> id: txtUniqueIdentifier]
23:37:32.087 INFO  listner.WebEventListener -After Change value of [[ChromeDriver: chrome on XP (ca9fe07527f3a1780109be7bb43ff479)] -> id: txtUniqueIdentifier]
23:37:32.099 INFO  listner.WebEventListener -Trying to find Element By : By.xpath: .//form[@name='CustEINForm']//input[@name='btnSubmit']
23:37:32.135 INFO  listner.WebEventListener -Found Element By : By.xpath: .//form[@name='CustEINForm']//input[@name='btnSubmit']
23:37:37.343 INFO  listner.WebEventListener -Trying to find Element By : By.name: PFFrame
23:37:37.385 INFO  listner.WebEventListener -Found Element By : By.name: PFFrame
23:37:37.420 INFO  listner.WebEventListener -Trying to find Element By : By.name: PFFrame
23:37:37.431 INFO  listner.WebEventListener -Found Element By : By.name: PFFrame
23:37:37.444 INFO  listner.WebEventListener -Trying to find Element By : By.xpath: .//section[1]//p[1]
23:37:37.460 INFO  listner.WebEventListener -Found Element By : By.xpath: .//section[1]//p[1]
23:37:37.483 INFO  listner.WebEventListener -Trying to find Element By : By.xpath: .//section[1]//p[2]
23:37:37.511 INFO  listner.WebEventListener -Found Element By : By.xpath: .//section[1]//p[2]
23:37:37.539 INFO  listner.WebEventListener -Trying to find Element By : By.xpath: .//section[1]//p[3]
23:37:37.562 INFO  listner.WebEventListener -Found Element By : By.xpath: .//section[1]//p[3]
23:37:37.593 INFO  listner.WebEventListener -Trying to find Element By : By.xpath: .//section[1]//p[4]
23:37:37.626 INFO  listner.WebEventListener -Found Element By : By.xpath: .//section[1]//p[4]
23:37:37.651 INFO  listner.WebEventListener -Trying to find Element By : By.xpath: .//section[1]//p[5]
23:37:37.679 INFO  listner.WebEventListener -Found Element By : By.xpath: .//section[1]//p[5]
23:37:37.710 INFO  listner.WebEventListener -Trying to find Element By : By.xpath: .//section[1]//p[6]
23:37:37.741 INFO  listner.WebEventListener -Found Element By : By.xpath: .//section[1]//p[6]
23:37:37.764 INFO  listner.WebEventListener -Trying to find Element By : By.xpath: .//section[1]//p[7]
23:37:37.783 INFO  listner.WebEventListener -Found Element By : By.xpath: .//section[1]//p[7]
23:37:37.814 INFO  listner.WebEventListener -Trying to find Element By : By.linkText: Continue
23:37:37.840 INFO  listner.WebEventListener -Found Element By : By.linkText: Continue
23:37:43.020 INFO  listner.WebEventListener -Before Navigating back to previous page: http://ogsys.dev.nat.bt.com/og2_Home.cfm?CustomerID=1794&OrderID=103593&EIN=802766791&Flag=True'
23:37:44.934 INFO  listner.WebEventListener -After Navigated back to previous page: 'http://ogsys.dev.nat.bt.com/og2_Home.cfm?CustomerID=1794&OrderID=103593&EIN=802766791&Flag=True'
23:37:44.956 INFO  listner.WebEventListener -Trying to find Element By : By.linkText: Return to the sign-in screen
23:37:50.059 ERROR listner.WebEventListener -Exception occured : 'no such element: Unable to locate element: {"method":"link text","selector":"Return to the sign-in screen"}
  (Session info: chrome=68.0.3440.106)
  (Driver info: chromedriver=2.40.565498 (ea082db3280dd6843ebfb08a625e3eb905c4f5ab),platform=Windows NT 6.3.9600 x86_64) (WARNING: The server did not provide any stacktrace information)
Command duration or timeout: 0 milliseconds
For documentation on this error, please visit: http://seleniumhq.org/exceptions/no_such_element.html
Build info: version: '3.11.0', revision: 'e59cfb3', time: '2018-03-11T20:26:55.152Z'
System info: host: 'BTG704839', ip: '10.111.99.180', os.name: 'Windows 8.1', os.arch: 'amd64', os.version: '6.3', java.version: '1.8.0_162'
Driver info: org.openqa.selenium.chrome.ChromeDriver
Capabilities {acceptInsecureCerts: false, acceptSslCerts: false, applicationCacheEnabled: false, browserConnectionEnabled: false, browserName: chrome, chrome: {chromedriverVersion: 2.40.565498 (ea082db3280dd6..., userDataDir: C:\Users\612092~1\AppData\L...}, cssSelectorsEnabled: true, databaseEnabled: false, handlesAlerts: true, hasTouchScreen: false, javascriptEnabled: true, locationContextEnabled: true, mobileEmulationEnabled: false, nativeEvents: true, networkConnectionEnabled: false, pageLoadStrategy: normal, platform: XP, platformName: XP, rotatable: false, setWindowRect: true, takesHeapSnapshot: true, takesScreenshot: true, unexpectedAlertBehaviour: , unhandledPromptBehavior: , version: 68.0.3440.106, webStorageEnabled: true}
Session ID: ca9fe07527f3a1780109be7bb43ff479
*** Element info: {Using=link text, value=Return to the sign-in screen}'
23:37:50.063 ERROR listner.WebEventListener -Exception occured : 'no such element: Unable to locate element: {"method":"link text","selector":"Return to the sign-in screen"}
  (Session info: chrome=68.0.3440.106)
  (Driver info: chromedriver=2.40.565498 (ea082db3280dd6843ebfb08a625e3eb905c4f5ab),platform=Windows NT 6.3.9600 x86_64) (WARNING: The server did not provide any stacktrace information)
Command duration or timeout: 0 milliseconds
For documentation on this error, please visit: http://seleniumhq.org/exceptions/no_such_element.html
Build info: version: '3.11.0', revision: 'e59cfb3', time: '2018-03-11T20:26:55.152Z'
System info: host: 'BTG704839', ip: '10.111.99.180', os.name: 'Windows 8.1', os.arch: 'amd64', os.version: '6.3', java.version: '1.8.0_162'
Driver info: org.openqa.selenium.chrome.ChromeDriver
Capabilities {acceptInsecureCerts: false, acceptSslCerts: false, applicationCacheEnabled: false, browserConnectionEnabled: false, browserName: chrome, chrome: {chromedriverVersion: 2.40.565498 (ea082db3280dd6..., userDataDir: C:\Users\612092~1\AppData\L...}, cssSelectorsEnabled: true, databaseEnabled: false, handlesAlerts: true, hasTouchScreen: false, javascriptEnabled: true, locationContextEnabled: true, mobileEmulationEnabled: false, nativeEvents: true, networkConnectionEnabled: false, pageLoadStrategy: normal, platform: XP, platformName: XP, rotatable: false, setWindowRect: true, takesHeapSnapshot: true, takesScreenshot: true, unexpectedAlertBehaviour: , unhandledPromptBehavior: , version: 68.0.3440.106, webStorageEnabled: true}
Session ID: ca9fe07527f3a1780109be7bb43ff479
*** Element info: {Using=link text, value=Return to the sign-in screen}'
23:37:55.223 INFO  listner.WebEventListener -Before navigating to: 'http://ogsys.dev.nat.bt.com/default.cfm'
23:38:00.641 INFO  listner.WebEventListener -Navigated to:'http://ogsys.dev.nat.bt.com/default.cfm'
23:38:00.653 INFO  listner.WebEventListener -Trying to find Element By : By.id: txtUniqueIdentifier
23:38:00.712 INFO  listner.WebEventListener -Found Element By : By.id: txtUniqueIdentifier
23:38:00.712 INFO  listner.WebEventListener -Before Change value of [[ChromeDriver: chrome on XP (e752a48249ed006501f9d0d09fb97ca0)] -> id: txtUniqueIdentifier]
23:38:00.817 INFO  listner.WebEventListener -After Change value of [[ChromeDriver: chrome on XP (e752a48249ed006501f9d0d09fb97ca0)] -> id: txtUniqueIdentifier]
23:38:00.818 INFO  listner.WebEventListener -Trying to find Element By : By.id: txtUniqueIdentifier
23:38:00.866 INFO  listner.WebEventListener -Found Element By : By.id: txtUniqueIdentifier
23:38:00.868 INFO  listner.WebEventListener -Before Change value of [[ChromeDriver: chrome on XP (e752a48249ed006501f9d0d09fb97ca0)] -> id: txtUniqueIdentifier]
23:38:00.887 INFO  listner.WebEventListener -After Change value of [[ChromeDriver: chrome on XP (e752a48249ed006501f9d0d09fb97ca0)] -> id: txtUniqueIdentifier]
23:38:00.888 INFO  listner.WebEventListener -Trying to find Element By : By.id: txtUniqueIdentifier
23:38:00.903 INFO  listner.WebEventListener -Found Element By : By.id: txtUniqueIdentifier
23:38:00.903 INFO  listner.WebEventListener -Before Change value of [[ChromeDriver: chrome on XP (e752a48249ed006501f9d0d09fb97ca0)] -> id: txtUniqueIdentifier]
23:38:01.028 INFO  listner.WebEventListener -After Change value of [[ChromeDriver: chrome on XP (e752a48249ed006501f9d0d09fb97ca0)] -> id: txtUniqueIdentifier]
23:38:01.040 INFO  listner.WebEventListener -Trying to find Element By : By.xpath: .//form[@name='CustEINForm']//input[@name='btnSubmit']
23:38:01.077 INFO  listner.WebEventListener -Found Element By : By.xpath: .//form[@name='CustEINForm']//input[@name='btnSubmit']
23:38:07.335 INFO  listner.WebEventListener -Trying to find Element By : By.name: PFFrame
23:38:07.429 INFO  listner.WebEventListener -Found Element By : By.name: PFFrame
23:38:07.513 INFO  listner.WebEventListener -Trying to find Element By : By.name: PFFrame
23:38:07.535 INFO  listner.WebEventListener -Found Element By : By.name: PFFrame
23:38:07.563 INFO  listner.WebEventListener -Trying to find Element By : By.xpath: .//section[1]//p[1]
23:38:07.593 INFO  listner.WebEventListener -Found Element By : By.xpath: .//section[1]//p[1]
23:38:07.627 INFO  listner.WebEventListener -Trying to find Element By : By.xpath: .//section[1]//p[2]
23:38:07.654 INFO  listner.WebEventListener -Found Element By : By.xpath: .//section[1]//p[2]
23:38:07.682 INFO  listner.WebEventListener -Trying to find Element By : By.xpath: .//section[1]//p[3]
23:38:07.704 INFO  listner.WebEventListener -Found Element By : By.xpath: .//section[1]//p[3]
23:38:07.725 INFO  listner.WebEventListener -Trying to find Element By : By.xpath: .//section[1]//p[4]
23:38:07.745 INFO  listner.WebEventListener -Found Element By : By.xpath: .//section[1]//p[4]
23:38:07.766 INFO  listner.WebEventListener -Trying to find Element By : By.xpath: .//section[1]//p[5]
23:38:07.789 INFO  listner.WebEventListener -Found Element By : By.xpath: .//section[1]//p[5]
23:38:07.809 INFO  listner.WebEventListener -Trying to find Element By : By.xpath: .//section[1]//p[6]
23:38:07.830 INFO  listner.WebEventListener -Found Element By : By.xpath: .//section[1]//p[6]
23:38:07.847 INFO  listner.WebEventListener -Trying to find Element By : By.xpath: .//section[1]//p[7]
23:38:07.862 INFO  listner.WebEventListener -Found Element By : By.xpath: .//section[1]//p[7]
23:38:07.878 INFO  listner.WebEventListener -Trying to find Element By : By.linkText: Continue
23:38:07.899 INFO  listner.WebEventListener -Found Element By : By.linkText: Continue
23:38:12.719 INFO  listner.WebEventListener -Before Navigating back to previous page: http://ogsys.dev.nat.bt.com/og2_Home.cfm?CustomerID=603556&OrderID=103594&EIN=612092646&Flag=True'
23:38:12.932 INFO  listner.WebEventListener -After Navigated back to previous page: 'http://ogsys.dev.nat.bt.com/og2_Home.cfm?CustomerID=603556&OrderID=103594&EIN=612092646&Flag=True'
23:38:12.941 INFO  listner.WebEventListener -Trying to find Element By : By.linkText: Return to the sign-in screen
23:38:17.969 ERROR listner.WebEventListener -Exception occured : 'no such element: Unable to locate element: {"method":"link text","selector":"Return to the sign-in screen"}
  (Session info: chrome=68.0.3440.106)
  (Driver info: chromedriver=2.40.565498 (ea082db3280dd6843ebfb08a625e3eb905c4f5ab),platform=Windows NT 6.3.9600 x86_64) (WARNING: The server did not provide any stacktrace information)
Command duration or timeout: 0 milliseconds
For documentation on this error, please visit: http://seleniumhq.org/exceptions/no_such_element.html
Build info: version: '3.11.0', revision: 'e59cfb3', time: '2018-03-11T20:26:55.152Z'
System info: host: 'BTG704839', ip: '10.111.99.180', os.name: 'Windows 8.1', os.arch: 'amd64', os.version: '6.3', java.version: '1.8.0_162'
Driver info: org.openqa.selenium.chrome.ChromeDriver
Capabilities {acceptInsecureCerts: false, acceptSslCerts: false, applicationCacheEnabled: false, browserConnectionEnabled: false, browserName: chrome, chrome: {chromedriverVersion: 2.40.565498 (ea082db3280dd6..., userDataDir: C:\Users\612092~1\AppData\L...}, cssSelectorsEnabled: true, databaseEnabled: false, handlesAlerts: true, hasTouchScreen: false, javascriptEnabled: true, locationContextEnabled: true, mobileEmulationEnabled: false, nativeEvents: true, networkConnectionEnabled: false, pageLoadStrategy: normal, platform: XP, platformName: XP, rotatable: false, setWindowRect: true, takesHeapSnapshot: true, takesScreenshot: true, unexpectedAlertBehaviour: , unhandledPromptBehavior: , version: 68.0.3440.106, webStorageEnabled: true}
Session ID: e752a48249ed006501f9d0d09fb97ca0
*** Element info: {Using=link text, value=Return to the sign-in screen}'
23:38:17.972 ERROR listner.WebEventListener -Exception occured : 'no such element: Unable to locate element: {"method":"link text","selector":"Return to the sign-in screen"}
  (Session info: chrome=68.0.3440.106)
  (Driver info: chromedriver=2.40.565498 (ea082db3280dd6843ebfb08a625e3eb905c4f5ab),platform=Windows NT 6.3.9600 x86_64) (WARNING: The server did not provide any stacktrace information)
Command duration or timeout: 0 milliseconds
For documentation on this error, please visit: http://seleniumhq.org/exceptions/no_such_element.html
Build info: version: '3.11.0', revision: 'e59cfb3', time: '2018-03-11T20:26:55.152Z'
System info: host: 'BTG704839', ip: '10.111.99.180', os.name: 'Windows 8.1', os.arch: 'amd64', os.version: '6.3', java.version: '1.8.0_162'
Driver info: org.openqa.selenium.chrome.ChromeDriver
Capabilities {acceptInsecureCerts: false, acceptSslCerts: false, applicationCacheEnabled: false, browserConnectionEnabled: false, browserName: chrome, chrome: {chromedriverVersion: 2.40.565498 (ea082db3280dd6..., userDataDir: C:\Users\612092~1\AppData\L...}, cssSelectorsEnabled: true, databaseEnabled: false, handlesAlerts: true, hasTouchScreen: false, javascriptEnabled: true, locationContextEnabled: true, mobileEmulationEnabled: false, nativeEvents: true, networkConnectionEnabled: false, pageLoadStrategy: normal, platform: XP, platformName: XP, rotatable: false, setWindowRect: true, takesHeapSnapshot: true, takesScreenshot: true, unexpectedAlertBehaviour: , unhandledPromptBehavior: , version: 68.0.3440.106, webStorageEnabled: true}
Session ID: e752a48249ed006501f9d0d09fb97ca0
*** Element info: {Using=link text, value=Return to the sign-in screen}'
23:47:10.472 INFO  listner.WebEventListener -Before navigating to: 'http://ogsys.dev.nat.bt.com/default.cfm'
23:47:16.605 INFO  listner.WebEventListener -Navigated to:'http://ogsys.dev.nat.bt.com/default.cfm'
23:47:16.710 INFO  listner.WebEventListener -Trying to find Element By : By.id: txtUniqueIdentifier
23:47:16.746 INFO  listner.WebEventListener -Found Element By : By.id: txtUniqueIdentifier
23:47:16.754 INFO  listner.WebEventListener -Before Change value of [[ChromeDriver: chrome on XP (3a45018ebee450f444e7538b20b96981)] -> id: txtUniqueIdentifier]
23:47:16.824 INFO  listner.WebEventListener -After Change value of [[ChromeDriver: chrome on XP (3a45018ebee450f444e7538b20b96981)] -> id: txtUniqueIdentifier]
23:47:16.825 INFO  listner.WebEventListener -Trying to find Element By : By.id: txtUniqueIdentifier
23:47:16.853 INFO  listner.WebEventListener -Found Element By : By.id: txtUniqueIdentifier
23:47:16.854 INFO  listner.WebEventListener -Before Change value of [[ChromeDriver: chrome on XP (3a45018ebee450f444e7538b20b96981)] -> id: txtUniqueIdentifier]
23:47:16.887 INFO  listner.WebEventListener -After Change value of [[ChromeDriver: chrome on XP (3a45018ebee450f444e7538b20b96981)] -> id: txtUniqueIdentifier]
23:47:16.887 INFO  listner.WebEventListener -Trying to find Element By : By.id: txtUniqueIdentifier
23:47:16.907 INFO  listner.WebEventListener -Found Element By : By.id: txtUniqueIdentifier
23:47:16.909 INFO  listner.WebEventListener -Before Change value of [[ChromeDriver: chrome on XP (3a45018ebee450f444e7538b20b96981)] -> id: txtUniqueIdentifier]
23:47:17.012 INFO  listner.WebEventListener -After Change value of [[ChromeDriver: chrome on XP (3a45018ebee450f444e7538b20b96981)] -> id: txtUniqueIdentifier]
23:47:17.025 INFO  listner.WebEventListener -Trying to find Element By : By.xpath: .//form[@name='CustEINForm']//input[@name='btnSubmit']
23:47:17.060 INFO  listner.WebEventListener -Found Element By : By.xpath: .//form[@name='CustEINForm']//input[@name='btnSubmit']
23:47:22.528 INFO  listner.WebEventListener -Trying to find Element By : By.name: PFFrame
23:47:22.554 INFO  listner.WebEventListener -Found Element By : By.name: PFFrame
23:47:22.589 INFO  listner.WebEventListener -Trying to find Element By : By.linkText: Continue
23:47:22.613 INFO  listner.WebEventListener -Found Element By : By.linkText: Continue
23:47:25.192 INFO  listner.WebEventListener -Trying to find Element By : By.xpath: .//h2
23:47:27.384 INFO  listner.WebEventListener -Found Element By : By.xpath: .//h2
23:47:27.419 INFO  listner.WebEventListener -Trying to find Element By : By.xpath: .//h2
23:47:27.440 INFO  listner.WebEventListener -Found Element By : By.xpath: .//h2
