17:13:44.531 INFO  listner.WebEventListener -Found Element By : By.xpath: .//input[@name='Btn_Submit']
17:13:46.598 INFO  listner.WebEventListener -Before Navigating back to previous page: http://ordergateway.intra.bt.com/Administration/DownStreamErrorResubmit.cfm?RequestTimeout=500'
17:13:46.683 INFO  listner.WebEventListener -After Navigated back to previous page: 'http://ordergateway.intra.bt.com/Administration/DownStreamError_Action.cfm?OrderID=582746&ID=650653'
17:13:46.688 INFO  listner.WebEventListener -Before Navigating back to previous page: http://ordergateway.intra.bt.com/Administration/DownStreamError_Action.cfm?OrderID=582746&ID=650653'
17:13:46.769 INFO  listner.WebEventListener -After Navigated back to previous page: 'http://ordergateway.intra.bt.com/Administration/DownStreamErrorGoto.cfm'
17:13:46.776 INFO  listner.WebEventListener -Before Navigating back to previous page: http://ordergateway.intra.bt.com/Administration/DownStreamErrorGoto.cfm'
17:13:47.094 INFO  listner.WebEventListener -After Navigated back to previous page: 'http://ordergateway.intra.bt.com/Administration/DownStreamError2.cfm'
17:13:48.099 INFO  listner.WebEventListener -Trying to find Element By : By.name: txtValue
17:13:48.105 INFO  listner.WebEventListener -Found Element By : By.name: txtValue
17:13:48.106 INFO  listner.WebEventListener -Before Change value of [[ChromeDriver: chrome on XP (1cbb9893b88d5598adfd83c9ca8c1417)] -> name: txtValue]
17:13:48.118 INFO  listner.WebEventListener -After Change value of [[ChromeDriver: chrome on XP (1cbb9893b88d5598adfd83c9ca8c1417)] -> name: txtValue]
17:13:48.118 INFO  listner.WebEventListener -Trying to find Element By : By.name: txtValue
17:13:48.126 INFO  listner.WebEventListener -Found Element By : By.name: txtValue
17:13:48.126 INFO  listner.WebEventListener -Before Change value of [[ChromeDriver: chrome on XP (1cbb9893b88d5598adfd83c9ca8c1417)] -> name: txtValue]
17:13:48.172 INFO  listner.WebEventListener -After Change value of [[ChromeDriver: chrome on XP (1cbb9893b88d5598adfd83c9ca8c1417)] -> name: txtValue]
17:13:48.172 INFO  listner.WebEventListener -Trying to find Element By : By.xpath: .//form[@name='DownStreamGoto']//input[@name='btn_Submit']
17:13:48.180 INFO  listner.WebEventListener -Found Element By : By.xpath: .//form[@name='DownStreamGoto']//input[@name='btn_Submit']
17:13:48.485 INFO  listner.WebEventListener -Trying to find Element By : By.linkText: GP583867
17:13:48.499 INFO  listner.WebEventListener -Found Element By : By.linkText: GP583867
17:13:48.840 INFO  listner.WebEventListener -Trying to find Element By : By.xpath: .//input[@name='Btn_Submit']
17:13:48.852 INFO  listner.WebEventListener -Found Element By : By.xpath: .//input[@name='Btn_Submit']
17:13:52.246 INFO  listner.WebEventListener -Before Navigating back to previous page: http://ordergateway.intra.bt.com/Administration/DownStreamErrorResubmit.cfm?RequestTimeout=500'
17:13:52.324 INFO  listner.WebEventListener -After Navigated back to previous page: 'http://ordergateway.intra.bt.com/Administration/DownStreamError_Action.cfm?OrderID=583867&ID=650653'
17:13:52.332 INFO  listner.WebEventListener -Before Navigating back to previous page: http://ordergateway.intra.bt.com/Administration/DownStreamError_Action.cfm?OrderID=583867&ID=650653'
17:13:52.404 INFO  listner.WebEventListener -After Navigated back to previous page: 'http://ordergateway.intra.bt.com/Administration/DownStreamErrorGoto.cfm'
17:13:52.413 INFO  listner.WebEventListener -Before Navigating back to previous page: http://ordergateway.intra.bt.com/Administration/DownStreamErrorGoto.cfm'
17:13:52.761 INFO  listner.WebEventListener -After Navigated back to previous page: 'http://ordergateway.intra.bt.com/Administration/DownStreamError2.cfm'
17:13:53.766 INFO  listner.WebEventListener -Trying to find Element By : By.name: txtValue
17:13:53.780 INFO  listner.WebEventListener -Found Element By : By.name: txtValue
17:13:53.780 INFO  listner.WebEventListener -Before Change value of [[ChromeDriver: chrome on XP (1cbb9893b88d5598adfd83c9ca8c1417)] -> name: txtValue]
17:13:53.808 INFO  listner.WebEventListener -After Change value of [[ChromeDriver: chrome on XP (1cbb9893b88d5598adfd83c9ca8c1417)] -> name: txtValue]
17:13:53.808 INFO  listner.WebEventListener -Trying to find Element By : By.name: txtValue
17:13:53.815 INFO  listner.WebEventListener -Found Element By : By.name: txtValue
17:13:53.815 INFO  listner.WebEventListener -Before Change value of [[ChromeDriver: chrome on XP (1cbb9893b88d5598adfd83c9ca8c1417)] -> name: txtValue]
17:13:53.864 INFO  listner.WebEventListener -After Change value of [[ChromeDriver: chrome on XP (1cbb9893b88d5598adfd83c9ca8c1417)] -> name: txtValue]
17:13:53.864 INFO  listner.WebEventListener -Trying to find Element By : By.xpath: .//form[@name='DownStreamGoto']//input[@name='btn_Submit']
17:13:53.869 INFO  listner.WebEventListener -Found Element By : By.xpath: .//form[@name='DownStreamGoto']//input[@name='btn_Submit']
17:13:54.119 INFO  listner.WebEventListener -Trying to find Element By : By.linkText: GP583868
17:13:54.132 INFO  listner.WebEventListener -Found Element By : By.linkText: GP583868
17:13:54.468 INFO  listner.WebEventListener -Trying to find Element By : By.xpath: .//input[@name='Btn_Submit']
17:13:54.480 INFO  listner.WebEventListener -Found Element By : By.xpath: .//input[@name='Btn_Submit']
17:13:57.577 INFO  listner.WebEventListener -Before Navigating back to previous page: http://ordergateway.intra.bt.com/Administration/DownStreamErrorResubmit.cfm?RequestTimeout=500'
17:13:57.659 INFO  listner.WebEventListener -After Navigated back to previous page: 'http://ordergateway.intra.bt.com/Administration/DownStreamError_Action.cfm?OrderID=583868&ID=650653'
17:13:57.667 INFO  listner.WebEventListener -Before Navigating back to previous page: http://ordergateway.intra.bt.com/Administration/DownStreamError_Action.cfm?OrderID=583868&ID=650653'
17:13:57.751 INFO  listner.WebEventListener -After Navigated back to previous page: 'http://ordergateway.intra.bt.com/Administration/DownStreamErrorGoto.cfm'
17:13:57.758 INFO  listner.WebEventListener -Before Navigating back to previous page: http://ordergateway.intra.bt.com/Administration/DownStreamErrorGoto.cfm'
17:13:58.073 INFO  listner.WebEventListener -After Navigated back to previous page: 'http://ordergateway.intra.bt.com/Administration/DownStreamError2.cfm'
17:13:59.078 INFO  listner.WebEventListener -Trying to find Element By : By.name: txtValue
17:13:59.096 INFO  listner.WebEventListener -Found Element By : By.name: txtValue
17:13:59.096 INFO  listner.WebEventListener -Before Change value of [[ChromeDriver: chrome on XP (1cbb9893b88d5598adfd83c9ca8c1417)] -> name: txtValue]
17:13:59.129 INFO  listner.WebEventListener -After Change value of [[ChromeDriver: chrome on XP (1cbb9893b88d5598adfd83c9ca8c1417)] -> name: txtValue]
17:13:59.129 INFO  listner.WebEventListener -Trying to find Element By : By.name: txtValue
17:13:59.137 INFO  listner.WebEventListener -Found Element By : By.name: txtValue
17:13:59.137 INFO  listner.WebEventListener -Before Change value of [[ChromeDriver: chrome on XP (1cbb9893b88d5598adfd83c9ca8c1417)] -> name: txtValue]
17:13:59.180 INFO  listner.WebEventListener -After Change value of [[ChromeDriver: chrome on XP (1cbb9893b88d5598adfd83c9ca8c1417)] -> name: txtValue]
17:13:59.180 INFO  listner.WebEventListener -Trying to find Element By : By.xpath: .//form[@name='DownStreamGoto']//input[@name='btn_Submit']
17:13:59.186 INFO  listner.WebEventListener -Found Element By : By.xpath: .//form[@name='DownStreamGoto']//input[@name='btn_Submit']
17:13:59.510 INFO  listner.WebEventListener -Trying to find Element By : By.linkText: GP585823
17:13:59.524 INFO  listner.WebEventListener -Found Element By : By.linkText: GP585823
17:13:59.931 INFO  listner.WebEventListener -Trying to find Element By : By.xpath: .//input[@name='Btn_Submit']
17:13:59.948 INFO  listner.WebEventListener -Found Element By : By.xpath: .//input[@name='Btn_Submit']
17:14:02.749 INFO  listner.WebEventListener -Before Navigating back to previous page: http://ordergateway.intra.bt.com/Administration/DownStreamErrorResubmit.cfm?RequestTimeout=500'
17:14:02.829 INFO  listner.WebEventListener -After Navigated back to previous page: 'http://ordergateway.intra.bt.com/Administration/DownStreamError_Action.cfm?OrderID=585823&ID=650653'
17:14:02.837 INFO  listner.WebEventListener -Before Navigating back to previous page: http://ordergateway.intra.bt.com/Administration/DownStreamError_Action.cfm?OrderID=585823&ID=650653'
17:14:02.908 INFO  listner.WebEventListener -After Navigated back to previous page: 'http://ordergateway.intra.bt.com/Administration/DownStreamErrorGoto.cfm'
17:14:02.913 INFO  listner.WebEventListener -Before Navigating back to previous page: http://ordergateway.intra.bt.com/Administration/DownStreamErrorGoto.cfm'
17:14:03.248 INFO  listner.WebEventListener -After Navigated back to previous page: 'http://ordergateway.intra.bt.com/Administration/DownStreamError2.cfm'
17:14:04.253 INFO  listner.WebEventListener -Trying to find Element By : By.name: txtValue
17:14:04.267 INFO  listner.WebEventListener -Found Element By : By.name: txtValue
17:14:04.267 INFO  listner.WebEventListener -Before Change value of [[ChromeDriver: chrome on XP (1cbb9893b88d5598adfd83c9ca8c1417)] -> name: txtValue]
17:14:04.287 INFO  listner.WebEventListener -After Change value of [[ChromeDriver: chrome on XP (1cbb9893b88d5598adfd83c9ca8c1417)] -> name: txtValue]
17:14:04.287 INFO  listner.WebEventListener -Trying to find Element By : By.name: txtValue
17:14:04.292 INFO  listner.WebEventListener -Found Element By : By.name: txtValue
17:14:04.292 INFO  listner.WebEventListener -Before Change value of [[ChromeDriver: chrome on XP (1cbb9893b88d5598adfd83c9ca8c1417)] -> name: txtValue]
17:14:04.336 INFO  listner.WebEventListener -After Change value of [[ChromeDriver: chrome on XP (1cbb9893b88d5598adfd83c9ca8c1417)] -> name: txtValue]
17:14:04.336 INFO  listner.WebEventListener -Trying to find Element By : By.xpath: .//form[@name='DownStreamGoto']//input[@name='btn_Submit']
17:14:04.343 INFO  listner.WebEventListener -Found Element By : By.xpath: .//form[@name='DownStreamGoto']//input[@name='btn_Submit']
17:14:04.621 INFO  listner.WebEventListener -Trying to find Element By : By.linkText: GP585830
17:14:04.634 INFO  listner.WebEventListener -Found Element By : By.linkText: GP585830
17:14:04.945 INFO  listner.WebEventListener -Trying to find Element By : By.xpath: .//input[@name='Btn_Submit']
17:14:04.953 INFO  listner.WebEventListener -Found Element By : By.xpath: .//input[@name='Btn_Submit']
17:14:07.592 INFO  listner.WebEventListener -Before Navigating back to previous page: http://ordergateway.intra.bt.com/Administration/DownStreamErrorResubmit.cfm?RequestTimeout=500'
17:14:07.671 INFO  listner.WebEventListener -After Navigated back to previous page: 'http://ordergateway.intra.bt.com/Administration/DownStreamError_Action.cfm?OrderID=585830&ID=650653'
17:14:07.676 INFO  listner.WebEventListener -Before Navigating back to previous page: http://ordergateway.intra.bt.com/Administration/DownStreamError_Action.cfm?OrderID=585830&ID=650653'
17:14:07.757 INFO  listner.WebEventListener -After Navigated back to previous page: 'http://ordergateway.intra.bt.com/Administration/DownStreamErrorGoto.cfm'
17:14:07.762 INFO  listner.WebEventListener -Before Navigating back to previous page: http://ordergateway.intra.bt.com/Administration/DownStreamErrorGoto.cfm'
17:14:08.082 INFO  listner.WebEventListener -After Navigated back to previous page: 'http://ordergateway.intra.bt.com/Administration/DownStreamError2.cfm'
17:14:09.086 INFO  listner.WebEventListener -Trying to find Element By : By.name: txtValue
17:14:09.095 INFO  listner.WebEventListener -Found Element By : By.name: txtValue
17:14:09.095 INFO  listner.WebEventListener -Before Change value of [[ChromeDriver: chrome on XP (1cbb9893b88d5598adfd83c9ca8c1417)] -> name: txtValue]
17:14:09.107 INFO  listner.WebEventListener -After Change value of [[ChromeDriver: chrome on XP (1cbb9893b88d5598adfd83c9ca8c1417)] -> name: txtValue]
17:14:09.108 INFO  listner.WebEventListener -Trying to find Element By : By.name: txtValue
17:14:09.116 INFO  listner.WebEventListener -Found Element By : By.name: txtValue
17:14:09.116 INFO  listner.WebEventListener -Before Change value of [[ChromeDriver: chrome on XP (1cbb9893b88d5598adfd83c9ca8c1417)] -> name: txtValue]
17:14:09.158 INFO  listner.WebEventListener -After Change value of [[ChromeDriver: chrome on XP (1cbb9893b88d5598adfd83c9ca8c1417)] -> name: txtValue]
17:14:09.159 INFO  listner.WebEventListener -Trying to find Element By : By.xpath: .//form[@name='DownStreamGoto']//input[@name='btn_Submit']
17:14:09.165 INFO  listner.WebEventListener -Found Element By : By.xpath: .//form[@name='DownStreamGoto']//input[@name='btn_Submit']
17:14:09.415 INFO  listner.WebEventListener -Trying to find Element By : By.linkText: GP586894
17:14:09.428 INFO  listner.WebEventListener -Found Element By : By.linkText: GP586894
17:14:09.696 INFO  listner.WebEventListener -Trying to find Element By : By.xpath: .//input[@name='Btn_Submit']
17:14:09.705 INFO  listner.WebEventListener -Found Element By : By.xpath: .//input[@name='Btn_Submit']
17:14:11.746 INFO  listner.WebEventListener -Before Navigating back to previous page: http://ordergateway.intra.bt.com/Administration/DownStreamErrorResubmit.cfm?RequestTimeout=500'
17:14:11.829 INFO  listner.WebEventListener -After Navigated back to previous page: 'http://ordergateway.intra.bt.com/Administration/DownStreamError_Action.cfm?OrderID=586894&ID=650653'
17:14:11.837 INFO  listner.WebEventListener -Before Navigating back to previous page: http://ordergateway.intra.bt.com/Administration/DownStreamError_Action.cfm?OrderID=586894&ID=650653'
17:14:11.923 INFO  listner.WebEventListener -After Navigated back to previous page: 'http://ordergateway.intra.bt.com/Administration/DownStreamErrorGoto.cfm'
17:14:11.929 INFO  listner.WebEventListener -Before Navigating back to previous page: http://ordergateway.intra.bt.com/Administration/DownStreamErrorGoto.cfm'
17:14:12.415 INFO  listner.WebEventListener -After Navigated back to previous page: 'http://ordergateway.intra.bt.com/Administration/DownStreamError2.cfm'
17:14:13.421 INFO  listner.WebEventListener -Trying to find Element By : By.name: txtValue
17:14:13.428 INFO  listner.WebEventListener -Found Element By : By.name: txtValue
17:14:13.428 INFO  listner.WebEventListener -Before Change value of [[ChromeDriver: chrome on XP (1cbb9893b88d5598adfd83c9ca8c1417)] -> name: txtValue]
17:14:13.440 INFO  listner.WebEventListener -After Change value of [[ChromeDriver: chrome on XP (1cbb9893b88d5598adfd83c9ca8c1417)] -> name: txtValue]
17:14:13.440 INFO  listner.WebEventListener -Trying to find Element By : By.name: txtValue
17:14:13.447 INFO  listner.WebEventListener -Found Element By : By.name: txtValue
17:14:13.448 INFO  listner.WebEventListener -Before Change value of [[ChromeDriver: chrome on XP (1cbb9893b88d5598adfd83c9ca8c1417)] -> name: txtValue]
17:14:13.489 INFO  listner.WebEventListener -After Change value of [[ChromeDriver: chrome on XP (1cbb9893b88d5598adfd83c9ca8c1417)] -> name: txtValue]
17:14:13.489 INFO  listner.WebEventListener -Trying to find Element By : By.xpath: .//form[@name='DownStreamGoto']//input[@name='btn_Submit']
17:14:13.495 INFO  listner.WebEventListener -Found Element By : By.xpath: .//form[@name='DownStreamGoto']//input[@name='btn_Submit']
17:14:13.797 INFO  listner.WebEventListener -Trying to find Element By : By.linkText: GP586961
17:14:13.809 INFO  listner.WebEventListener -Found Element By : By.linkText: GP586961
17:14:14.097 INFO  listner.WebEventListener -Trying to find Element By : By.xpath: .//input[@name='Btn_Submit']
17:14:14.106 INFO  listner.WebEventListener -Found Element By : By.xpath: .//input[@name='Btn_Submit']
17:14:17.689 INFO  listner.WebEventListener -Before Navigating back to previous page: http://ordergateway.intra.bt.com/Administration/DownStreamErrorResubmit.cfm?RequestTimeout=500'
17:14:17.779 INFO  listner.WebEventListener -After Navigated back to previous page: 'http://ordergateway.intra.bt.com/Administration/DownStreamError_Action.cfm?OrderID=586961&ID=650653'
17:14:17.786 INFO  listner.WebEventListener -Before Navigating back to previous page: http://ordergateway.intra.bt.com/Administration/DownStreamError_Action.cfm?OrderID=586961&ID=650653'
17:14:17.860 INFO  listner.WebEventListener -After Navigated back to previous page: 'http://ordergateway.intra.bt.com/Administration/DownStreamErrorGoto.cfm'
17:14:17.867 INFO  listner.WebEventListener -Before Navigating back to previous page: http://ordergateway.intra.bt.com/Administration/DownStreamErrorGoto.cfm'
17:14:18.201 INFO  listner.WebEventListener -After Navigated back to previous page: 'http://ordergateway.intra.bt.com/Administration/DownStreamError2.cfm'
17:14:19.203 INFO  listner.WebEventListener -Trying to find Element By : By.name: txtValue
17:14:19.211 INFO  listner.WebEventListener -Found Element By : By.name: txtValue
17:14:19.211 INFO  listner.WebEventListener -Before Change value of [[ChromeDriver: chrome on XP (1cbb9893b88d5598adfd83c9ca8c1417)] -> name: txtValue]
17:14:19.225 INFO  listner.WebEventListener -After Change value of [[ChromeDriver: chrome on XP (1cbb9893b88d5598adfd83c9ca8c1417)] -> name: txtValue]
17:14:19.225 INFO  listner.WebEventListener -Trying to find Element By : By.name: txtValue
17:14:19.231 INFO  listner.WebEventListener -Found Element By : By.name: txtValue
17:14:19.231 INFO  listner.WebEventListener -Before Change value of [[ChromeDriver: chrome on XP (1cbb9893b88d5598adfd83c9ca8c1417)] -> name: txtValue]
17:14:19.281 INFO  listner.WebEventListener -After Change value of [[ChromeDriver: chrome on XP (1cbb9893b88d5598adfd83c9ca8c1417)] -> name: txtValue]
17:14:19.281 INFO  listner.WebEventListener -Trying to find Element By : By.xpath: .//form[@name='DownStreamGoto']//input[@name='btn_Submit']
17:14:19.289 INFO  listner.WebEventListener -Found Element By : By.xpath: .//form[@name='DownStreamGoto']//input[@name='btn_Submit']
17:14:19.576 INFO  listner.WebEventListener -Trying to find Element By : By.linkText: GP587141
17:14:19.592 INFO  listner.WebEventListener -Found Element By : By.linkText: GP587141
17:14:19.947 INFO  listner.WebEventListener -Trying to find Element By : By.xpath: .//input[@name='Btn_Submit']
17:14:19.955 INFO  listner.WebEventListener -Found Element By : By.xpath: .//input[@name='Btn_Submit']
17:14:23.305 INFO  listner.WebEventListener -Before Navigating back to previous page: http://ordergateway.intra.bt.com/Administration/DownStreamErrorResubmit.cfm?RequestTimeout=500'
17:14:23.380 INFO  listner.WebEventListener -After Navigated back to previous page: 'http://ordergateway.intra.bt.com/Administration/DownStreamError_Action.cfm?OrderID=587141&ID=650653'
17:14:23.386 INFO  listner.WebEventListener -Before Navigating back to previous page: http://ordergateway.intra.bt.com/Administration/DownStreamError_Action.cfm?OrderID=587141&ID=650653'
17:14:23.474 INFO  listner.WebEventListener -After Navigated back to previous page: 'http://ordergateway.intra.bt.com/Administration/DownStreamErrorGoto.cfm'
17:14:23.482 INFO  listner.WebEventListener -Before Navigating back to previous page: http://ordergateway.intra.bt.com/Administration/DownStreamErrorGoto.cfm'
17:14:23.893 INFO  listner.WebEventListener -After Navigated back to previous page: 'http://ordergateway.intra.bt.com/Administration/DownStreamError2.cfm'
17:14:24.903 INFO  listner.WebEventListener -Trying to find Element By : By.name: txtValue
17:14:24.910 INFO  listner.WebEventListener -Found Element By : By.name: txtValue
17:14:24.910 INFO  listner.WebEventListener -Before Change value of [[ChromeDriver: chrome on XP (1cbb9893b88d5598adfd83c9ca8c1417)] -> name: txtValue]
17:14:24.924 INFO  listner.WebEventListener -After Change value of [[ChromeDriver: chrome on XP (1cbb9893b88d5598adfd83c9ca8c1417)] -> name: txtValue]
17:14:24.924 INFO  listner.WebEventListener -Trying to find Element By : By.name: txtValue
17:14:24.931 INFO  listner.WebEventListener -Found Element By : By.name: txtValue
17:14:24.931 INFO  listner.WebEventListener -Before Change value of [[ChromeDriver: chrome on XP (1cbb9893b88d5598adfd83c9ca8c1417)] -> name: txtValue]
17:14:24.979 INFO  listner.WebEventListener -After Change value of [[ChromeDriver: chrome on XP (1cbb9893b88d5598adfd83c9ca8c1417)] -> name: txtValue]
17:14:24.980 INFO  listner.WebEventListener -Trying to find Element By : By.xpath: .//form[@name='DownStreamGoto']//input[@name='btn_Submit']
17:14:24.985 INFO  listner.WebEventListener -Found Element By : By.xpath: .//form[@name='DownStreamGoto']//input[@name='btn_Submit']
17:14:25.290 INFO  listner.WebEventListener -Trying to find Element By : By.linkText: GP592484
17:14:25.301 INFO  listner.WebEventListener -Found Element By : By.linkText: GP592484
17:14:25.613 INFO  listner.WebEventListener -Trying to find Element By : By.xpath: .//input[@name='Btn_Submit']
17:14:25.619 INFO  listner.WebEventListener -Found Element By : By.xpath: .//input[@name='Btn_Submit']
17:14:29.283 INFO  listner.WebEventListener -Before Navigating back to previous page: http://ordergateway.intra.bt.com/Administration/DownStreamErrorResubmit.cfm?RequestTimeout=500'
17:14:29.366 INFO  listner.WebEventListener -After Navigated back to previous page: 'http://ordergateway.intra.bt.com/Administration/DownStreamError_Action.cfm?OrderID=592484&ID=650653'
17:14:29.373 INFO  listner.WebEventListener -Before Navigating back to previous page: http://ordergateway.intra.bt.com/Administration/DownStreamError_Action.cfm?OrderID=592484&ID=650653'
17:14:29.447 INFO  listner.WebEventListener -After Navigated back to previous page: 'http://ordergateway.intra.bt.com/Administration/DownStreamErrorGoto.cfm'
17:14:29.451 INFO  listner.WebEventListener -Before Navigating back to previous page: http://ordergateway.intra.bt.com/Administration/DownStreamErrorGoto.cfm'
17:14:29.768 INFO  listner.WebEventListener -After Navigated back to previous page: 'http://ordergateway.intra.bt.com/Administration/DownStreamError2.cfm'
17:14:30.773 INFO  listner.WebEventListener -Trying to find Element By : By.name: txtValue
17:14:30.783 INFO  listner.WebEventListener -Found Element By : By.name: txtValue
17:14:30.783 INFO  listner.WebEventListener -Before Change value of [[ChromeDriver: chrome on XP (1cbb9893b88d5598adfd83c9ca8c1417)] -> name: txtValue]
17:14:30.796 INFO  listner.WebEventListener -After Change value of [[ChromeDriver: chrome on XP (1cbb9893b88d5598adfd83c9ca8c1417)] -> name: txtValue]
17:14:30.796 INFO  listner.WebEventListener -Trying to find Element By : By.name: txtValue
17:14:30.801 INFO  listner.WebEventListener -Found Element By : By.name: txtValue
17:14:30.802 INFO  listner.WebEventListener -Before Change value of [[ChromeDriver: chrome on XP (1cbb9893b88d5598adfd83c9ca8c1417)] -> name: txtValue]
17:14:30.852 INFO  listner.WebEventListener -After Change value of [[ChromeDriver: chrome on XP (1cbb9893b88d5598adfd83c9ca8c1417)] -> name: txtValue]
17:14:30.852 INFO  listner.WebEventListener -Trying to find Element By : By.xpath: .//form[@name='DownStreamGoto']//input[@name='btn_Submit']
17:14:30.861 INFO  listner.WebEventListener -Found Element By : By.xpath: .//form[@name='DownStreamGoto']//input[@name='btn_Submit']
17:14:31.112 INFO  listner.WebEventListener -Trying to find Element By : By.linkText: GP615330
17:14:31.126 INFO  listner.WebEventListener -Found Element By : By.linkText: GP615330
17:14:31.416 INFO  listner.WebEventListener -Trying to find Element By : By.xpath: .//input[@name='Btn_Submit']
17:14:31.425 INFO  listner.WebEventListener -Found Element By : By.xpath: .//input[@name='Btn_Submit']
17:14:33.386 INFO  listner.WebEventListener -Before Navigating back to previous page: http://ordergateway.intra.bt.com/Administration/DownStreamErrorResubmit.cfm?RequestTimeout=500'
17:14:33.462 INFO  listner.WebEventListener -After Navigated back to previous page: 'http://ordergateway.intra.bt.com/Administration/DownStreamError_Action.cfm?OrderID=615330&ID=650653'
17:14:33.468 INFO  listner.WebEventListener -Before Navigating back to previous page: http://ordergateway.intra.bt.com/Administration/DownStreamError_Action.cfm?OrderID=615330&ID=650653'
17:14:33.539 INFO  listner.WebEventListener -After Navigated back to previous page: 'http://ordergateway.intra.bt.com/Administration/DownStreamErrorGoto.cfm'
17:14:33.546 INFO  listner.WebEventListener -Before Navigating back to previous page: http://ordergateway.intra.bt.com/Administration/DownStreamErrorGoto.cfm'
17:14:33.842 INFO  listner.WebEventListener -After Navigated back to previous page: 'http://ordergateway.intra.bt.com/Administration/DownStreamError2.cfm'
17:14:34.845 INFO  listner.WebEventListener -Trying to find Element By : By.name: txtValue
17:14:34.856 INFO  listner.WebEventListener -Found Element By : By.name: txtValue
17:14:34.857 INFO  listner.WebEventListener -Before Change value of [[ChromeDriver: chrome on XP (1cbb9893b88d5598adfd83c9ca8c1417)] -> name: txtValue]
17:14:34.871 INFO  listner.WebEventListener -After Change value of [[ChromeDriver: chrome on XP (1cbb9893b88d5598adfd83c9ca8c1417)] -> name: txtValue]
17:14:34.871 INFO  listner.WebEventListener -Trying to find Element By : By.name: txtValue
17:14:34.877 INFO  listner.WebEventListener -Found Element By : By.name: txtValue
17:14:34.877 INFO  listner.WebEventListener -Before Change value of [[ChromeDriver: chrome on XP (1cbb9893b88d5598adfd83c9ca8c1417)] -> name: txtValue]
17:14:34.922 INFO  listner.WebEventListener -After Change value of [[ChromeDriver: chrome on XP (1cbb9893b88d5598adfd83c9ca8c1417)] -> name: txtValue]
17:14:34.922 INFO  listner.WebEventListener -Trying to find Element By : By.xpath: .//form[@name='DownStreamGoto']//input[@name='btn_Submit']
17:14:34.928 INFO  listner.WebEventListener -Found Element By : By.xpath: .//form[@name='DownStreamGoto']//input[@name='btn_Submit']
17:14:35.189 INFO  listner.WebEventListener -Trying to find Element By : By.linkText: GP615795
17:14:35.202 INFO  listner.WebEventListener -Found Element By : By.linkText: GP615795
17:14:35.486 INFO  listner.WebEventListener -Trying to find Element By : By.xpath: .//input[@name='Btn_Submit']
17:14:35.494 INFO  listner.WebEventListener -Found Element By : By.xpath: .//input[@name='Btn_Submit']
17:14:36.231 INFO  listner.WebEventListener -Before Navigating back to previous page: http://ordergateway.intra.bt.com/Administration/DownStreamErrorResubmit.cfm?RequestTimeout=500'
17:14:36.323 INFO  listner.WebEventListener -After Navigated back to previous page: 'http://ordergateway.intra.bt.com/Administration/DownStreamError_Action.cfm?OrderID=615795&ID=650653'
17:14:36.329 INFO  listner.WebEventListener -Before Navigating back to previous page: http://ordergateway.intra.bt.com/Administration/DownStreamError_Action.cfm?OrderID=615795&ID=650653'
17:14:36.414 INFO  listner.WebEventListener -After Navigated back to previous page: 'http://ordergateway.intra.bt.com/Administration/DownStreamErrorGoto.cfm'
17:14:36.424 INFO  listner.WebEventListener -Before Navigating back to previous page: http://ordergateway.intra.bt.com/Administration/DownStreamErrorGoto.cfm'
17:14:36.738 INFO  listner.WebEventListener -After Navigated back to previous page: 'http://ordergateway.intra.bt.com/Administration/DownStreamError2.cfm'
17:14:37.745 INFO  listner.WebEventListener -Trying to find Element By : By.name: txtValue
17:14:37.765 INFO  listner.WebEventListener -Found Element By : By.name: txtValue
17:14:37.765 INFO  listner.WebEventListener -Before Change value of [[ChromeDriver: chrome on XP (1cbb9893b88d5598adfd83c9ca8c1417)] -> name: txtValue]
17:14:37.789 INFO  listner.WebEventListener -After Change value of [[ChromeDriver: chrome on XP (1cbb9893b88d5598adfd83c9ca8c1417)] -> name: txtValue]
17:14:37.789 INFO  listner.WebEventListener -Trying to find Element By : By.name: txtValue
17:14:37.795 INFO  listner.WebEventListener -Found Element By : By.name: txtValue
17:14:37.796 INFO  listner.WebEventListener -Before Change value of [[ChromeDriver: chrome on XP (1cbb9893b88d5598adfd83c9ca8c1417)] -> name: txtValue]
17:14:37.844 INFO  listner.WebEventListener -After Change value of [[ChromeDriver: chrome on XP (1cbb9893b88d5598adfd83c9ca8c1417)] -> name: txtValue]
17:14:37.844 INFO  listner.WebEventListener -Trying to find Element By : By.xpath: .//form[@name='DownStreamGoto']//input[@name='btn_Submit']
17:14:37.851 INFO  listner.WebEventListener -Found Element By : By.xpath: .//form[@name='DownStreamGoto']//input[@name='btn_Submit']
17:14:38.181 INFO  listner.WebEventListener -Trying to find Element By : By.linkText: GP616771
17:14:38.194 INFO  listner.WebEventListener -Found Element By : By.linkText: GP616771
17:14:38.470 INFO  listner.WebEventListener -Trying to find Element By : By.xpath: .//input[@name='Btn_Submit']
17:14:38.477 INFO  listner.WebEventListener -Found Element By : By.xpath: .//input[@name='Btn_Submit']
17:14:40.489 INFO  listner.WebEventListener -Before Navigating back to previous page: http://ordergateway.intra.bt.com/Administration/DownStreamErrorResubmit.cfm?RequestTimeout=500'
17:14:40.575 INFO  listner.WebEventListener -After Navigated back to previous page: 'http://ordergateway.intra.bt.com/Administration/DownStreamError_Action.cfm?OrderID=616771&ID=650653'
17:14:40.583 INFO  listner.WebEventListener -Before Navigating back to previous page: http://ordergateway.intra.bt.com/Administration/DownStreamError_Action.cfm?OrderID=616771&ID=650653'
17:14:40.656 INFO  listner.WebEventListener -After Navigated back to previous page: 'http://ordergateway.intra.bt.com/Administration/DownStreamErrorGoto.cfm'
17:14:40.662 INFO  listner.WebEventListener -Before Navigating back to previous page: http://ordergateway.intra.bt.com/Administration/DownStreamErrorGoto.cfm'
17:14:40.973 INFO  listner.WebEventListener -After Navigated back to previous page: 'http://ordergateway.intra.bt.com/Administration/DownStreamError2.cfm'
17:14:41.977 INFO  listner.WebEventListener -Trying to find Element By : By.name: txtValue
17:14:41.985 INFO  listner.WebEventListener -Found Element By : By.name: txtValue
17:14:41.985 INFO  listner.WebEventListener -Before Change value of [[ChromeDriver: chrome on XP (1cbb9893b88d5598adfd83c9ca8c1417)] -> name: txtValue]
17:14:41.998 INFO  listner.WebEventListener -After Change value of [[ChromeDriver: chrome on XP (1cbb9893b88d5598adfd83c9ca8c1417)] -> name: txtValue]
17:14:41.998 INFO  listner.WebEventListener -Trying to find Element By : By.name: txtValue
17:14:42.004 INFO  listner.WebEventListener -Found Element By : By.name: txtValue
17:14:42.004 INFO  listner.WebEventListener -Before Change value of [[ChromeDriver: chrome on XP (1cbb9893b88d5598adfd83c9ca8c1417)] -> name: txtValue]
17:14:42.052 INFO  listner.WebEventListener -After Change value of [[ChromeDriver: chrome on XP (1cbb9893b88d5598adfd83c9ca8c1417)] -> name: txtValue]
17:14:42.052 INFO  listner.WebEventListener -Trying to find Element By : By.xpath: .//form[@name='DownStreamGoto']//input[@name='btn_Submit']
17:14:42.058 INFO  listner.WebEventListener -Found Element By : By.xpath: .//form[@name='DownStreamGoto']//input[@name='btn_Submit']
17:14:42.442 INFO  listner.WebEventListener -Trying to find Element By : By.linkText: GP618189
17:14:42.459 INFO  listner.WebEventListener -Found Element By : By.linkText: GP618189
17:14:42.839 INFO  listner.WebEventListener -Trying to find Element By : By.xpath: .//input[@name='Btn_Submit']
17:14:42.845 INFO  listner.WebEventListener -Found Element By : By.xpath: .//input[@name='Btn_Submit']
17:14:44.091 INFO  listner.WebEventListener -Before Navigating back to previous page: http://ordergateway.intra.bt.com/Administration/DownStreamErrorResubmit.cfm?RequestTimeout=500'
17:14:44.163 INFO  listner.WebEventListener -After Navigated back to previous page: 'http://ordergateway.intra.bt.com/Administration/DownStreamError_Action.cfm?OrderID=618189&ID=650653'
17:14:44.170 INFO  listner.WebEventListener -Before Navigating back to previous page: http://ordergateway.intra.bt.com/Administration/DownStreamError_Action.cfm?OrderID=618189&ID=650653'
17:14:44.238 INFO  listner.WebEventListener -After Navigated back to previous page: 'http://ordergateway.intra.bt.com/Administration/DownStreamErrorGoto.cfm'
17:14:44.243 INFO  listner.WebEventListener -Before Navigating back to previous page: http://ordergateway.intra.bt.com/Administration/DownStreamErrorGoto.cfm'
17:14:44.556 INFO  listner.WebEventListener -After Navigated back to previous page: 'http://ordergateway.intra.bt.com/Administration/DownStreamError2.cfm'
17:14:45.563 INFO  listner.WebEventListener -Trying to find Element By : By.name: txtValue
17:14:45.578 INFO  listner.WebEventListener -Found Element By : By.name: txtValue
17:14:45.578 INFO  listner.WebEventListener -Before Change value of [[ChromeDriver: chrome on XP (1cbb9893b88d5598adfd83c9ca8c1417)] -> name: txtValue]
17:14:45.590 INFO  listner.WebEventListener -After Change value of [[ChromeDriver: chrome on XP (1cbb9893b88d5598adfd83c9ca8c1417)] -> name: txtValue]
17:14:45.590 INFO  listner.WebEventListener -Trying to find Element By : By.name: txtValue
17:14:45.598 INFO  listner.WebEventListener -Found Element By : By.name: txtValue
17:14:45.598 INFO  listner.WebEventListener -Before Change value of [[ChromeDriver: chrome on XP (1cbb9893b88d5598adfd83c9ca8c1417)] -> name: txtValue]
17:14:45.653 INFO  listner.WebEventListener -After Change value of [[ChromeDriver: chrome on XP (1cbb9893b88d5598adfd83c9ca8c1417)] -> name: txtValue]
17:14:45.653 INFO  listner.WebEventListener -Trying to find Element By : By.xpath: .//form[@name='DownStreamGoto']//input[@name='btn_Submit']
17:14:45.660 INFO  listner.WebEventListener -Found Element By : By.xpath: .//form[@name='DownStreamGoto']//input[@name='btn_Submit']
17:14:45.908 INFO  listner.WebEventListener -Trying to find Element By : By.linkText: GP618220
17:14:45.921 INFO  listner.WebEventListener -Found Element By : By.linkText: GP618220
17:14:46.198 INFO  listner.WebEventListener -Trying to find Element By : By.xpath: .//input[@name='Btn_Submit']
17:14:46.204 INFO  listner.WebEventListener -Found Element By : By.xpath: .//input[@name='Btn_Submit']
17:14:47.361 INFO  listner.WebEventListener -Before Navigating back to previous page: http://ordergateway.intra.bt.com/Administration/DownStreamErrorResubmit.cfm?RequestTimeout=500'
17:14:47.438 INFO  listner.WebEventListener -After Navigated back to previous page: 'http://ordergateway.intra.bt.com/Administration/DownStreamError_Action.cfm?OrderID=618220&ID=650653'
17:14:47.445 INFO  listner.WebEventListener -Before Navigating back to previous page: http://ordergateway.intra.bt.com/Administration/DownStreamError_Action.cfm?OrderID=618220&ID=650653'
17:14:47.533 INFO  listner.WebEventListener -After Navigated back to previous page: 'http://ordergateway.intra.bt.com/Administration/DownStreamErrorGoto.cfm'
17:14:47.538 INFO  listner.WebEventListener -Before Navigating back to previous page: http://ordergateway.intra.bt.com/Administration/DownStreamErrorGoto.cfm'
17:14:47.878 INFO  listner.WebEventListener -After Navigated back to previous page: 'http://ordergateway.intra.bt.com/Administration/DownStreamError2.cfm'
17:14:48.884 INFO  listner.WebEventListener -Trying to find Element By : By.name: txtValue
17:14:48.892 INFO  listner.WebEventListener -Found Element By : By.name: txtValue
17:14:48.892 INFO  listner.WebEventListener -Before Change value of [[ChromeDriver: chrome on XP (1cbb9893b88d5598adfd83c9ca8c1417)] -> name: txtValue]
17:14:48.905 INFO  listner.WebEventListener -After Change value of [[ChromeDriver: chrome on XP (1cbb9893b88d5598adfd83c9ca8c1417)] -> name: txtValue]
17:14:48.905 INFO  listner.WebEventListener -Trying to find Element By : By.name: txtValue
17:14:48.914 INFO  listner.WebEventListener -Found Element By : By.name: txtValue
17:14:48.914 INFO  listner.WebEventListener -Before Change value of [[ChromeDriver: chrome on XP (1cbb9893b88d5598adfd83c9ca8c1417)] -> name: txtValue]
17:14:48.968 INFO  listner.WebEventListener -After Change value of [[ChromeDriver: chrome on XP (1cbb9893b88d5598adfd83c9ca8c1417)] -> name: txtValue]
17:14:48.968 INFO  listner.WebEventListener -Trying to find Element By : By.xpath: .//form[@name='DownStreamGoto']//input[@name='btn_Submit']
17:14:48.973 INFO  listner.WebEventListener -Found Element By : By.xpath: .//form[@name='DownStreamGoto']//input[@name='btn_Submit']
17:14:49.305 INFO  listner.WebEventListener -Trying to find Element By : By.linkText: GP618307
17:14:49.318 INFO  listner.WebEventListener -Found Element By : By.linkText: GP618307
17:14:49.593 INFO  listner.WebEventListener -Trying to find Element By : By.xpath: .//input[@name='Btn_Submit']
17:14:49.601 INFO  listner.WebEventListener -Found Element By : By.xpath: .//input[@name='Btn_Submit']
17:14:52.536 INFO  listner.WebEventListener -Before Navigating back to previous page: http://ordergateway.intra.bt.com/Administration/DownStreamErrorResubmit.cfm?RequestTimeout=500'
17:14:52.618 INFO  listner.WebEventListener -After Navigated back to previous page: 'http://ordergateway.intra.bt.com/Administration/DownStreamError_Action.cfm?OrderID=618307&ID=650653'
17:14:52.623 INFO  listner.WebEventListener -Before Navigating back to previous page: http://ordergateway.intra.bt.com/Administration/DownStreamError_Action.cfm?OrderID=618307&ID=650653'
17:14:52.694 INFO  listner.WebEventListener -After Navigated back to previous page: 'http://ordergateway.intra.bt.com/Administration/DownStreamErrorGoto.cfm'
17:14:52.700 INFO  listner.WebEventListener -Before Navigating back to previous page: http://ordergateway.intra.bt.com/Administration/DownStreamErrorGoto.cfm'
17:14:53.017 INFO  listner.WebEventListener -After Navigated back to previous page: 'http://ordergateway.intra.bt.com/Administration/DownStreamError2.cfm'
17:14:54.020 INFO  listner.WebEventListener -Trying to find Element By : By.name: txtValue
17:14:54.037 INFO  listner.WebEventListener -Found Element By : By.name: txtValue
17:14:54.037 INFO  listner.WebEventListener -Before Change value of [[ChromeDriver: chrome on XP (1cbb9893b88d5598adfd83c9ca8c1417)] -> name: txtValue]
17:14:54.050 INFO  listner.WebEventListener -After Change value of [[ChromeDriver: chrome on XP (1cbb9893b88d5598adfd83c9ca8c1417)] -> name: txtValue]
17:14:54.050 INFO  listner.WebEventListener -Trying to find Element By : By.name: txtValue
17:14:54.056 INFO  listner.WebEventListener -Found Element By : By.name: txtValue
17:14:54.056 INFO  listner.WebEventListener -Before Change value of [[ChromeDriver: chrome on XP (1cbb9893b88d5598adfd83c9ca8c1417)] -> name: txtValue]
17:14:54.100 INFO  listner.WebEventListener -After Change value of [[ChromeDriver: chrome on XP (1cbb9893b88d5598adfd83c9ca8c1417)] -> name: txtValue]
17:14:54.100 INFO  listner.WebEventListener -Trying to find Element By : By.xpath: .//form[@name='DownStreamGoto']//input[@name='btn_Submit']
17:14:54.105 INFO  listner.WebEventListener -Found Element By : By.xpath: .//form[@name='DownStreamGoto']//input[@name='btn_Submit']
17:14:54.477 INFO  listner.WebEventListener -Trying to find Element By : By.linkText: GP619585
17:14:54.490 INFO  listner.WebEventListener -Found Element By : By.linkText: GP619585
17:14:54.808 INFO  listner.WebEventListener -Trying to find Element By : By.xpath: .//input[@name='Btn_Submit']
17:14:54.814 INFO  listner.WebEventListener -Found Element By : By.xpath: .//input[@name='Btn_Submit']
17:14:56.004 INFO  listner.WebEventListener -Before Navigating back to previous page: http://ordergateway.intra.bt.com/Administration/DownStreamErrorResubmit.cfm?RequestTimeout=500'
17:14:56.080 INFO  listner.WebEventListener -After Navigated back to previous page: 'http://ordergateway.intra.bt.com/Administration/DownStreamError_Action.cfm?OrderID=619585&ID=650653'
17:14:56.086 INFO  listner.WebEventListener -Before Navigating back to previous page: http://ordergateway.intra.bt.com/Administration/DownStreamError_Action.cfm?OrderID=619585&ID=650653'
17:14:56.158 INFO  listner.WebEventListener -After Navigated back to previous page: 'http://ordergateway.intra.bt.com/Administration/DownStreamErrorGoto.cfm'
17:14:56.165 INFO  listner.WebEventListener -Before Navigating back to previous page: http://ordergateway.intra.bt.com/Administration/DownStreamErrorGoto.cfm'
17:14:56.651 INFO  listner.WebEventListener -After Navigated back to previous page: 'http://ordergateway.intra.bt.com/Administration/DownStreamError2.cfm'
17:14:57.655 INFO  listner.WebEventListener -Trying to find Element By : By.name: txtValue
17:14:57.666 INFO  listner.WebEventListener -Found Element By : By.name: txtValue
17:14:57.666 INFO  listner.WebEventListener -Before Change value of [[ChromeDriver: chrome on XP (1cbb9893b88d5598adfd83c9ca8c1417)] -> name: txtValue]
17:14:57.679 INFO  listner.WebEventListener -After Change value of [[ChromeDriver: chrome on XP (1cbb9893b88d5598adfd83c9ca8c1417)] -> name: txtValue]
17:14:57.679 INFO  listner.WebEventListener -Trying to find Element By : By.name: txtValue
17:14:57.684 INFO  listner.WebEventListener -Found Element By : By.name: txtValue
17:14:57.685 INFO  listner.WebEventListener -Before Change value of [[ChromeDriver: chrome on XP (1cbb9893b88d5598adfd83c9ca8c1417)] -> name: txtValue]
17:14:57.734 INFO  listner.WebEventListener -After Change value of [[ChromeDriver: chrome on XP (1cbb9893b88d5598adfd83c9ca8c1417)] -> name: txtValue]
17:14:57.735 INFO  listner.WebEventListener -Trying to find Element By : By.xpath: .//form[@name='DownStreamGoto']//input[@name='btn_Submit']
17:14:57.742 INFO  listner.WebEventListener -Found Element By : By.xpath: .//form[@name='DownStreamGoto']//input[@name='btn_Submit']
17:14:58.021 INFO  listner.WebEventListener -Trying to find Element By : By.linkText: GP619939
17:14:58.035 INFO  listner.WebEventListener -Found Element By : By.linkText: GP619939
17:14:58.319 INFO  listner.WebEventListener -Trying to find Element By : By.xpath: .//input[@name='Btn_Submit']
17:14:58.328 INFO  listner.WebEventListener -Found Element By : By.xpath: .//input[@name='Btn_Submit']
17:14:59.608 INFO  listner.WebEventListener -Before Navigating back to previous page: http://ordergateway.intra.bt.com/Administration/DownStreamErrorResubmit.cfm?RequestTimeout=500'
17:14:59.687 INFO  listner.WebEventListener -After Navigated back to previous page: 'http://ordergateway.intra.bt.com/Administration/DownStreamError_Action.cfm?OrderID=619939&ID=650653'
17:14:59.695 INFO  listner.WebEventListener -Before Navigating back to previous page: http://ordergateway.intra.bt.com/Administration/DownStreamError_Action.cfm?OrderID=619939&ID=650653'
17:14:59.780 INFO  listner.WebEventListener -After Navigated back to previous page: 'http://ordergateway.intra.bt.com/Administration/DownStreamErrorGoto.cfm'
17:14:59.785 INFO  listner.WebEventListener -Before Navigating back to previous page: http://ordergateway.intra.bt.com/Administration/DownStreamErrorGoto.cfm'
17:15:00.127 INFO  listner.WebEventListener -After Navigated back to previous page: 'http://ordergateway.intra.bt.com/Administration/DownStreamError2.cfm'
17:15:01.132 INFO  listner.WebEventListener -Trying to find Element By : By.name: txtValue
17:15:01.149 INFO  listner.WebEventListener -Found Element By : By.name: txtValue
17:15:01.149 INFO  listner.WebEventListener -Before Change value of [[ChromeDriver: chrome on XP (1cbb9893b88d5598adfd83c9ca8c1417)] -> name: txtValue]
17:15:01.164 INFO  listner.WebEventListener -After Change value of [[ChromeDriver: chrome on XP (1cbb9893b88d5598adfd83c9ca8c1417)] -> name: txtValue]
17:15:01.164 INFO  listner.WebEventListener -Trying to find Element By : By.name: txtValue
17:15:01.170 INFO  listner.WebEventListener -Found Element By : By.name: txtValue
17:15:01.170 INFO  listner.WebEventListener -Before Change value of [[ChromeDriver: chrome on XP (1cbb9893b88d5598adfd83c9ca8c1417)] -> name: txtValue]
17:15:01.214 INFO  listner.WebEventListener -After Change value of [[ChromeDriver: chrome on XP (1cbb9893b88d5598adfd83c9ca8c1417)] -> name: txtValue]
17:15:01.214 INFO  listner.WebEventListener -Trying to find Element By : By.xpath: .//form[@name='DownStreamGoto']//input[@name='btn_Submit']
17:15:01.219 INFO  listner.WebEventListener -Found Element By : By.xpath: .//form[@name='DownStreamGoto']//input[@name='btn_Submit']
17:15:01.662 INFO  listner.WebEventListener -Trying to find Element By : By.linkText: GP620996
17:15:01.678 INFO  listner.WebEventListener -Found Element By : By.linkText: GP620996
17:15:02.432 INFO  listner.WebEventListener -Trying to find Element By : By.xpath: .//input[@name='Btn_Submit']
17:15:02.442 INFO  listner.WebEventListener -Found Element By : By.xpath: .//input[@name='Btn_Submit']
17:15:04.996 INFO  listner.WebEventListener -Before Navigating back to previous page: http://ordergateway.intra.bt.com/Administration/DownStreamErrorResubmit.cfm?RequestTimeout=500'
17:15:05.096 INFO  listner.WebEventListener -After Navigated back to previous page: 'http://ordergateway.intra.bt.com/Administration/DownStreamError_Action.cfm?OrderID=620996&ID=650653'
17:15:05.102 INFO  listner.WebEventListener -Before Navigating back to previous page: http://ordergateway.intra.bt.com/Administration/DownStreamError_Action.cfm?OrderID=620996&ID=650653'
17:15:05.180 INFO  listner.WebEventListener -After Navigated back to previous page: 'http://ordergateway.intra.bt.com/Administration/DownStreamErrorGoto.cfm'
17:15:05.188 INFO  listner.WebEventListener -Before Navigating back to previous page: http://ordergateway.intra.bt.com/Administration/DownStreamErrorGoto.cfm'
17:15:05.536 INFO  listner.WebEventListener -After Navigated back to previous page: 'http://ordergateway.intra.bt.com/Administration/DownStreamError2.cfm'
17:15:06.539 INFO  listner.WebEventListener -Trying to find Element By : By.name: txtValue
17:15:06.547 INFO  listner.WebEventListener -Found Element By : By.name: txtValue
17:15:06.547 INFO  listner.WebEventListener -Before Change value of [[ChromeDriver: chrome on XP (1cbb9893b88d5598adfd83c9ca8c1417)] -> name: txtValue]
17:15:06.562 INFO  listner.WebEventListener -After Change value of [[ChromeDriver: chrome on XP (1cbb9893b88d5598adfd83c9ca8c1417)] -> name: txtValue]
17:15:06.562 INFO  listner.WebEventListener -Trying to find Element By : By.name: txtValue
17:15:06.570 INFO  listner.WebEventListener -Found Element By : By.name: txtValue
17:15:06.570 INFO  listner.WebEventListener -Before Change value of [[ChromeDriver: chrome on XP (1cbb9893b88d5598adfd83c9ca8c1417)] -> name: txtValue]
17:15:06.614 INFO  listner.WebEventListener -After Change value of [[ChromeDriver: chrome on XP (1cbb9893b88d5598adfd83c9ca8c1417)] -> name: txtValue]
17:15:06.614 INFO  listner.WebEventListener -Trying to find Element By : By.xpath: .//form[@name='DownStreamGoto']//input[@name='btn_Submit']
17:15:06.623 INFO  listner.WebEventListener -Found Element By : By.xpath: .//form[@name='DownStreamGoto']//input[@name='btn_Submit']
17:15:06.917 INFO  listner.WebEventListener -Trying to find Element By : By.linkText: GP621745
17:15:06.930 INFO  listner.WebEventListener -Found Element By : By.linkText: GP621745
17:15:07.225 INFO  listner.WebEventListener -Trying to find Element By : By.xpath: .//input[@name='Btn_Submit']
17:15:07.231 INFO  listner.WebEventListener -Found Element By : By.xpath: .//input[@name='Btn_Submit']
17:15:09.454 INFO  listner.WebEventListener -Before Navigating back to previous page: http://ordergateway.intra.bt.com/Administration/DownStreamErrorResubmit.cfm?RequestTimeout=500'
17:15:09.540 INFO  listner.WebEventListener -After Navigated back to previous page: 'http://ordergateway.intra.bt.com/Administration/DownStreamError_Action.cfm?OrderID=621745&ID=650653'
17:15:09.546 INFO  listner.WebEventListener -Before Navigating back to previous page: http://ordergateway.intra.bt.com/Administration/DownStreamError_Action.cfm?OrderID=621745&ID=650653'
17:15:09.625 INFO  listner.WebEventListener -After Navigated back to previous page: 'http://ordergateway.intra.bt.com/Administration/DownStreamErrorGoto.cfm'
17:15:09.630 INFO  listner.WebEventListener -Before Navigating back to previous page: http://ordergateway.intra.bt.com/Administration/DownStreamErrorGoto.cfm'
17:15:09.979 INFO  listner.WebEventListener -After Navigated back to previous page: 'http://ordergateway.intra.bt.com/Administration/DownStreamError2.cfm'
17:15:10.984 INFO  listner.WebEventListener -Trying to find Element By : By.name: txtValue
17:15:10.992 INFO  listner.WebEventListener -Found Element By : By.name: txtValue
17:15:10.992 INFO  listner.WebEventListener -Before Change value of [[ChromeDriver: chrome on XP (1cbb9893b88d5598adfd83c9ca8c1417)] -> name: txtValue]
17:15:11.004 INFO  listner.WebEventListener -After Change value of [[ChromeDriver: chrome on XP (1cbb9893b88d5598adfd83c9ca8c1417)] -> name: txtValue]
17:15:11.004 INFO  listner.WebEventListener -Trying to find Element By : By.name: txtValue
17:15:11.011 INFO  listner.WebEventListener -Found Element By : By.name: txtValue
17:15:11.011 INFO  listner.WebEventListener -Before Change value of [[ChromeDriver: chrome on XP (1cbb9893b88d5598adfd83c9ca8c1417)] -> name: txtValue]
17:15:11.065 INFO  listner.WebEventListener -After Change value of [[ChromeDriver: chrome on XP (1cbb9893b88d5598adfd83c9ca8c1417)] -> name: txtValue]
17:15:11.065 INFO  listner.WebEventListener -Trying to find Element By : By.xpath: .//form[@name='DownStreamGoto']//input[@name='btn_Submit']
17:15:11.072 INFO  listner.WebEventListener -Found Element By : By.xpath: .//form[@name='DownStreamGoto']//input[@name='btn_Submit']
17:15:11.393 INFO  listner.WebEventListener -Trying to find Element By : By.linkText: GP623712
17:15:11.407 INFO  listner.WebEventListener -Found Element By : By.linkText: GP623712
17:15:11.722 INFO  listner.WebEventListener -Trying to find Element By : By.xpath: .//input[@name='Btn_Submit']
17:15:11.729 INFO  listner.WebEventListener -Found Element By : By.xpath: .//input[@name='Btn_Submit']
17:15:14.787 INFO  listner.WebEventListener -Before Navigating back to previous page: http://ordergateway.intra.bt.com/Administration/DownStreamErrorResubmit.cfm?RequestTimeout=500'
17:15:14.879 INFO  listner.WebEventListener -After Navigated back to previous page: 'http://ordergateway.intra.bt.com/Administration/DownStreamError_Action.cfm?OrderID=623712&ID=650653'
17:15:14.889 INFO  listner.WebEventListener -Before Navigating back to previous page: http://ordergateway.intra.bt.com/Administration/DownStreamError_Action.cfm?OrderID=623712&ID=650653'
17:15:14.961 INFO  listner.WebEventListener -After Navigated back to previous page: 'http://ordergateway.intra.bt.com/Administration/DownStreamErrorGoto.cfm'
17:15:14.968 INFO  listner.WebEventListener -Before Navigating back to previous page: http://ordergateway.intra.bt.com/Administration/DownStreamErrorGoto.cfm'
17:15:15.469 INFO  listner.WebEventListener -After Navigated back to previous page: 'http://ordergateway.intra.bt.com/Administration/DownStreamError2.cfm'
17:15:16.474 INFO  listner.WebEventListener -Trying to find Element By : By.name: txtValue
17:15:16.486 INFO  listner.WebEventListener -Found Element By : By.name: txtValue
17:15:16.486 INFO  listner.WebEventListener -Before Change value of [[ChromeDriver: chrome on XP (1cbb9893b88d5598adfd83c9ca8c1417)] -> name: txtValue]
17:15:16.500 INFO  listner.WebEventListener -After Change value of [[ChromeDriver: chrome on XP (1cbb9893b88d5598adfd83c9ca8c1417)] -> name: txtValue]
17:15:16.500 INFO  listner.WebEventListener -Trying to find Element By : By.name: txtValue
17:15:16.506 INFO  listner.WebEventListener -Found Element By : By.name: txtValue
17:15:16.507 INFO  listner.WebEventListener -Before Change value of [[ChromeDriver: chrome on XP (1cbb9893b88d5598adfd83c9ca8c1417)] -> name: txtValue]
17:15:16.553 INFO  listner.WebEventListener -After Change value of [[ChromeDriver: chrome on XP (1cbb9893b88d5598adfd83c9ca8c1417)] -> name: txtValue]
17:15:16.553 INFO  listner.WebEventListener -Trying to find Element By : By.xpath: .//form[@name='DownStreamGoto']//input[@name='btn_Submit']
17:15:16.559 INFO  listner.WebEventListener -Found Element By : By.xpath: .//form[@name='DownStreamGoto']//input[@name='btn_Submit']
17:15:16.809 INFO  listner.WebEventListener -Trying to find Element By : By.linkText: GP624126
17:15:16.823 INFO  listner.WebEventListener -Found Element By : By.linkText: GP624126
17:15:17.193 INFO  listner.WebEventListener -Trying to find Element By : By.xpath: .//input[@name='Btn_Submit']
17:15:17.204 INFO  listner.WebEventListener -Found Element By : By.xpath: .//input[@name='Btn_Submit']
17:15:21.827 INFO  listner.WebEventListener -Before Navigating back to previous page: http://ordergateway.intra.bt.com/Administration/DownStreamErrorResubmit.cfm?RequestTimeout=500'
17:15:21.901 INFO  listner.WebEventListener -After Navigated back to previous page: 'http://ordergateway.intra.bt.com/Administration/DownStreamError_Action.cfm?OrderID=624126&ID=650653'
17:15:21.906 INFO  listner.WebEventListener -Before Navigating back to previous page: http://ordergateway.intra.bt.com/Administration/DownStreamError_Action.cfm?OrderID=624126&ID=650653'
17:15:21.970 INFO  listner.WebEventListener -After Navigated back to previous page: 'http://ordergateway.intra.bt.com/Administration/DownStreamErrorGoto.cfm'
17:15:21.977 INFO  listner.WebEventListener -Before Navigating back to previous page: http://ordergateway.intra.bt.com/Administration/DownStreamErrorGoto.cfm'
17:15:22.277 INFO  listner.WebEventListener -After Navigated back to previous page: 'http://ordergateway.intra.bt.com/Administration/DownStreamError2.cfm'
17:15:23.282 INFO  listner.WebEventListener -Trying to find Element By : By.name: txtValue
17:15:23.300 INFO  listner.WebEventListener -Found Element By : By.name: txtValue
17:15:23.300 INFO  listner.WebEventListener -Before Change value of [[ChromeDriver: chrome on XP (1cbb9893b88d5598adfd83c9ca8c1417)] -> name: txtValue]
17:15:23.318 INFO  listner.WebEventListener -After Change value of [[ChromeDriver: chrome on XP (1cbb9893b88d5598adfd83c9ca8c1417)] -> name: txtValue]
17:15:23.318 INFO  listner.WebEventListener -Trying to find Element By : By.name: txtValue
17:15:23.326 INFO  listner.WebEventListener -Found Element By : By.name: txtValue
17:15:23.326 INFO  listner.WebEventListener -Before Change value of [[ChromeDriver: chrome on XP (1cbb9893b88d5598adfd83c9ca8c1417)] -> name: txtValue]
17:15:23.372 INFO  listner.WebEventListener -After Change value of [[ChromeDriver: chrome on XP (1cbb9893b88d5598adfd83c9ca8c1417)] -> name: txtValue]
17:15:23.372 INFO  listner.WebEventListener -Trying to find Element By : By.xpath: .//form[@name='DownStreamGoto']//input[@name='btn_Submit']
17:15:23.382 INFO  listner.WebEventListener -Found Element By : By.xpath: .//form[@name='DownStreamGoto']//input[@name='btn_Submit']
17:15:23.656 INFO  listner.WebEventListener -Trying to find Element By : By.linkText: GP624392
17:15:23.670 INFO  listner.WebEventListener -Found Element By : By.linkText: GP624392
17:15:24.012 INFO  listner.WebEventListener -Trying to find Element By : By.xpath: .//input[@name='Btn_Submit']
17:15:24.019 INFO  listner.WebEventListener -Found Element By : By.xpath: .//input[@name='Btn_Submit']
17:15:26.158 INFO  listner.WebEventListener -Before Navigating back to previous page: http://ordergateway.intra.bt.com/Administration/DownStreamErrorResubmit.cfm?RequestTimeout=500'
17:15:26.231 INFO  listner.WebEventListener -After Navigated back to previous page: 'http://ordergateway.intra.bt.com/Administration/DownStreamError_Action.cfm?OrderID=624392&ID=650653'
17:15:26.236 INFO  listner.WebEventListener -Before Navigating back to previous page: http://ordergateway.intra.bt.com/Administration/DownStreamError_Action.cfm?OrderID=624392&ID=650653'
17:15:26.307 INFO  listner.WebEventListener -After Navigated back to previous page: 'http://ordergateway.intra.bt.com/Administration/DownStreamErrorGoto.cfm'
17:15:26.315 INFO  listner.WebEventListener -Before Navigating back to previous page: http://ordergateway.intra.bt.com/Administration/DownStreamErrorGoto.cfm'
17:15:26.629 INFO  listner.WebEventListener -After Navigated back to previous page: 'http://ordergateway.intra.bt.com/Administration/DownStreamError2.cfm'
17:15:27.638 INFO  listner.WebEventListener -Trying to find Element By : By.name: txtValue
17:15:27.648 INFO  listner.WebEventListener -Found Element By : By.name: txtValue
17:15:27.648 INFO  listner.WebEventListener -Before Change value of [[ChromeDriver: chrome on XP (1cbb9893b88d5598adfd83c9ca8c1417)] -> name: txtValue]
17:15:27.665 INFO  listner.WebEventListener -After Change value of [[ChromeDriver: chrome on XP (1cbb9893b88d5598adfd83c9ca8c1417)] -> name: txtValue]
17:15:27.665 INFO  listner.WebEventListener -Trying to find Element By : By.name: txtValue
17:15:27.673 INFO  listner.WebEventListener -Found Element By : By.name: txtValue
17:15:27.673 INFO  listner.WebEventListener -Before Change value of [[ChromeDriver: chrome on XP (1cbb9893b88d5598adfd83c9ca8c1417)] -> name: txtValue]
17:15:27.713 INFO  listner.WebEventListener -After Change value of [[ChromeDriver: chrome on XP (1cbb9893b88d5598adfd83c9ca8c1417)] -> name: txtValue]
17:15:27.713 INFO  listner.WebEventListener -Trying to find Element By : By.xpath: .//form[@name='DownStreamGoto']//input[@name='btn_Submit']
17:15:27.719 INFO  listner.WebEventListener -Found Element By : By.xpath: .//form[@name='DownStreamGoto']//input[@name='btn_Submit']
17:15:27.992 INFO  listner.WebEventListener -Trying to find Element By : By.linkText: GP625610
17:15:28.004 INFO  listner.WebEventListener -Found Element By : By.linkText: GP625610
17:15:28.290 INFO  listner.WebEventListener -Trying to find Element By : By.xpath: .//input[@name='Btn_Submit']
17:15:28.296 INFO  listner.WebEventListener -Found Element By : By.xpath: .//input[@name='Btn_Submit']
17:15:31.755 INFO  listner.WebEventListener -Before Navigating back to previous page: http://ordergateway.intra.bt.com/Administration/DownStreamErrorResubmit.cfm?RequestTimeout=500'
17:15:31.854 INFO  listner.WebEventListener -After Navigated back to previous page: 'http://ordergateway.intra.bt.com/Administration/DownStreamError_Action.cfm?OrderID=625610&ID=650653'
17:15:31.861 INFO  listner.WebEventListener -Before Navigating back to previous page: http://ordergateway.intra.bt.com/Administration/DownStreamError_Action.cfm?OrderID=625610&ID=650653'
17:15:31.943 INFO  listner.WebEventListener -After Navigated back to previous page: 'http://ordergateway.intra.bt.com/Administration/DownStreamErrorGoto.cfm'
17:15:31.948 INFO  listner.WebEventListener -Before Navigating back to previous page: http://ordergateway.intra.bt.com/Administration/DownStreamErrorGoto.cfm'
17:15:32.254 INFO  listner.WebEventListener -After Navigated back to previous page: 'http://ordergateway.intra.bt.com/Administration/DownStreamError2.cfm'
17:15:33.259 INFO  listner.WebEventListener -Trying to find Element By : By.name: txtValue
17:15:33.265 INFO  listner.WebEventListener -Found Element By : By.name: txtValue
17:15:33.265 INFO  listner.WebEventListener -Before Change value of [[ChromeDriver: chrome on XP (1cbb9893b88d5598adfd83c9ca8c1417)] -> name: txtValue]
17:15:33.278 INFO  listner.WebEventListener -After Change value of [[ChromeDriver: chrome on XP (1cbb9893b88d5598adfd83c9ca8c1417)] -> name: txtValue]
17:15:33.278 INFO  listner.WebEventListener -Trying to find Element By : By.name: txtValue
17:15:33.284 INFO  listner.WebEventListener -Found Element By : By.name: txtValue
17:15:33.284 INFO  listner.WebEventListener -Before Change value of [[ChromeDriver: chrome on XP (1cbb9893b88d5598adfd83c9ca8c1417)] -> name: txtValue]
17:15:33.327 INFO  listner.WebEventListener -After Change value of [[ChromeDriver: chrome on XP (1cbb9893b88d5598adfd83c9ca8c1417)] -> name: txtValue]
17:15:33.327 INFO  listner.WebEventListener -Trying to find Element By : By.xpath: .//form[@name='DownStreamGoto']//input[@name='btn_Submit']
17:15:33.332 INFO  listner.WebEventListener -Found Element By : By.xpath: .//form[@name='DownStreamGoto']//input[@name='btn_Submit']
17:15:33.685 INFO  listner.WebEventListener -Trying to find Element By : By.linkText: GP625673
17:15:33.701 INFO  listner.WebEventListener -Found Element By : By.linkText: GP625673
17:15:34.008 INFO  listner.WebEventListener -Trying to find Element By : By.xpath: .//input[@name='Btn_Submit']
17:15:34.017 INFO  listner.WebEventListener -Found Element By : By.xpath: .//input[@name='Btn_Submit']
17:15:37.308 INFO  listner.WebEventListener -Before Navigating back to previous page: http://ordergateway.intra.bt.com/Administration/DownStreamErrorResubmit.cfm?RequestTimeout=500'
17:15:37.376 INFO  listner.WebEventListener -After Navigated back to previous page: 'http://ordergateway.intra.bt.com/Administration/DownStreamError_Action.cfm?OrderID=625673&ID=650653'
17:15:37.381 INFO  listner.WebEventListener -Before Navigating back to previous page: http://ordergateway.intra.bt.com/Administration/DownStreamError_Action.cfm?OrderID=625673&ID=650653'
17:15:37.451 INFO  listner.WebEventListener -After Navigated back to previous page: 'http://ordergateway.intra.bt.com/Administration/DownStreamErrorGoto.cfm'
17:15:37.458 INFO  listner.WebEventListener -Before Navigating back to previous page: http://ordergateway.intra.bt.com/Administration/DownStreamErrorGoto.cfm'
17:15:37.793 INFO  listner.WebEventListener -After Navigated back to previous page: 'http://ordergateway.intra.bt.com/Administration/DownStreamError2.cfm'
17:15:38.798 INFO  listner.WebEventListener -Trying to find Element By : By.name: txtValue
17:15:38.807 INFO  listner.WebEventListener -Found Element By : By.name: txtValue
17:15:38.807 INFO  listner.WebEventListener -Before Change value of [[ChromeDriver: chrome on XP (1cbb9893b88d5598adfd83c9ca8c1417)] -> name: txtValue]
17:15:38.819 INFO  listner.WebEventListener -After Change value of [[ChromeDriver: chrome on XP (1cbb9893b88d5598adfd83c9ca8c1417)] -> name: txtValue]
17:15:38.819 INFO  listner.WebEventListener -Trying to find Element By : By.name: txtValue
17:15:38.824 INFO  listner.WebEventListener -Found Element By : By.name: txtValue
17:15:38.825 INFO  listner.WebEventListener -Before Change value of [[ChromeDriver: chrome on XP (1cbb9893b88d5598adfd83c9ca8c1417)] -> name: txtValue]
17:15:38.871 INFO  listner.WebEventListener -After Change value of [[ChromeDriver: chrome on XP (1cbb9893b88d5598adfd83c9ca8c1417)] -> name: txtValue]
17:15:38.871 INFO  listner.WebEventListener -Trying to find Element By : By.xpath: .//form[@name='DownStreamGoto']//input[@name='btn_Submit']
17:15:38.876 INFO  listner.WebEventListener -Found Element By : By.xpath: .//form[@name='DownStreamGoto']//input[@name='btn_Submit']
17:15:39.156 INFO  listner.WebEventListener -Trying to find Element By : By.linkText: GP628215
17:15:39.169 INFO  listner.WebEventListener -Found Element By : By.linkText: GP628215
17:15:39.521 INFO  listner.WebEventListener -Trying to find Element By : By.xpath: .//input[@name='Btn_Submit']
17:15:39.528 INFO  listner.WebEventListener -Found Element By : By.xpath: .//input[@name='Btn_Submit']
17:15:40.926 INFO  listner.WebEventListener -Before Navigating back to previous page: http://ordergateway.intra.bt.com/Administration/DownStreamErrorResubmit.cfm?RequestTimeout=500'
17:15:41.002 INFO  listner.WebEventListener -After Navigated back to previous page: 'http://ordergateway.intra.bt.com/Administration/DownStreamError_Action.cfm?OrderID=628215&ID=650653'
17:15:41.008 INFO  listner.WebEventListener -Before Navigating back to previous page: http://ordergateway.intra.bt.com/Administration/DownStreamError_Action.cfm?OrderID=628215&ID=650653'
17:15:41.087 INFO  listner.WebEventListener -After Navigated back to previous page: 'http://ordergateway.intra.bt.com/Administration/DownStreamErrorGoto.cfm'
17:15:41.093 INFO  listner.WebEventListener -Before Navigating back to previous page: http://ordergateway.intra.bt.com/Administration/DownStreamErrorGoto.cfm'
17:15:41.425 INFO  listner.WebEventListener -After Navigated back to previous page: 'http://ordergateway.intra.bt.com/Administration/DownStreamError2.cfm'
17:15:42.429 INFO  listner.WebEventListener -Trying to find Element By : By.name: txtValue
17:15:42.436 INFO  listner.WebEventListener -Found Element By : By.name: txtValue
17:15:42.436 INFO  listner.WebEventListener -Before Change value of [[ChromeDriver: chrome on XP (1cbb9893b88d5598adfd83c9ca8c1417)] -> name: txtValue]
17:15:42.450 INFO  listner.WebEventListener -After Change value of [[ChromeDriver: chrome on XP (1cbb9893b88d5598adfd83c9ca8c1417)] -> name: txtValue]
17:15:42.450 INFO  listner.WebEventListener -Trying to find Element By : By.name: txtValue
17:15:42.458 INFO  listner.WebEventListener -Found Element By : By.name: txtValue
17:15:42.458 INFO  listner.WebEventListener -Before Change value of [[ChromeDriver: chrome on XP (1cbb9893b88d5598adfd83c9ca8c1417)] -> name: txtValue]
17:15:42.504 INFO  listner.WebEventListener -After Change value of [[ChromeDriver: chrome on XP (1cbb9893b88d5598adfd83c9ca8c1417)] -> name: txtValue]
17:15:42.504 INFO  listner.WebEventListener -Trying to find Element By : By.xpath: .//form[@name='DownStreamGoto']//input[@name='btn_Submit']
17:15:42.509 INFO  listner.WebEventListener -Found Element By : By.xpath: .//form[@name='DownStreamGoto']//input[@name='btn_Submit']
17:15:42.819 INFO  listner.WebEventListener -Trying to find Element By : By.linkText: GP639384
17:15:42.832 INFO  listner.WebEventListener -Found Element By : By.linkText: GP639384
17:15:43.102 INFO  listner.WebEventListener -Trying to find Element By : By.xpath: .//input[@name='Btn_Submit']
17:15:43.108 INFO  listner.WebEventListener -Found Element By : By.xpath: .//input[@name='Btn_Submit']
17:15:43.688 INFO  listner.WebEventListener -Before Navigating back to previous page: http://ordergateway.intra.bt.com/Administration/DownStreamErrorResubmit.cfm?RequestTimeout=500'
17:15:43.774 INFO  listner.WebEventListener -After Navigated back to previous page: 'http://ordergateway.intra.bt.com/Administration/DownStreamError_Action.cfm?OrderID=639384&ID=650653'
17:15:43.780 INFO  listner.WebEventListener -Before Navigating back to previous page: http://ordergateway.intra.bt.com/Administration/DownStreamError_Action.cfm?OrderID=639384&ID=650653'
17:15:43.853 INFO  listner.WebEventListener -After Navigated back to previous page: 'http://ordergateway.intra.bt.com/Administration/DownStreamErrorGoto.cfm'
17:15:43.860 INFO  listner.WebEventListener -Before Navigating back to previous page: http://ordergateway.intra.bt.com/Administration/DownStreamErrorGoto.cfm'
17:15:44.184 INFO  listner.WebEventListener -After Navigated back to previous page: 'http://ordergateway.intra.bt.com/Administration/DownStreamError2.cfm'
17:15:45.192 INFO  listner.WebEventListener -Trying to find Element By : By.name: txtValue
17:15:45.199 INFO  listner.WebEventListener -Found Element By : By.name: txtValue
17:15:45.199 INFO  listner.WebEventListener -Before Change value of [[ChromeDriver: chrome on XP (1cbb9893b88d5598adfd83c9ca8c1417)] -> name: txtValue]
17:15:45.214 INFO  listner.WebEventListener -After Change value of [[ChromeDriver: chrome on XP (1cbb9893b88d5598adfd83c9ca8c1417)] -> name: txtValue]
17:15:45.214 INFO  listner.WebEventListener -Trying to find Element By : By.name: txtValue
17:15:45.220 INFO  listner.WebEventListener -Found Element By : By.name: txtValue
17:15:45.220 INFO  listner.WebEventListener -Before Change value of [[ChromeDriver: chrome on XP (1cbb9893b88d5598adfd83c9ca8c1417)] -> name: txtValue]
17:15:45.268 INFO  listner.WebEventListener -After Change value of [[ChromeDriver: chrome on XP (1cbb9893b88d5598adfd83c9ca8c1417)] -> name: txtValue]
17:15:45.268 INFO  listner.WebEventListener -Trying to find Element By : By.xpath: .//form[@name='DownStreamGoto']//input[@name='btn_Submit']
17:15:45.274 INFO  listner.WebEventListener -Found Element By : By.xpath: .//form[@name='DownStreamGoto']//input[@name='btn_Submit']
17:15:45.707 INFO  listner.WebEventListener -Trying to find Element By : By.linkText: GP640414
17:15:45.721 INFO  listner.WebEventListener -Found Element By : By.linkText: GP640414
17:15:46.019 INFO  listner.WebEventListener -Trying to find Element By : By.xpath: .//input[@name='Btn_Submit']
17:15:46.026 INFO  listner.WebEventListener -Found Element By : By.xpath: .//input[@name='Btn_Submit']
17:15:49.328 INFO  listner.WebEventListener -Before Navigating back to previous page: http://ordergateway.intra.bt.com/Administration/DownStreamErrorResubmit.cfm?RequestTimeout=500'
17:15:49.404 INFO  listner.WebEventListener -After Navigated back to previous page: 'http://ordergateway.intra.bt.com/Administration/DownStreamError_Action.cfm?OrderID=640414&ID=650653'
17:15:49.410 INFO  listner.WebEventListener -Before Navigating back to previous page: http://ordergateway.intra.bt.com/Administration/DownStreamError_Action.cfm?OrderID=640414&ID=650653'
17:15:49.479 INFO  listner.WebEventListener -After Navigated back to previous page: 'http://ordergateway.intra.bt.com/Administration/DownStreamErrorGoto.cfm'
17:15:49.487 INFO  listner.WebEventListener -Before Navigating back to previous page: http://ordergateway.intra.bt.com/Administration/DownStreamErrorGoto.cfm'
17:15:49.805 INFO  listner.WebEventListener -After Navigated back to previous page: 'http://ordergateway.intra.bt.com/Administration/DownStreamError2.cfm'
17:15:50.810 INFO  listner.WebEventListener -Trying to find Element By : By.name: txtValue
17:15:50.821 INFO  listner.WebEventListener -Found Element By : By.name: txtValue
17:15:50.821 INFO  listner.WebEventListener -Before Change value of [[ChromeDriver: chrome on XP (1cbb9893b88d5598adfd83c9ca8c1417)] -> name: txtValue]
17:15:50.834 INFO  listner.WebEventListener -After Change value of [[ChromeDriver: chrome on XP (1cbb9893b88d5598adfd83c9ca8c1417)] -> name: txtValue]
17:15:50.834 INFO  listner.WebEventListener -Trying to find Element By : By.name: txtValue
17:15:50.841 INFO  listner.WebEventListener -Found Element By : By.name: txtValue
17:15:50.841 INFO  listner.WebEventListener -Before Change value of [[ChromeDriver: chrome on XP (1cbb9893b88d5598adfd83c9ca8c1417)] -> name: txtValue]
17:15:50.885 INFO  listner.WebEventListener -After Change value of [[ChromeDriver: chrome on XP (1cbb9893b88d5598adfd83c9ca8c1417)] -> name: txtValue]
17:15:50.885 INFO  listner.WebEventListener -Trying to find Element By : By.xpath: .//form[@name='DownStreamGoto']//input[@name='btn_Submit']
17:15:50.891 INFO  listner.WebEventListener -Found Element By : By.xpath: .//form[@name='DownStreamGoto']//input[@name='btn_Submit']
17:15:51.210 INFO  listner.WebEventListener -Trying to find Element By : By.linkText: GP641256
17:15:51.224 INFO  listner.WebEventListener -Found Element By : By.linkText: GP641256
17:15:51.497 INFO  listner.WebEventListener -Trying to find Element By : By.xpath: .//input[@name='Btn_Submit']
17:15:51.505 INFO  listner.WebEventListener -Found Element By : By.xpath: .//input[@name='Btn_Submit']
17:15:52.668 INFO  listner.WebEventListener -Before Navigating back to previous page: http://ordergateway.intra.bt.com/Administration/DownStreamErrorResubmit.cfm?RequestTimeout=500'
17:15:52.746 INFO  listner.WebEventListener -After Navigated back to previous page: 'http://ordergateway.intra.bt.com/Administration/DownStreamError_Action.cfm?OrderID=641256&ID=650653'
17:15:52.753 INFO  listner.WebEventListener -Before Navigating back to previous page: http://ordergateway.intra.bt.com/Administration/DownStreamError_Action.cfm?OrderID=641256&ID=650653'
17:15:52.835 INFO  listner.WebEventListener -After Navigated back to previous page: 'http://ordergateway.intra.bt.com/Administration/DownStreamErrorGoto.cfm'
17:15:52.840 INFO  listner.WebEventListener -Before Navigating back to previous page: http://ordergateway.intra.bt.com/Administration/DownStreamErrorGoto.cfm'
17:15:53.166 INFO  listner.WebEventListener -After Navigated back to previous page: 'http://ordergateway.intra.bt.com/Administration/DownStreamError2.cfm'
17:15:54.170 INFO  listner.WebEventListener -Trying to find Element By : By.name: txtValue
17:15:54.179 INFO  listner.WebEventListener -Found Element By : By.name: txtValue
17:15:54.180 INFO  listner.WebEventListener -Before Change value of [[ChromeDriver: chrome on XP (1cbb9893b88d5598adfd83c9ca8c1417)] -> name: txtValue]
17:15:54.193 INFO  listner.WebEventListener -After Change value of [[ChromeDriver: chrome on XP (1cbb9893b88d5598adfd83c9ca8c1417)] -> name: txtValue]
17:15:54.193 INFO  listner.WebEventListener -Trying to find Element By : By.name: txtValue
17:15:54.198 INFO  listner.WebEventListener -Found Element By : By.name: txtValue
17:15:54.198 INFO  listner.WebEventListener -Before Change value of [[ChromeDriver: chrome on XP (1cbb9893b88d5598adfd83c9ca8c1417)] -> name: txtValue]
17:15:54.248 INFO  listner.WebEventListener -After Change value of [[ChromeDriver: chrome on XP (1cbb9893b88d5598adfd83c9ca8c1417)] -> name: txtValue]
17:15:54.248 INFO  listner.WebEventListener -Trying to find Element By : By.xpath: .//form[@name='DownStreamGoto']//input[@name='btn_Submit']
17:15:54.252 INFO  listner.WebEventListener -Found Element By : By.xpath: .//form[@name='DownStreamGoto']//input[@name='btn_Submit']
17:15:54.569 INFO  listner.WebEventListener -Trying to find Element By : By.linkText: GP641337
17:15:54.584 INFO  listner.WebEventListener -Found Element By : By.linkText: GP641337
17:15:54.866 INFO  listner.WebEventListener -Trying to find Element By : By.xpath: .//input[@name='Btn_Submit']
17:15:54.876 INFO  listner.WebEventListener -Found Element By : By.xpath: .//input[@name='Btn_Submit']
17:15:56.436 INFO  listner.WebEventListener -Before Navigating back to previous page: http://ordergateway.intra.bt.com/Administration/DownStreamErrorResubmit.cfm?RequestTimeout=500'
17:15:56.516 INFO  listner.WebEventListener -After Navigated back to previous page: 'http://ordergateway.intra.bt.com/Administration/DownStreamError_Action.cfm?OrderID=641337&ID=650653'
17:15:56.522 INFO  listner.WebEventListener -Before Navigating back to previous page: http://ordergateway.intra.bt.com/Administration/DownStreamError_Action.cfm?OrderID=641337&ID=650653'
17:15:56.590 INFO  listner.WebEventListener -After Navigated back to previous page: 'http://ordergateway.intra.bt.com/Administration/DownStreamErrorGoto.cfm'
17:15:56.599 INFO  listner.WebEventListener -Before Navigating back to previous page: http://ordergateway.intra.bt.com/Administration/DownStreamErrorGoto.cfm'
17:15:56.923 INFO  listner.WebEventListener -After Navigated back to previous page: 'http://ordergateway.intra.bt.com/Administration/DownStreamError2.cfm'
17:15:57.935 INFO  listner.WebEventListener -Trying to find Element By : By.name: txtValue
17:15:57.949 INFO  listner.WebEventListener -Found Element By : By.name: txtValue
17:15:57.949 INFO  listner.WebEventListener -Before Change value of [[ChromeDriver: chrome on XP (1cbb9893b88d5598adfd83c9ca8c1417)] -> name: txtValue]
17:15:57.966 INFO  listner.WebEventListener -After Change value of [[ChromeDriver: chrome on XP (1cbb9893b88d5598adfd83c9ca8c1417)] -> name: txtValue]
17:15:57.966 INFO  listner.WebEventListener -Trying to find Element By : By.name: txtValue
17:15:57.974 INFO  listner.WebEventListener -Found Element By : By.name: txtValue
17:15:57.974 INFO  listner.WebEventListener -Before Change value of [[ChromeDriver: chrome on XP (1cbb9893b88d5598adfd83c9ca8c1417)] -> name: txtValue]
17:15:58.019 INFO  listner.WebEventListener -After Change value of [[ChromeDriver: chrome on XP (1cbb9893b88d5598adfd83c9ca8c1417)] -> name: txtValue]
17:15:58.019 INFO  listner.WebEventListener -Trying to find Element By : By.xpath: .//form[@name='DownStreamGoto']//input[@name='btn_Submit']
17:15:58.026 INFO  listner.WebEventListener -Found Element By : By.xpath: .//form[@name='DownStreamGoto']//input[@name='btn_Submit']
17:15:58.342 INFO  listner.WebEventListener -Trying to find Element By : By.linkText: GP641356
17:15:58.357 INFO  listner.WebEventListener -Found Element By : By.linkText: GP641356
17:15:58.635 INFO  listner.WebEventListener -Trying to find Element By : By.xpath: .//input[@name='Btn_Submit']
17:15:58.645 INFO  listner.WebEventListener -Found Element By : By.xpath: .//input[@name='Btn_Submit']
17:15:59.879 INFO  listner.WebEventListener -Before Navigating back to previous page: http://ordergateway.intra.bt.com/Administration/DownStreamErrorResubmit.cfm?RequestTimeout=500'
17:15:59.962 INFO  listner.WebEventListener -After Navigated back to previous page: 'http://ordergateway.intra.bt.com/Administration/DownStreamError_Action.cfm?OrderID=641356&ID=650653'
17:15:59.969 INFO  listner.WebEventListener -Before Navigating back to previous page: http://ordergateway.intra.bt.com/Administration/DownStreamError_Action.cfm?OrderID=641356&ID=650653'
17:16:00.063 INFO  listner.WebEventListener -After Navigated back to previous page: 'http://ordergateway.intra.bt.com/Administration/DownStreamErrorGoto.cfm'
17:16:00.068 INFO  listner.WebEventListener -Before Navigating back to previous page: http://ordergateway.intra.bt.com/Administration/DownStreamErrorGoto.cfm'
17:16:00.414 INFO  listner.WebEventListener -After Navigated back to previous page: 'http://ordergateway.intra.bt.com/Administration/DownStreamError2.cfm'
17:16:01.420 INFO  listner.WebEventListener -Trying to find Element By : By.name: txtValue
17:16:01.439 INFO  listner.WebEventListener -Found Element By : By.name: txtValue
17:16:01.439 INFO  listner.WebEventListener -Before Change value of [[ChromeDriver: chrome on XP (1cbb9893b88d5598adfd83c9ca8c1417)] -> name: txtValue]
17:16:01.457 INFO  listner.WebEventListener -After Change value of [[ChromeDriver: chrome on XP (1cbb9893b88d5598adfd83c9ca8c1417)] -> name: txtValue]
17:16:01.457 INFO  listner.WebEventListener -Trying to find Element By : By.name: txtValue
17:16:01.464 INFO  listner.WebEventListener -Found Element By : By.name: txtValue
17:16:01.464 INFO  listner.WebEventListener -Before Change value of [[ChromeDriver: chrome on XP (1cbb9893b88d5598adfd83c9ca8c1417)] -> name: txtValue]
17:16:01.506 INFO  listner.WebEventListener -After Change value of [[ChromeDriver: chrome on XP (1cbb9893b88d5598adfd83c9ca8c1417)] -> name: txtValue]
17:16:01.506 INFO  listner.WebEventListener -Trying to find Element By : By.xpath: .//form[@name='DownStreamGoto']//input[@name='btn_Submit']
17:16:01.512 INFO  listner.WebEventListener -Found Element By : By.xpath: .//form[@name='DownStreamGoto']//input[@name='btn_Submit']
17:16:01.761 INFO  listner.WebEventListener -Trying to find Element By : By.linkText: GP641365
17:16:01.772 INFO  listner.WebEventListener -Found Element By : By.linkText: GP641365
17:16:02.059 INFO  listner.WebEventListener -Trying to find Element By : By.xpath: .//input[@name='Btn_Submit']
17:16:02.068 INFO  listner.WebEventListener -Found Element By : By.xpath: .//input[@name='Btn_Submit']
17:16:03.266 INFO  listner.WebEventListener -Before Navigating back to previous page: http://ordergateway.intra.bt.com/Administration/DownStreamErrorResubmit.cfm?RequestTimeout=500'
17:16:03.344 INFO  listner.WebEventListener -After Navigated back to previous page: 'http://ordergateway.intra.bt.com/Administration/DownStreamError_Action.cfm?OrderID=641365&ID=650653'
17:16:03.350 INFO  listner.WebEventListener -Before Navigating back to previous page: http://ordergateway.intra.bt.com/Administration/DownStreamError_Action.cfm?OrderID=641365&ID=650653'
17:16:03.420 INFO  listner.WebEventListener -After Navigated back to previous page: 'http://ordergateway.intra.bt.com/Administration/DownStreamErrorGoto.cfm'
17:16:03.428 INFO  listner.WebEventListener -Before Navigating back to previous page: http://ordergateway.intra.bt.com/Administration/DownStreamErrorGoto.cfm'
17:16:03.744 INFO  listner.WebEventListener -After Navigated back to previous page: 'http://ordergateway.intra.bt.com/Administration/DownStreamError2.cfm'
17:16:04.751 INFO  listner.WebEventListener -Trying to find Element By : By.name: txtValue
17:16:04.763 INFO  listner.WebEventListener -Found Element By : By.name: txtValue
17:16:04.764 INFO  listner.WebEventListener -Before Change value of [[ChromeDriver: chrome on XP (1cbb9893b88d5598adfd83c9ca8c1417)] -> name: txtValue]
17:16:04.783 INFO  listner.WebEventListener -After Change value of [[ChromeDriver: chrome on XP (1cbb9893b88d5598adfd83c9ca8c1417)] -> name: txtValue]
17:16:04.783 INFO  listner.WebEventListener -Trying to find Element By : By.name: txtValue
17:16:04.790 INFO  listner.WebEventListener -Found Element By : By.name: txtValue
17:16:04.790 INFO  listner.WebEventListener -Before Change value of [[ChromeDriver: chrome on XP (1cbb9893b88d5598adfd83c9ca8c1417)] -> name: txtValue]
17:16:04.832 INFO  listner.WebEventListener -After Change value of [[ChromeDriver: chrome on XP (1cbb9893b88d5598adfd83c9ca8c1417)] -> name: txtValue]
17:16:04.832 INFO  listner.WebEventListener -Trying to find Element By : By.xpath: .//form[@name='DownStreamGoto']//input[@name='btn_Submit']
17:16:04.839 INFO  listner.WebEventListener -Found Element By : By.xpath: .//form[@name='DownStreamGoto']//input[@name='btn_Submit']
17:16:05.160 INFO  listner.WebEventListener -Trying to find Element By : By.linkText: GP646514
17:16:05.174 INFO  listner.WebEventListener -Found Element By : By.linkText: GP646514
17:16:05.446 INFO  listner.WebEventListener -Trying to find Element By : By.xpath: .//input[@name='Btn_Submit']
17:16:05.454 INFO  listner.WebEventListener -Found Element By : By.xpath: .//input[@name='Btn_Submit']
17:16:07.538 INFO  listner.WebEventListener -Before Navigating back to previous page: http://ordergateway.intra.bt.com/Administration/DownStreamErrorResubmit.cfm?RequestTimeout=500'
17:16:07.612 INFO  listner.WebEventListener -After Navigated back to previous page: 'http://ordergateway.intra.bt.com/Administration/DownStreamError_Action.cfm?OrderID=646514&ID=650653'
17:16:07.618 INFO  listner.WebEventListener -Before Navigating back to previous page: http://ordergateway.intra.bt.com/Administration/DownStreamError_Action.cfm?OrderID=646514&ID=650653'
17:16:07.695 INFO  listner.WebEventListener -After Navigated back to previous page: 'http://ordergateway.intra.bt.com/Administration/DownStreamErrorGoto.cfm'
17:16:07.701 INFO  listner.WebEventListener -Before Navigating back to previous page: http://ordergateway.intra.bt.com/Administration/DownStreamErrorGoto.cfm'
17:16:08.045 INFO  listner.WebEventListener -After Navigated back to previous page: 'http://ordergateway.intra.bt.com/Administration/DownStreamError2.cfm'
17:16:09.050 INFO  listner.WebEventListener -Trying to find Element By : By.name: txtValue
17:16:09.066 INFO  listner.WebEventListener -Found Element By : By.name: txtValue
17:16:09.066 INFO  listner.WebEventListener -Before Change value of [[ChromeDriver: chrome on XP (1cbb9893b88d5598adfd83c9ca8c1417)] -> name: txtValue]
17:16:09.080 INFO  listner.WebEventListener -After Change value of [[ChromeDriver: chrome on XP (1cbb9893b88d5598adfd83c9ca8c1417)] -> name: txtValue]
17:16:09.080 INFO  listner.WebEventListener -Trying to find Element By : By.name: txtValue
17:16:09.087 INFO  listner.WebEventListener -Found Element By : By.name: txtValue
17:16:09.088 INFO  listner.WebEventListener -Before Change value of [[ChromeDriver: chrome on XP (1cbb9893b88d5598adfd83c9ca8c1417)] -> name: txtValue]
17:16:09.167 INFO  listner.WebEventListener -After Change value of [[ChromeDriver: chrome on XP (1cbb9893b88d5598adfd83c9ca8c1417)] -> name: txtValue]
17:16:09.167 INFO  listner.WebEventListener -Trying to find Element By : By.xpath: .//form[@name='DownStreamGoto']//input[@name='btn_Submit']
17:16:09.180 INFO  listner.WebEventListener -Found Element By : By.xpath: .//form[@name='DownStreamGoto']//input[@name='btn_Submit']
17:16:09.440 INFO  listner.WebEventListener -Trying to find Element By : By.linkText: GP646528
17:16:09.451 INFO  listner.WebEventListener -Found Element By : By.linkText: GP646528
17:16:09.733 INFO  listner.WebEventListener -Trying to find Element By : By.xpath: .//input[@name='Btn_Submit']
17:16:09.740 INFO  listner.WebEventListener -Found Element By : By.xpath: .//input[@name='Btn_Submit']
17:16:12.411 INFO  listner.WebEventListener -Before Navigating back to previous page: http://ordergateway.intra.bt.com/Administration/DownStreamErrorResubmit.cfm?RequestTimeout=500'
17:16:12.507 INFO  listner.WebEventListener -After Navigated back to previous page: 'http://ordergateway.intra.bt.com/Administration/DownStreamError_Action.cfm?OrderID=646528&ID=650653'
17:16:12.512 INFO  listner.WebEventListener -Before Navigating back to previous page: http://ordergateway.intra.bt.com/Administration/DownStreamError_Action.cfm?OrderID=646528&ID=650653'
17:16:12.591 INFO  listner.WebEventListener -After Navigated back to previous page: 'http://ordergateway.intra.bt.com/Administration/DownStreamErrorGoto.cfm'
17:16:12.597 INFO  listner.WebEventListener -Before Navigating back to previous page: http://ordergateway.intra.bt.com/Administration/DownStreamErrorGoto.cfm'
17:16:12.958 INFO  listner.WebEventListener -After Navigated back to previous page: 'http://ordergateway.intra.bt.com/Administration/DownStreamError2.cfm'
17:16:13.964 INFO  listner.WebEventListener -Trying to find Element By : By.name: txtValue
17:16:13.971 INFO  listner.WebEventListener -Found Element By : By.name: txtValue
17:16:13.971 INFO  listner.WebEventListener -Before Change value of [[ChromeDriver: chrome on XP (1cbb9893b88d5598adfd83c9ca8c1417)] -> name: txtValue]
17:16:13.984 INFO  listner.WebEventListener -After Change value of [[ChromeDriver: chrome on XP (1cbb9893b88d5598adfd83c9ca8c1417)] -> name: txtValue]
17:16:13.984 INFO  listner.WebEventListener -Trying to find Element By : By.name: txtValue
17:16:13.990 INFO  listner.WebEventListener -Found Element By : By.name: txtValue
17:16:13.990 INFO  listner.WebEventListener -Before Change value of [[ChromeDriver: chrome on XP (1cbb9893b88d5598adfd83c9ca8c1417)] -> name: txtValue]
17:16:14.033 INFO  listner.WebEventListener -After Change value of [[ChromeDriver: chrome on XP (1cbb9893b88d5598adfd83c9ca8c1417)] -> name: txtValue]
17:16:14.033 INFO  listner.WebEventListener -Trying to find Element By : By.xpath: .//form[@name='DownStreamGoto']//input[@name='btn_Submit']
17:16:14.040 INFO  listner.WebEventListener -Found Element By : By.xpath: .//form[@name='DownStreamGoto']//input[@name='btn_Submit']
17:16:14.352 INFO  listner.WebEventListener -Trying to find Element By : By.linkText: GP646756
17:16:14.365 INFO  listner.WebEventListener -Found Element By : By.linkText: GP646756
17:16:14.668 INFO  listner.WebEventListener -Trying to find Element By : By.xpath: .//input[@name='Btn_Submit']
17:16:14.676 INFO  listner.WebEventListener -Found Element By : By.xpath: .//input[@name='Btn_Submit']
17:16:15.184 INFO  listner.WebEventListener -Before Navigating back to previous page: http://ordergateway.intra.bt.com/Administration/DownStreamErrorResubmit.cfm?RequestTimeout=500'
17:16:15.256 INFO  listner.WebEventListener -After Navigated back to previous page: 'http://ordergateway.intra.bt.com/Administration/DownStreamError_Action.cfm?OrderID=646756&ID=650653'
17:16:15.261 INFO  listner.WebEventListener -Before Navigating back to previous page: http://ordergateway.intra.bt.com/Administration/DownStreamError_Action.cfm?OrderID=646756&ID=650653'
17:16:15.330 INFO  listner.WebEventListener -After Navigated back to previous page: 'http://ordergateway.intra.bt.com/Administration/DownStreamErrorGoto.cfm'
17:16:15.336 INFO  listner.WebEventListener -Before Navigating back to previous page: http://ordergateway.intra.bt.com/Administration/DownStreamErrorGoto.cfm'
17:16:15.807 INFO  listner.WebEventListener -After Navigated back to previous page: 'http://ordergateway.intra.bt.com/Administration/DownStreamError2.cfm'
17:16:16.809 INFO  listner.WebEventListener -Trying to find Element By : By.name: txtValue
17:16:16.817 INFO  listner.WebEventListener -Found Element By : By.name: txtValue
17:16:16.817 INFO  listner.WebEventListener -Before Change value of [[ChromeDriver: chrome on XP (1cbb9893b88d5598adfd83c9ca8c1417)] -> name: txtValue]
17:16:16.830 INFO  listner.WebEventListener -After Change value of [[ChromeDriver: chrome on XP (1cbb9893b88d5598adfd83c9ca8c1417)] -> name: txtValue]
17:16:16.830 INFO  listner.WebEventListener -Trying to find Element By : By.name: txtValue
17:16:16.836 INFO  listner.WebEventListener -Found Element By : By.name: txtValue
17:16:16.836 INFO  listner.WebEventListener -Before Change value of [[ChromeDriver: chrome on XP (1cbb9893b88d5598adfd83c9ca8c1417)] -> name: txtValue]
17:16:16.884 INFO  listner.WebEventListener -After Change value of [[ChromeDriver: chrome on XP (1cbb9893b88d5598adfd83c9ca8c1417)] -> name: txtValue]
17:16:16.884 INFO  listner.WebEventListener -Trying to find Element By : By.xpath: .//form[@name='DownStreamGoto']//input[@name='btn_Submit']
17:16:16.889 INFO  listner.WebEventListener -Found Element By : By.xpath: .//form[@name='DownStreamGoto']//input[@name='btn_Submit']
17:16:17.204 INFO  listner.WebEventListener -Trying to find Element By : By.linkText: GP646810
17:16:17.216 INFO  listner.WebEventListener -Found Element By : By.linkText: GP646810
17:16:17.485 INFO  listner.WebEventListener -Trying to find Element By : By.xpath: .//input[@name='Btn_Submit']
17:16:17.491 INFO  listner.WebEventListener -Found Element By : By.xpath: .//input[@name='Btn_Submit']
17:16:18.008 INFO  listner.WebEventListener -Before Navigating back to previous page: http://ordergateway.intra.bt.com/Administration/DownStreamErrorResubmit.cfm?RequestTimeout=500'
17:16:18.089 INFO  listner.WebEventListener -After Navigated back to previous page: 'http://ordergateway.intra.bt.com/Administration/DownStreamError_Action.cfm?OrderID=646810&ID=650653'
17:16:18.096 INFO  listner.WebEventListener -Before Navigating back to previous page: http://ordergateway.intra.bt.com/Administration/DownStreamError_Action.cfm?OrderID=646810&ID=650653'
17:16:18.164 INFO  listner.WebEventListener -After Navigated back to previous page: 'http://ordergateway.intra.bt.com/Administration/DownStreamErrorGoto.cfm'
17:16:18.169 INFO  listner.WebEventListener -Before Navigating back to previous page: http://ordergateway.intra.bt.com/Administration/DownStreamErrorGoto.cfm'
17:16:18.474 INFO  listner.WebEventListener -After Navigated back to previous page: 'http://ordergateway.intra.bt.com/Administration/DownStreamError2.cfm'
