14:04:18.457 INFO  listner.WebEventListener -Found Element By : By.linkText: GR819866
14:04:21.834 INFO  listner.WebEventListener -Trying to find Element By : By.name: Btn_Submit
14:04:21.852 INFO  listner.WebEventListener -Found Element By : By.name: Btn_Submit
14:04:26.520 INFO  listner.WebEventListener -Before navigating to: 'http://ordergateway.intra.bt.com/Administration/AdminMainMenu.cfm?UserID=865629'
14:04:27.328 INFO  listner.WebEventListener -Navigated to:'http://ordergateway.intra.bt.com/Administration/AdminMainMenu.cfm?UserID=865629'
14:04:29.340 INFO  listner.WebEventListener -Trying to find Element By : By.linkText: Error Report
14:04:29.342 INFO  listner.WebEventListener -Found Element By : By.linkText: Error Report
14:04:30.410 INFO  listner.WebEventListener -Trying to find Element By : By.name: txtValue
14:04:30.435 INFO  listner.WebEventListener -Found Element By : By.name: txtValue
14:04:30.435 INFO  listner.WebEventListener -Before Change value of [[ChromeDriver: chrome on XP (c0d75ecc28218229046e7de6862ce18b)] -> name: txtValue]
14:04:30.479 INFO  listner.WebEventListener -After Change value of [[ChromeDriver: chrome on XP (c0d75ecc28218229046e7de6862ce18b)] -> name: txtValue]
14:04:30.479 INFO  listner.WebEventListener -Trying to find Element By : By.xpath: .//form[@name='DownStreamGoto']//input[@name='btn_Submit']
14:04:30.489 INFO  listner.WebEventListener -Found Element By : By.xpath: .//form[@name='DownStreamGoto']//input[@name='btn_Submit']
14:04:30.816 INFO  listner.WebEventListener -Trying to find Element By : By.linkText: GR820020
14:04:30.828 INFO  listner.WebEventListener -Found Element By : By.linkText: GR820020
14:04:34.141 INFO  listner.WebEventListener -Trying to find Element By : By.name: Btn_Submit
14:04:34.175 INFO  listner.WebEventListener -Found Element By : By.name: Btn_Submit
14:04:37.798 INFO  listner.WebEventListener -Before navigating to: 'http://ordergateway.intra.bt.com/Administration/AdminMainMenu.cfm?UserID=865629'
14:04:38.568 INFO  listner.WebEventListener -Navigated to:'http://ordergateway.intra.bt.com/Administration/AdminMainMenu.cfm?UserID=865629'
14:04:40.577 INFO  listner.WebEventListener -Trying to find Element By : By.linkText: Error Report
14:04:40.578 INFO  listner.WebEventListener -Found Element By : By.linkText: Error Report
14:04:41.700 INFO  listner.WebEventListener -Trying to find Element By : By.name: txtValue
14:04:41.717 INFO  listner.WebEventListener -Found Element By : By.name: txtValue
14:04:41.717 INFO  listner.WebEventListener -Before Change value of [[ChromeDriver: chrome on XP (c0d75ecc28218229046e7de6862ce18b)] -> name: txtValue]
14:04:41.757 INFO  listner.WebEventListener -After Change value of [[ChromeDriver: chrome on XP (c0d75ecc28218229046e7de6862ce18b)] -> name: txtValue]
14:04:41.757 INFO  listner.WebEventListener -Trying to find Element By : By.xpath: .//form[@name='DownStreamGoto']//input[@name='btn_Submit']
14:04:41.766 INFO  listner.WebEventListener -Found Element By : By.xpath: .//form[@name='DownStreamGoto']//input[@name='btn_Submit']
14:04:42.122 INFO  listner.WebEventListener -Trying to find Element By : By.linkText: GR820534
14:04:42.132 INFO  listner.WebEventListener -Found Element By : By.linkText: GR820534
14:04:45.406 INFO  listner.WebEventListener -Trying to find Element By : By.name: Btn_Submit
14:04:45.409 INFO  listner.WebEventListener -Found Element By : By.name: Btn_Submit
14:04:49.721 INFO  listner.WebEventListener -Before navigating to: 'http://ordergateway.intra.bt.com/Administration/AdminMainMenu.cfm?UserID=865629'
14:04:50.448 INFO  listner.WebEventListener -Navigated to:'http://ordergateway.intra.bt.com/Administration/AdminMainMenu.cfm?UserID=865629'
14:04:52.462 INFO  listner.WebEventListener -Trying to find Element By : By.linkText: Error Report
14:04:52.480 INFO  listner.WebEventListener -Found Element By : By.linkText: Error Report
14:04:53.570 INFO  listner.WebEventListener -Trying to find Element By : By.name: txtValue
14:04:53.581 INFO  listner.WebEventListener -Found Element By : By.name: txtValue
14:04:53.582 INFO  listner.WebEventListener -Before Change value of [[ChromeDriver: chrome on XP (c0d75ecc28218229046e7de6862ce18b)] -> name: txtValue]
14:04:53.627 INFO  listner.WebEventListener -After Change value of [[ChromeDriver: chrome on XP (c0d75ecc28218229046e7de6862ce18b)] -> name: txtValue]
14:04:53.627 INFO  listner.WebEventListener -Trying to find Element By : By.xpath: .//form[@name='DownStreamGoto']//input[@name='btn_Submit']
14:04:53.634 INFO  listner.WebEventListener -Found Element By : By.xpath: .//form[@name='DownStreamGoto']//input[@name='btn_Submit']
14:04:54.073 INFO  listner.WebEventListener -Trying to find Element By : By.linkText: GR821889
14:04:54.085 INFO  listner.WebEventListener -Found Element By : By.linkText: GR821889
14:04:57.591 INFO  listner.WebEventListener -Trying to find Element By : By.name: Btn_Submit
14:04:57.597 INFO  listner.WebEventListener -Found Element By : By.name: Btn_Submit
14:05:02.003 INFO  listner.WebEventListener -Before navigating to: 'http://ordergateway.intra.bt.com/Administration/AdminMainMenu.cfm?UserID=865629'
14:05:02.693 INFO  listner.WebEventListener -Navigated to:'http://ordergateway.intra.bt.com/Administration/AdminMainMenu.cfm?UserID=865629'
14:05:04.695 INFO  listner.WebEventListener -Trying to find Element By : By.linkText: Error Report
14:05:04.717 INFO  listner.WebEventListener -Found Element By : By.linkText: Error Report
14:05:05.925 INFO  listner.WebEventListener -Trying to find Element By : By.name: txtValue
14:05:05.947 INFO  listner.WebEventListener -Found Element By : By.name: txtValue
14:05:05.947 INFO  listner.WebEventListener -Before Change value of [[ChromeDriver: chrome on XP (c0d75ecc28218229046e7de6862ce18b)] -> name: txtValue]
14:05:05.991 INFO  listner.WebEventListener -After Change value of [[ChromeDriver: chrome on XP (c0d75ecc28218229046e7de6862ce18b)] -> name: txtValue]
14:05:05.991 INFO  listner.WebEventListener -Trying to find Element By : By.xpath: .//form[@name='DownStreamGoto']//input[@name='btn_Submit']
14:05:06.001 INFO  listner.WebEventListener -Found Element By : By.xpath: .//form[@name='DownStreamGoto']//input[@name='btn_Submit']
14:05:06.448 INFO  listner.WebEventListener -Trying to find Element By : By.linkText: GR822837
14:05:06.460 INFO  listner.WebEventListener -Found Element By : By.linkText: GR822837
14:05:09.865 INFO  listner.WebEventListener -Trying to find Element By : By.name: Btn_Submit
14:05:09.868 INFO  listner.WebEventListener -Found Element By : By.name: Btn_Submit
14:05:14.627 INFO  listner.WebEventListener -Before navigating to: 'http://ordergateway.intra.bt.com/Administration/AdminMainMenu.cfm?UserID=865629'
14:05:15.579 INFO  listner.WebEventListener -Navigated to:'http://ordergateway.intra.bt.com/Administration/AdminMainMenu.cfm?UserID=865629'
14:05:17.590 INFO  listner.WebEventListener -Trying to find Element By : By.linkText: Error Report
14:05:17.591 INFO  listner.WebEventListener -Found Element By : By.linkText: Error Report
14:05:18.904 INFO  listner.WebEventListener -Trying to find Element By : By.name: txtValue
14:05:18.917 INFO  listner.WebEventListener -Found Element By : By.name: txtValue
14:05:18.918 INFO  listner.WebEventListener -Before Change value of [[ChromeDriver: chrome on XP (c0d75ecc28218229046e7de6862ce18b)] -> name: txtValue]
14:05:18.978 INFO  listner.WebEventListener -After Change value of [[ChromeDriver: chrome on XP (c0d75ecc28218229046e7de6862ce18b)] -> name: txtValue]
14:05:18.978 INFO  listner.WebEventListener -Trying to find Element By : By.xpath: .//form[@name='DownStreamGoto']//input[@name='btn_Submit']
14:05:18.992 INFO  listner.WebEventListener -Found Element By : By.xpath: .//form[@name='DownStreamGoto']//input[@name='btn_Submit']
14:05:19.444 INFO  listner.WebEventListener -Trying to find Element By : By.linkText: GR823519
14:05:19.462 INFO  listner.WebEventListener -Found Element By : By.linkText: GR823519
14:05:22.946 INFO  listner.WebEventListener -Trying to find Element By : By.name: Btn_Submit
14:05:22.949 INFO  listner.WebEventListener -Found Element By : By.name: Btn_Submit
14:05:27.479 INFO  listner.WebEventListener -Before navigating to: 'http://ordergateway.intra.bt.com/Administration/AdminMainMenu.cfm?UserID=865629'
14:05:28.350 INFO  listner.WebEventListener -Navigated to:'http://ordergateway.intra.bt.com/Administration/AdminMainMenu.cfm?UserID=865629'
14:05:30.357 INFO  listner.WebEventListener -Trying to find Element By : By.linkText: Error Report
14:05:30.369 INFO  listner.WebEventListener -Found Element By : By.linkText: Error Report
14:05:31.421 INFO  listner.WebEventListener -Trying to find Element By : By.name: txtValue
14:05:31.431 INFO  listner.WebEventListener -Found Element By : By.name: txtValue
14:05:31.431 INFO  listner.WebEventListener -Before Change value of [[ChromeDriver: chrome on XP (c0d75ecc28218229046e7de6862ce18b)] -> name: txtValue]
14:05:31.472 INFO  listner.WebEventListener -After Change value of [[ChromeDriver: chrome on XP (c0d75ecc28218229046e7de6862ce18b)] -> name: txtValue]
14:05:31.472 INFO  listner.WebEventListener -Trying to find Element By : By.xpath: .//form[@name='DownStreamGoto']//input[@name='btn_Submit']
14:05:31.480 INFO  listner.WebEventListener -Found Element By : By.xpath: .//form[@name='DownStreamGoto']//input[@name='btn_Submit']
14:05:31.906 INFO  listner.WebEventListener -Trying to find Element By : By.linkText: GR824261
14:05:31.920 INFO  listner.WebEventListener -Found Element By : By.linkText: GR824261
14:05:35.332 INFO  listner.WebEventListener -Trying to find Element By : By.name: Btn_Submit
14:05:35.342 INFO  listner.WebEventListener -Found Element By : By.name: Btn_Submit
14:05:39.826 INFO  listner.WebEventListener -Before navigating to: 'http://ordergateway.intra.bt.com/Administration/AdminMainMenu.cfm?UserID=865629'
14:05:40.955 INFO  listner.WebEventListener -Navigated to:'http://ordergateway.intra.bt.com/Administration/AdminMainMenu.cfm?UserID=865629'
14:05:42.966 INFO  listner.WebEventListener -Trying to find Element By : By.linkText: Error Report
14:05:42.983 INFO  listner.WebEventListener -Found Element By : By.linkText: Error Report
14:05:43.950 INFO  listner.WebEventListener -Trying to find Element By : By.name: txtValue
14:05:43.959 INFO  listner.WebEventListener -Found Element By : By.name: txtValue
14:05:43.959 INFO  listner.WebEventListener -Before Change value of [[ChromeDriver: chrome on XP (c0d75ecc28218229046e7de6862ce18b)] -> name: txtValue]
14:05:43.999 INFO  listner.WebEventListener -After Change value of [[ChromeDriver: chrome on XP (c0d75ecc28218229046e7de6862ce18b)] -> name: txtValue]
14:05:43.999 INFO  listner.WebEventListener -Trying to find Element By : By.xpath: .//form[@name='DownStreamGoto']//input[@name='btn_Submit']
14:05:44.007 INFO  listner.WebEventListener -Found Element By : By.xpath: .//form[@name='DownStreamGoto']//input[@name='btn_Submit']
14:05:44.483 INFO  listner.WebEventListener -Trying to find Element By : By.linkText: GR824505
14:05:44.495 INFO  listner.WebEventListener -Found Element By : By.linkText: GR824505
14:05:47.913 INFO  listner.WebEventListener -Trying to find Element By : By.name: Btn_Submit
14:05:47.934 INFO  listner.WebEventListener -Found Element By : By.name: Btn_Submit
14:05:52.476 INFO  listner.WebEventListener -Before navigating to: 'http://ordergateway.intra.bt.com/Administration/AdminMainMenu.cfm?UserID=865629'
14:05:53.055 INFO  listner.WebEventListener -Navigated to:'http://ordergateway.intra.bt.com/Administration/AdminMainMenu.cfm?UserID=865629'
14:05:55.072 INFO  listner.WebEventListener -Trying to find Element By : By.linkText: Error Report
14:05:55.082 INFO  listner.WebEventListener -Found Element By : By.linkText: Error Report
14:05:56.215 INFO  listner.WebEventListener -Trying to find Element By : By.name: txtValue
14:05:56.235 INFO  listner.WebEventListener -Found Element By : By.name: txtValue
14:05:56.235 INFO  listner.WebEventListener -Before Change value of [[ChromeDriver: chrome on XP (c0d75ecc28218229046e7de6862ce18b)] -> name: txtValue]
14:05:56.279 INFO  listner.WebEventListener -After Change value of [[ChromeDriver: chrome on XP (c0d75ecc28218229046e7de6862ce18b)] -> name: txtValue]
14:05:56.279 INFO  listner.WebEventListener -Trying to find Element By : By.xpath: .//form[@name='DownStreamGoto']//input[@name='btn_Submit']
14:05:56.289 INFO  listner.WebEventListener -Found Element By : By.xpath: .//form[@name='DownStreamGoto']//input[@name='btn_Submit']
14:05:56.667 INFO  listner.WebEventListener -Trying to find Element By : By.linkText: GR824882
14:05:56.678 INFO  listner.WebEventListener -Found Element By : By.linkText: GR824882
14:06:00.112 INFO  listner.WebEventListener -Trying to find Element By : By.name: Btn_Submit
14:06:00.121 INFO  listner.WebEventListener -Found Element By : By.name: Btn_Submit
14:06:04.514 INFO  listner.WebEventListener -Before navigating to: 'http://ordergateway.intra.bt.com/Administration/AdminMainMenu.cfm?UserID=865629'
14:06:05.291 INFO  listner.WebEventListener -Navigated to:'http://ordergateway.intra.bt.com/Administration/AdminMainMenu.cfm?UserID=865629'
14:06:07.306 INFO  listner.WebEventListener -Trying to find Element By : By.linkText: Error Report
14:06:07.308 INFO  listner.WebEventListener -Found Element By : By.linkText: Error Report
14:06:08.342 INFO  listner.WebEventListener -Trying to find Element By : By.name: txtValue
14:06:08.351 INFO  listner.WebEventListener -Found Element By : By.name: txtValue
14:06:08.351 INFO  listner.WebEventListener -Before Change value of [[ChromeDriver: chrome on XP (c0d75ecc28218229046e7de6862ce18b)] -> name: txtValue]
14:06:08.386 INFO  listner.WebEventListener -After Change value of [[ChromeDriver: chrome on XP (c0d75ecc28218229046e7de6862ce18b)] -> name: txtValue]
14:06:08.386 INFO  listner.WebEventListener -Trying to find Element By : By.xpath: .//form[@name='DownStreamGoto']//input[@name='btn_Submit']
14:06:08.398 INFO  listner.WebEventListener -Found Element By : By.xpath: .//form[@name='DownStreamGoto']//input[@name='btn_Submit']
14:06:10.351 INFO  listner.WebEventListener -Trying to find Element By : By.linkText: GR825156
14:06:10.363 INFO  listner.WebEventListener -Found Element By : By.linkText: GR825156
14:06:13.883 INFO  listner.WebEventListener -Trying to find Element By : By.name: Btn_Submit
14:06:13.900 INFO  listner.WebEventListener -Found Element By : By.name: Btn_Submit
14:06:18.542 INFO  listner.WebEventListener -Before navigating to: 'http://ordergateway.intra.bt.com/Administration/AdminMainMenu.cfm?UserID=865629'
14:06:19.145 INFO  listner.WebEventListener -Navigated to:'http://ordergateway.intra.bt.com/Administration/AdminMainMenu.cfm?UserID=865629'
14:06:21.149 INFO  listner.WebEventListener -Trying to find Element By : By.linkText: Error Report
14:06:21.156 INFO  listner.WebEventListener -Found Element By : By.linkText: Error Report
14:06:22.290 INFO  listner.WebEventListener -Trying to find Element By : By.name: txtValue
14:06:22.300 INFO  listner.WebEventListener -Found Element By : By.name: txtValue
14:06:22.300 INFO  listner.WebEventListener -Before Change value of [[ChromeDriver: chrome on XP (c0d75ecc28218229046e7de6862ce18b)] -> name: txtValue]
14:06:22.346 INFO  listner.WebEventListener -After Change value of [[ChromeDriver: chrome on XP (c0d75ecc28218229046e7de6862ce18b)] -> name: txtValue]
14:06:22.346 INFO  listner.WebEventListener -Trying to find Element By : By.xpath: .//form[@name='DownStreamGoto']//input[@name='btn_Submit']
14:06:22.357 INFO  listner.WebEventListener -Found Element By : By.xpath: .//form[@name='DownStreamGoto']//input[@name='btn_Submit']
14:06:22.836 INFO  listner.WebEventListener -Trying to find Element By : By.linkText: GR826639
14:06:22.851 INFO  listner.WebEventListener -Found Element By : By.linkText: GR826639
14:06:26.409 INFO  listner.WebEventListener -Trying to find Element By : By.name: Btn_Submit
14:06:26.411 INFO  listner.WebEventListener -Found Element By : By.name: Btn_Submit
14:06:30.853 INFO  listner.WebEventListener -Before navigating to: 'http://ordergateway.intra.bt.com/Administration/AdminMainMenu.cfm?UserID=865629'
14:06:31.668 INFO  listner.WebEventListener -Navigated to:'http://ordergateway.intra.bt.com/Administration/AdminMainMenu.cfm?UserID=865629'
14:06:33.670 INFO  listner.WebEventListener -Trying to find Element By : By.linkText: Error Report
14:06:33.682 INFO  listner.WebEventListener -Found Element By : By.linkText: Error Report
14:06:34.815 INFO  listner.WebEventListener -Trying to find Element By : By.name: txtValue
14:06:34.827 INFO  listner.WebEventListener -Found Element By : By.name: txtValue
14:06:34.827 INFO  listner.WebEventListener -Before Change value of [[ChromeDriver: chrome on XP (c0d75ecc28218229046e7de6862ce18b)] -> name: txtValue]
14:06:34.871 INFO  listner.WebEventListener -After Change value of [[ChromeDriver: chrome on XP (c0d75ecc28218229046e7de6862ce18b)] -> name: txtValue]
14:06:34.872 INFO  listner.WebEventListener -Trying to find Element By : By.xpath: .//form[@name='DownStreamGoto']//input[@name='btn_Submit']
14:06:34.883 INFO  listner.WebEventListener -Found Element By : By.xpath: .//form[@name='DownStreamGoto']//input[@name='btn_Submit']
14:06:35.388 INFO  listner.WebEventListener -Trying to find Element By : By.linkText: GR827247
14:06:35.399 INFO  listner.WebEventListener -Found Element By : By.linkText: GR827247
14:06:38.791 INFO  listner.WebEventListener -Trying to find Element By : By.name: Btn_Submit
14:06:38.793 INFO  listner.WebEventListener -Found Element By : By.name: Btn_Submit
14:06:43.234 INFO  listner.WebEventListener -Before navigating to: 'http://ordergateway.intra.bt.com/Administration/AdminMainMenu.cfm?UserID=865629'
14:06:43.948 INFO  listner.WebEventListener -Navigated to:'http://ordergateway.intra.bt.com/Administration/AdminMainMenu.cfm?UserID=865629'
14:06:45.959 INFO  listner.WebEventListener -Trying to find Element By : By.linkText: Error Report
14:06:45.977 INFO  listner.WebEventListener -Found Element By : By.linkText: Error Report
14:06:47.147 INFO  listner.WebEventListener -Trying to find Element By : By.name: txtValue
14:06:47.166 INFO  listner.WebEventListener -Found Element By : By.name: txtValue
14:06:47.166 INFO  listner.WebEventListener -Before Change value of [[ChromeDriver: chrome on XP (c0d75ecc28218229046e7de6862ce18b)] -> name: txtValue]
14:06:47.205 INFO  listner.WebEventListener -After Change value of [[ChromeDriver: chrome on XP (c0d75ecc28218229046e7de6862ce18b)] -> name: txtValue]
14:06:47.205 INFO  listner.WebEventListener -Trying to find Element By : By.xpath: .//form[@name='DownStreamGoto']//input[@name='btn_Submit']
14:06:47.214 INFO  listner.WebEventListener -Found Element By : By.xpath: .//form[@name='DownStreamGoto']//input[@name='btn_Submit']
14:06:47.666 INFO  listner.WebEventListener -Trying to find Element By : By.linkText: GR827356
14:06:47.678 INFO  listner.WebEventListener -Found Element By : By.linkText: GR827356
14:06:51.104 INFO  listner.WebEventListener -Trying to find Element By : By.name: Btn_Submit
14:06:51.110 INFO  listner.WebEventListener -Found Element By : By.name: Btn_Submit
14:06:55.589 INFO  listner.WebEventListener -Before navigating to: 'http://ordergateway.intra.bt.com/Administration/AdminMainMenu.cfm?UserID=865629'
14:06:56.472 INFO  listner.WebEventListener -Navigated to:'http://ordergateway.intra.bt.com/Administration/AdminMainMenu.cfm?UserID=865629'
14:06:58.482 INFO  listner.WebEventListener -Trying to find Element By : By.linkText: Error Report
14:06:58.484 INFO  listner.WebEventListener -Found Element By : By.linkText: Error Report
14:07:00.358 INFO  listner.WebEventListener -Trying to find Element By : By.name: txtValue
14:07:00.385 INFO  listner.WebEventListener -Found Element By : By.name: txtValue
14:07:00.386 INFO  listner.WebEventListener -Before Change value of [[ChromeDriver: chrome on XP (c0d75ecc28218229046e7de6862ce18b)] -> name: txtValue]
14:07:00.436 INFO  listner.WebEventListener -After Change value of [[ChromeDriver: chrome on XP (c0d75ecc28218229046e7de6862ce18b)] -> name: txtValue]
14:07:00.436 INFO  listner.WebEventListener -Trying to find Element By : By.xpath: .//form[@name='DownStreamGoto']//input[@name='btn_Submit']
14:07:00.446 INFO  listner.WebEventListener -Found Element By : By.xpath: .//form[@name='DownStreamGoto']//input[@name='btn_Submit']
14:07:00.879 INFO  listner.WebEventListener -Trying to find Element By : By.linkText: GR827360
14:07:00.890 INFO  listner.WebEventListener -Found Element By : By.linkText: GR827360
14:07:04.247 INFO  listner.WebEventListener -Trying to find Element By : By.name: Btn_Submit
14:07:04.253 INFO  listner.WebEventListener -Found Element By : By.name: Btn_Submit
14:07:08.785 INFO  listner.WebEventListener -Before navigating to: 'http://ordergateway.intra.bt.com/Administration/AdminMainMenu.cfm?UserID=865629'
14:07:09.755 INFO  listner.WebEventListener -Navigated to:'http://ordergateway.intra.bt.com/Administration/AdminMainMenu.cfm?UserID=865629'
14:07:11.763 INFO  listner.WebEventListener -Trying to find Element By : By.linkText: Error Report
14:07:11.779 INFO  listner.WebEventListener -Found Element By : By.linkText: Error Report
14:07:13.093 INFO  listner.WebEventListener -Trying to find Element By : By.name: txtValue
14:07:13.117 INFO  listner.WebEventListener -Found Element By : By.name: txtValue
14:07:13.118 INFO  listner.WebEventListener -Before Change value of [[ChromeDriver: chrome on XP (c0d75ecc28218229046e7de6862ce18b)] -> name: txtValue]
14:07:13.164 INFO  listner.WebEventListener -After Change value of [[ChromeDriver: chrome on XP (c0d75ecc28218229046e7de6862ce18b)] -> name: txtValue]
14:07:13.164 INFO  listner.WebEventListener -Trying to find Element By : By.xpath: .//form[@name='DownStreamGoto']//input[@name='btn_Submit']
14:07:13.173 INFO  listner.WebEventListener -Found Element By : By.xpath: .//form[@name='DownStreamGoto']//input[@name='btn_Submit']
14:07:13.607 INFO  listner.WebEventListener -Trying to find Element By : By.linkText: GR827402
14:07:13.619 INFO  listner.WebEventListener -Found Element By : By.linkText: GR827402
14:07:17.066 INFO  listner.WebEventListener -Trying to find Element By : By.name: Btn_Submit
14:07:17.069 INFO  listner.WebEventListener -Found Element By : By.name: Btn_Submit
14:07:21.614 INFO  listner.WebEventListener -Before navigating to: 'http://ordergateway.intra.bt.com/Administration/AdminMainMenu.cfm?UserID=865629'
14:07:22.406 INFO  listner.WebEventListener -Navigated to:'http://ordergateway.intra.bt.com/Administration/AdminMainMenu.cfm?UserID=865629'
14:07:24.406 INFO  listner.WebEventListener -Trying to find Element By : By.linkText: Error Report
14:07:24.408 INFO  listner.WebEventListener -Found Element By : By.linkText: Error Report
14:07:25.898 INFO  listner.WebEventListener -Trying to find Element By : By.name: txtValue
14:07:25.922 INFO  listner.WebEventListener -Found Element By : By.name: txtValue
14:07:25.922 INFO  listner.WebEventListener -Before Change value of [[ChromeDriver: chrome on XP (c0d75ecc28218229046e7de6862ce18b)] -> name: txtValue]
14:07:25.964 INFO  listner.WebEventListener -After Change value of [[ChromeDriver: chrome on XP (c0d75ecc28218229046e7de6862ce18b)] -> name: txtValue]
14:07:25.964 INFO  listner.WebEventListener -Trying to find Element By : By.xpath: .//form[@name='DownStreamGoto']//input[@name='btn_Submit']
14:07:25.974 INFO  listner.WebEventListener -Found Element By : By.xpath: .//form[@name='DownStreamGoto']//input[@name='btn_Submit']
14:07:26.406 INFO  listner.WebEventListener -Trying to find Element By : By.linkText: GR827405
14:07:26.418 INFO  listner.WebEventListener -Found Element By : By.linkText: GR827405
14:07:29.825 INFO  listner.WebEventListener -Trying to find Element By : By.name: Btn_Submit
14:07:29.845 INFO  listner.WebEventListener -Found Element By : By.name: Btn_Submit
14:07:34.563 INFO  listner.WebEventListener -Before navigating to: 'http://ordergateway.intra.bt.com/Administration/AdminMainMenu.cfm?UserID=865629'
14:07:35.191 INFO  listner.WebEventListener -Navigated to:'http://ordergateway.intra.bt.com/Administration/AdminMainMenu.cfm?UserID=865629'
14:07:37.209 INFO  listner.WebEventListener -Trying to find Element By : By.linkText: Error Report
14:07:37.242 INFO  listner.WebEventListener -Found Element By : By.linkText: Error Report
14:07:38.506 INFO  listner.WebEventListener -Trying to find Element By : By.name: txtValue
14:07:38.531 INFO  listner.WebEventListener -Found Element By : By.name: txtValue
14:07:38.531 INFO  listner.WebEventListener -Before Change value of [[ChromeDriver: chrome on XP (c0d75ecc28218229046e7de6862ce18b)] -> name: txtValue]
14:07:38.575 INFO  listner.WebEventListener -After Change value of [[ChromeDriver: chrome on XP (c0d75ecc28218229046e7de6862ce18b)] -> name: txtValue]
14:07:38.575 INFO  listner.WebEventListener -Trying to find Element By : By.xpath: .//form[@name='DownStreamGoto']//input[@name='btn_Submit']
14:07:38.585 INFO  listner.WebEventListener -Found Element By : By.xpath: .//form[@name='DownStreamGoto']//input[@name='btn_Submit']
14:07:39.003 INFO  listner.WebEventListener -Trying to find Element By : By.linkText: GR837742
14:07:39.014 INFO  listner.WebEventListener -Found Element By : By.linkText: GR837742
14:07:42.596 INFO  listner.WebEventListener -Trying to find Element By : By.name: Btn_Submit
14:07:42.597 INFO  listner.WebEventListener -Found Element By : By.name: Btn_Submit
14:07:46.298 INFO  listner.WebEventListener -Before navigating to: 'http://ordergateway.intra.bt.com/Administration/AdminMainMenu.cfm?UserID=865629'
14:07:47.436 INFO  listner.WebEventListener -Navigated to:'http://ordergateway.intra.bt.com/Administration/AdminMainMenu.cfm?UserID=865629'
14:07:49.451 INFO  listner.WebEventListener -Trying to find Element By : By.linkText: Error Report
14:07:49.456 INFO  listner.WebEventListener -Found Element By : By.linkText: Error Report
14:07:50.677 INFO  listner.WebEventListener -Trying to find Element By : By.name: txtValue
14:07:50.696 INFO  listner.WebEventListener -Found Element By : By.name: txtValue
14:07:50.696 INFO  listner.WebEventListener -Before Change value of [[ChromeDriver: chrome on XP (c0d75ecc28218229046e7de6862ce18b)] -> name: txtValue]
14:07:50.742 INFO  listner.WebEventListener -After Change value of [[ChromeDriver: chrome on XP (c0d75ecc28218229046e7de6862ce18b)] -> name: txtValue]
14:07:50.742 INFO  listner.WebEventListener -Trying to find Element By : By.xpath: .//form[@name='DownStreamGoto']//input[@name='btn_Submit']
14:07:50.751 INFO  listner.WebEventListener -Found Element By : By.xpath: .//form[@name='DownStreamGoto']//input[@name='btn_Submit']
14:07:51.225 INFO  listner.WebEventListener -Trying to find Element By : By.linkText: GR838001
14:07:51.236 INFO  listner.WebEventListener -Found Element By : By.linkText: GR838001
14:07:54.636 INFO  listner.WebEventListener -Trying to find Element By : By.name: Btn_Submit
14:07:54.639 INFO  listner.WebEventListener -Found Element By : By.name: Btn_Submit
14:07:59.520 INFO  listner.WebEventListener -Before navigating to: 'http://ordergateway.intra.bt.com/Administration/AdminMainMenu.cfm?UserID=865629'
14:08:00.172 INFO  listner.WebEventListener -Navigated to:'http://ordergateway.intra.bt.com/Administration/AdminMainMenu.cfm?UserID=865629'
14:08:02.176 INFO  listner.WebEventListener -Trying to find Element By : By.linkText: Error Report
14:08:02.193 INFO  listner.WebEventListener -Found Element By : By.linkText: Error Report
14:08:03.690 INFO  listner.WebEventListener -Trying to find Element By : By.name: txtValue
14:08:03.699 INFO  listner.WebEventListener -Found Element By : By.name: txtValue
14:08:03.699 INFO  listner.WebEventListener -Before Change value of [[ChromeDriver: chrome on XP (c0d75ecc28218229046e7de6862ce18b)] -> name: txtValue]
14:08:03.735 INFO  listner.WebEventListener -After Change value of [[ChromeDriver: chrome on XP (c0d75ecc28218229046e7de6862ce18b)] -> name: txtValue]
14:08:03.736 INFO  listner.WebEventListener -Trying to find Element By : By.xpath: .//form[@name='DownStreamGoto']//input[@name='btn_Submit']
14:08:03.744 INFO  listner.WebEventListener -Found Element By : By.xpath: .//form[@name='DownStreamGoto']//input[@name='btn_Submit']
14:08:04.179 INFO  listner.WebEventListener -Trying to find Element By : By.linkText: GR838415
14:08:04.190 INFO  listner.WebEventListener -Found Element By : By.linkText: GR838415
14:08:07.645 INFO  listner.WebEventListener -Trying to find Element By : By.name: Btn_Submit
14:08:07.647 INFO  listner.WebEventListener -Found Element By : By.name: Btn_Submit
14:08:21.663 INFO  listner.WebEventListener -Before navigating to: 'http://ordergateway.intra.bt.com/Administration/AdminMainMenu.cfm?UserID=865629'
14:08:22.975 INFO  listner.WebEventListener -Navigated to:'http://ordergateway.intra.bt.com/Administration/AdminMainMenu.cfm?UserID=865629'
14:08:24.992 INFO  listner.WebEventListener -Trying to find Element By : By.linkText: Error Report
14:08:25.004 INFO  listner.WebEventListener -Found Element By : By.linkText: Error Report
14:08:26.282 INFO  listner.WebEventListener -Trying to find Element By : By.name: txtValue
14:08:26.292 INFO  listner.WebEventListener -Found Element By : By.name: txtValue
14:08:26.293 INFO  listner.WebEventListener -Before Change value of [[ChromeDriver: chrome on XP (c0d75ecc28218229046e7de6862ce18b)] -> name: txtValue]
14:08:26.331 INFO  listner.WebEventListener -After Change value of [[ChromeDriver: chrome on XP (c0d75ecc28218229046e7de6862ce18b)] -> name: txtValue]
14:08:26.331 INFO  listner.WebEventListener -Trying to find Element By : By.xpath: .//form[@name='DownStreamGoto']//input[@name='btn_Submit']
14:08:26.342 INFO  listner.WebEventListener -Found Element By : By.xpath: .//form[@name='DownStreamGoto']//input[@name='btn_Submit']
14:08:26.871 INFO  listner.WebEventListener -Trying to find Element By : By.linkText: GR838705
14:08:26.881 INFO  listner.WebEventListener -Found Element By : By.linkText: GR838705
14:08:30.318 INFO  listner.WebEventListener -Trying to find Element By : By.name: Btn_Submit
14:08:30.336 INFO  listner.WebEventListener -Found Element By : By.name: Btn_Submit
14:08:35.050 INFO  listner.WebEventListener -Before navigating to: 'http://ordergateway.intra.bt.com/Administration/AdminMainMenu.cfm?UserID=865629'
14:08:35.659 INFO  listner.WebEventListener -Navigated to:'http://ordergateway.intra.bt.com/Administration/AdminMainMenu.cfm?UserID=865629'
14:08:37.662 INFO  listner.WebEventListener -Trying to find Element By : By.linkText: Error Report
14:08:37.664 INFO  listner.WebEventListener -Found Element By : By.linkText: Error Report
14:08:38.714 INFO  listner.WebEventListener -Trying to find Element By : By.name: txtValue
14:08:38.724 INFO  listner.WebEventListener -Found Element By : By.name: txtValue
14:08:38.724 INFO  listner.WebEventListener -Before Change value of [[ChromeDriver: chrome on XP (c0d75ecc28218229046e7de6862ce18b)] -> name: txtValue]
14:08:38.763 INFO  listner.WebEventListener -After Change value of [[ChromeDriver: chrome on XP (c0d75ecc28218229046e7de6862ce18b)] -> name: txtValue]
14:08:38.763 INFO  listner.WebEventListener -Trying to find Element By : By.xpath: .//form[@name='DownStreamGoto']//input[@name='btn_Submit']
14:08:38.772 INFO  listner.WebEventListener -Found Element By : By.xpath: .//form[@name='DownStreamGoto']//input[@name='btn_Submit']
14:08:39.218 INFO  listner.WebEventListener -Trying to find Element By : By.linkText: GR838789
14:08:39.229 INFO  listner.WebEventListener -Found Element By : By.linkText: GR838789
14:08:42.713 INFO  listner.WebEventListener -Trying to find Element By : By.name: Btn_Submit
14:08:42.719 INFO  listner.WebEventListener -Found Element By : By.name: Btn_Submit
14:08:47.382 INFO  listner.WebEventListener -Before navigating to: 'http://ordergateway.intra.bt.com/Administration/AdminMainMenu.cfm?UserID=865629'
14:08:48.326 INFO  listner.WebEventListener -Navigated to:'http://ordergateway.intra.bt.com/Administration/AdminMainMenu.cfm?UserID=865629'
14:08:50.340 INFO  listner.WebEventListener -Trying to find Element By : By.linkText: Error Report
14:08:50.360 INFO  listner.WebEventListener -Found Element By : By.linkText: Error Report
14:08:51.595 INFO  listner.WebEventListener -Trying to find Element By : By.name: txtValue
14:08:51.619 INFO  listner.WebEventListener -Found Element By : By.name: txtValue
14:08:51.619 INFO  listner.WebEventListener -Before Change value of [[ChromeDriver: chrome on XP (c0d75ecc28218229046e7de6862ce18b)] -> name: txtValue]
14:08:51.659 INFO  listner.WebEventListener -After Change value of [[ChromeDriver: chrome on XP (c0d75ecc28218229046e7de6862ce18b)] -> name: txtValue]
14:08:51.659 INFO  listner.WebEventListener -Trying to find Element By : By.xpath: .//form[@name='DownStreamGoto']//input[@name='btn_Submit']
14:08:51.666 INFO  listner.WebEventListener -Found Element By : By.xpath: .//form[@name='DownStreamGoto']//input[@name='btn_Submit']
14:08:52.144 INFO  listner.WebEventListener -Trying to find Element By : By.linkText: GR839148
14:08:52.157 INFO  listner.WebEventListener -Found Element By : By.linkText: GR839148
14:08:55.578 INFO  listner.WebEventListener -Trying to find Element By : By.name: Btn_Submit
14:08:55.581 INFO  listner.WebEventListener -Found Element By : By.name: Btn_Submit
14:08:59.970 INFO  listner.WebEventListener -Before navigating to: 'http://ordergateway.intra.bt.com/Administration/AdminMainMenu.cfm?UserID=865629'
14:09:00.784 INFO  listner.WebEventListener -Navigated to:'http://ordergateway.intra.bt.com/Administration/AdminMainMenu.cfm?UserID=865629'
14:09:02.798 INFO  listner.WebEventListener -Trying to find Element By : By.linkText: Error Report
14:09:02.827 INFO  listner.WebEventListener -Found Element By : By.linkText: Error Report
14:09:03.893 INFO  listner.WebEventListener -Trying to find Element By : By.name: txtValue
14:09:03.909 INFO  listner.WebEventListener -Found Element By : By.name: txtValue
14:09:03.909 INFO  listner.WebEventListener -Before Change value of [[ChromeDriver: chrome on XP (c0d75ecc28218229046e7de6862ce18b)] -> name: txtValue]
14:09:03.972 INFO  listner.WebEventListener -After Change value of [[ChromeDriver: chrome on XP (c0d75ecc28218229046e7de6862ce18b)] -> name: txtValue]
14:09:03.972 INFO  listner.WebEventListener -Trying to find Element By : By.xpath: .//form[@name='DownStreamGoto']//input[@name='btn_Submit']
14:09:03.977 INFO  listner.WebEventListener -Found Element By : By.xpath: .//form[@name='DownStreamGoto']//input[@name='btn_Submit']
14:09:04.430 INFO  listner.WebEventListener -Trying to find Element By : By.linkText: GR839268
14:09:04.443 INFO  listner.WebEventListener -Found Element By : By.linkText: GR839268
14:09:07.875 INFO  listner.WebEventListener -Trying to find Element By : By.name: Btn_Submit
14:09:07.877 INFO  listner.WebEventListener -Found Element By : By.name: Btn_Submit
14:09:12.807 INFO  listner.WebEventListener -Before navigating to: 'http://ordergateway.intra.bt.com/Administration/AdminMainMenu.cfm?UserID=865629'
14:09:13.595 INFO  listner.WebEventListener -Navigated to:'http://ordergateway.intra.bt.com/Administration/AdminMainMenu.cfm?UserID=865629'
14:09:15.599 INFO  listner.WebEventListener -Trying to find Element By : By.linkText: Error Report
14:09:15.626 INFO  listner.WebEventListener -Found Element By : By.linkText: Error Report
14:09:16.719 INFO  listner.WebEventListener -Trying to find Element By : By.name: txtValue
14:09:16.731 INFO  listner.WebEventListener -Found Element By : By.name: txtValue
14:09:16.731 INFO  listner.WebEventListener -Before Change value of [[ChromeDriver: chrome on XP (c0d75ecc28218229046e7de6862ce18b)] -> name: txtValue]
14:09:16.779 INFO  listner.WebEventListener -After Change value of [[ChromeDriver: chrome on XP (c0d75ecc28218229046e7de6862ce18b)] -> name: txtValue]
14:09:16.779 INFO  listner.WebEventListener -Trying to find Element By : By.xpath: .//form[@name='DownStreamGoto']//input[@name='btn_Submit']
14:09:16.787 INFO  listner.WebEventListener -Found Element By : By.xpath: .//form[@name='DownStreamGoto']//input[@name='btn_Submit']
14:09:17.227 INFO  listner.WebEventListener -Trying to find Element By : By.linkText: GR839528
14:09:17.238 INFO  listner.WebEventListener -Found Element By : By.linkText: GR839528
14:09:20.915 INFO  listner.WebEventListener -Trying to find Element By : By.name: Btn_Submit
14:09:20.918 INFO  listner.WebEventListener -Found Element By : By.name: Btn_Submit
14:09:25.345 INFO  listner.WebEventListener -Before navigating to: 'http://ordergateway.intra.bt.com/Administration/AdminMainMenu.cfm?UserID=865629'
14:09:26.231 INFO  listner.WebEventListener -Navigated to:'http://ordergateway.intra.bt.com/Administration/AdminMainMenu.cfm?UserID=865629'
14:09:28.238 INFO  listner.WebEventListener -Trying to find Element By : By.linkText: Error Report
14:09:28.259 INFO  listner.WebEventListener -Found Element By : By.linkText: Error Report
14:09:29.423 INFO  listner.WebEventListener -Trying to find Element By : By.name: txtValue
14:09:29.433 INFO  listner.WebEventListener -Found Element By : By.name: txtValue
14:09:29.433 INFO  listner.WebEventListener -Before Change value of [[ChromeDriver: chrome on XP (c0d75ecc28218229046e7de6862ce18b)] -> name: txtValue]
14:09:29.488 INFO  listner.WebEventListener -After Change value of [[ChromeDriver: chrome on XP (c0d75ecc28218229046e7de6862ce18b)] -> name: txtValue]
14:09:29.488 INFO  listner.WebEventListener -Trying to find Element By : By.xpath: .//form[@name='DownStreamGoto']//input[@name='btn_Submit']
14:09:29.497 INFO  listner.WebEventListener -Found Element By : By.xpath: .//form[@name='DownStreamGoto']//input[@name='btn_Submit']
14:09:30.022 INFO  listner.WebEventListener -Trying to find Element By : By.linkText: GR839542
14:09:30.035 INFO  listner.WebEventListener -Found Element By : By.linkText: GR839542
14:09:33.694 INFO  listner.WebEventListener -Trying to find Element By : By.name: Btn_Submit
14:09:33.712 INFO  listner.WebEventListener -Found Element By : By.name: Btn_Submit
14:09:38.169 INFO  listner.WebEventListener -Before navigating to: 'http://ordergateway.intra.bt.com/Administration/AdminMainMenu.cfm?UserID=865629'
14:09:40.900 INFO  listner.WebEventListener -Navigated to:'http://ordergateway.intra.bt.com/Administration/AdminMainMenu.cfm?UserID=865629'
14:09:42.919 INFO  listner.WebEventListener -Trying to find Element By : By.linkText: Error Report
14:09:42.953 INFO  listner.WebEventListener -Found Element By : By.linkText: Error Report
14:09:43.761 INFO  listner.WebEventListener -Trying to find Element By : By.name: txtValue
14:09:43.775 INFO  listner.WebEventListener -Found Element By : By.name: txtValue
14:09:43.775 INFO  listner.WebEventListener -Before Change value of [[ChromeDriver: chrome on XP (c0d75ecc28218229046e7de6862ce18b)] -> name: txtValue]
14:09:43.843 INFO  listner.WebEventListener -After Change value of [[ChromeDriver: chrome on XP (c0d75ecc28218229046e7de6862ce18b)] -> name: txtValue]
14:09:43.843 INFO  listner.WebEventListener -Trying to find Element By : By.xpath: .//form[@name='DownStreamGoto']//input[@name='btn_Submit']
14:09:43.852 INFO  listner.WebEventListener -Found Element By : By.xpath: .//form[@name='DownStreamGoto']//input[@name='btn_Submit']
14:09:44.322 INFO  listner.WebEventListener -Trying to find Element By : By.linkText: GR839706
14:09:44.333 INFO  listner.WebEventListener -Found Element By : By.linkText: GR839706
14:09:47.911 INFO  listner.WebEventListener -Trying to find Element By : By.name: Btn_Submit
14:09:47.933 INFO  listner.WebEventListener -Found Element By : By.name: Btn_Submit
14:09:52.251 INFO  listner.WebEventListener -Before navigating to: 'http://ordergateway.intra.bt.com/Administration/AdminMainMenu.cfm?UserID=865629'
14:09:53.332 INFO  listner.WebEventListener -Navigated to:'http://ordergateway.intra.bt.com/Administration/AdminMainMenu.cfm?UserID=865629'
14:09:55.337 INFO  listner.WebEventListener -Trying to find Element By : By.linkText: Error Report
14:09:55.343 INFO  listner.WebEventListener -Found Element By : By.linkText: Error Report
14:09:56.431 INFO  listner.WebEventListener -Trying to find Element By : By.name: txtValue
14:09:56.450 INFO  listner.WebEventListener -Found Element By : By.name: txtValue
14:09:56.450 INFO  listner.WebEventListener -Before Change value of [[ChromeDriver: chrome on XP (c0d75ecc28218229046e7de6862ce18b)] -> name: txtValue]
14:09:56.497 INFO  listner.WebEventListener -After Change value of [[ChromeDriver: chrome on XP (c0d75ecc28218229046e7de6862ce18b)] -> name: txtValue]
14:09:56.497 INFO  listner.WebEventListener -Trying to find Element By : By.xpath: .//form[@name='DownStreamGoto']//input[@name='btn_Submit']
14:09:56.505 INFO  listner.WebEventListener -Found Element By : By.xpath: .//form[@name='DownStreamGoto']//input[@name='btn_Submit']
14:09:56.892 INFO  listner.WebEventListener -Trying to find Element By : By.linkText: GR840411
14:09:56.903 INFO  listner.WebEventListener -Found Element By : By.linkText: GR840411
14:10:00.434 INFO  listner.WebEventListener -Trying to find Element By : By.name: Btn_Submit
14:10:00.452 INFO  listner.WebEventListener -Found Element By : By.name: Btn_Submit
14:10:05.348 INFO  listner.WebEventListener -Before navigating to: 'http://ordergateway.intra.bt.com/Administration/AdminMainMenu.cfm?UserID=865629'
14:10:06.272 INFO  listner.WebEventListener -Navigated to:'http://ordergateway.intra.bt.com/Administration/AdminMainMenu.cfm?UserID=865629'
14:10:08.275 INFO  listner.WebEventListener -Trying to find Element By : By.linkText: Error Report
14:10:08.293 INFO  listner.WebEventListener -Found Element By : By.linkText: Error Report
