14:13:57.033 INFO  listner.WebEventListener -Before navigating to: 'http://ordergateway.intra.bt.com'
14:14:01.285 INFO  listner.WebEventListener -Navigated to:'http://ordergateway.intra.bt.com'
14:14:04.286 INFO  listner.WebEventListener -Trying to find Element By : By.xpath: .//input[@name='USER']
14:14:04.307 INFO  listner.WebEventListener -Found Element By : By.xpath: .//input[@name='USER']
14:14:04.311 INFO  listner.WebEventListener -Before Change value of [[ChromeDriver: chrome on XP (00e3ff53efe90088383a8dc41c462dc9)] -> xpath: .//input[@name='USER']]
14:14:04.329 INFO  listner.WebEventListener -After Change value of [[ChromeDriver: chrome on XP (00e3ff53efe90088383a8dc41c462dc9)] -> xpath: .//input[@name='USER']]
14:14:04.330 INFO  listner.WebEventListener -Before Change value of [[ChromeDriver: chrome on XP (00e3ff53efe90088383a8dc41c462dc9)] -> xpath: .//input[@name='USER']]
14:14:04.371 INFO  listner.WebEventListener -After Change value of [[ChromeDriver: chrome on XP (00e3ff53efe90088383a8dc41c462dc9)] -> xpath: .//input[@name='USER']]
14:14:04.371 INFO  listner.WebEventListener -Trying to find Element By : By.xpath: .//input[@name='PASSWORD']
14:14:04.381 INFO  listner.WebEventListener -Found Element By : By.xpath: .//input[@name='PASSWORD']
14:14:04.381 INFO  listner.WebEventListener -Before Change value of [[ChromeDriver: chrome on XP (00e3ff53efe90088383a8dc41c462dc9)] -> xpath: .//input[@name='PASSWORD']]
14:14:04.395 INFO  listner.WebEventListener -After Change value of [[ChromeDriver: chrome on XP (00e3ff53efe90088383a8dc41c462dc9)] -> xpath: .//input[@name='PASSWORD']]
14:14:04.396 INFO  listner.WebEventListener -Before Change value of [[ChromeDriver: chrome on XP (00e3ff53efe90088383a8dc41c462dc9)] -> xpath: .//input[@name='PASSWORD']]
14:14:04.442 INFO  listner.WebEventListener -After Change value of [[ChromeDriver: chrome on XP (00e3ff53efe90088383a8dc41c462dc9)] -> xpath: .//input[@name='PASSWORD']]
14:14:04.442 INFO  listner.WebEventListener -Trying to find Element By : By.xpath: .//input[@value='Sign On']
14:14:04.452 INFO  listner.WebEventListener -Found Element By : By.xpath: .//input[@value='Sign On']
14:14:05.809 INFO  listner.WebEventListener -Trying to find Element By : By.xpath: .//input[@value=' Yes ']
14:14:05.821 INFO  listner.WebEventListener -Found Element By : By.xpath: .//input[@value=' Yes ']
14:14:23.385 INFO  listner.WebEventListener -Trying to find Element By : By.xpath: .//a[contains(text(),'Admin')]
14:14:23.404 INFO  listner.WebEventListener -Found Element By : By.xpath: .//a[contains(text(),'Admin')]
14:14:24.361 INFO  listner.WebEventListener -Trying to find Element By : By.tagName: frame
14:14:29.372 INFO  listner.WebEventListener -Found Element By : By.tagName: frame
14:14:29.373 INFO  listner.WebEventListener -Trying to find Element By : By.linkText: Error Report
14:14:29.386 INFO  listner.WebEventListener -Found Element By : By.linkText: Error Report
14:14:32.332 INFO  listner.WebEventListener -Trying to find Element By : By.name: txtValue
14:14:32.342 INFO  listner.WebEventListener -Found Element By : By.name: txtValue
14:14:32.342 INFO  listner.WebEventListener -Before Change value of [[ChromeDriver: chrome on XP (00e3ff53efe90088383a8dc41c462dc9)] -> name: txtValue]
14:14:32.385 INFO  listner.WebEventListener -After Change value of [[ChromeDriver: chrome on XP (00e3ff53efe90088383a8dc41c462dc9)] -> name: txtValue]
14:14:32.385 INFO  listner.WebEventListener -Trying to find Element By : By.xpath: .//form[@name='DownStreamGoto']//input[@name='btn_Submit']
14:14:32.395 INFO  listner.WebEventListener -Found Element By : By.xpath: .//form[@name='DownStreamGoto']//input[@name='btn_Submit']
14:14:33.002 INFO  listner.WebEventListener -Trying to find Element By : By.linkText: MH206225
14:14:33.017 INFO  listner.WebEventListener -Found Element By : By.linkText: MH206225
14:14:36.459 INFO  listner.WebEventListener -Trying to find Element By : By.name: Btn_Submit
14:14:36.470 INFO  listner.WebEventListener -Found Element By : By.name: Btn_Submit
14:14:41.647 INFO  listner.WebEventListener -Before navigating to: 'http://ordergateway.intra.bt.com/Administration/AdminMainMenu.cfm?UserID=865629'
14:14:42.246 INFO  listner.WebEventListener -Navigated to:'http://ordergateway.intra.bt.com/Administration/AdminMainMenu.cfm?UserID=865629'
14:14:44.246 INFO  listner.WebEventListener -Trying to find Element By : By.linkText: Error Report
14:14:44.271 INFO  listner.WebEventListener -Found Element By : By.linkText: Error Report
14:14:45.607 INFO  listner.WebEventListener -Trying to find Element By : By.name: txtValue
14:14:45.625 INFO  listner.WebEventListener -Found Element By : By.name: txtValue
14:14:45.625 INFO  listner.WebEventListener -Before Change value of [[ChromeDriver: chrome on XP (00e3ff53efe90088383a8dc41c462dc9)] -> name: txtValue]
14:14:45.671 INFO  listner.WebEventListener -After Change value of [[ChromeDriver: chrome on XP (00e3ff53efe90088383a8dc41c462dc9)] -> name: txtValue]
14:14:45.671 INFO  listner.WebEventListener -Trying to find Element By : By.xpath: .//form[@name='DownStreamGoto']//input[@name='btn_Submit']
14:14:45.682 INFO  listner.WebEventListener -Found Element By : By.xpath: .//form[@name='DownStreamGoto']//input[@name='btn_Submit']
14:14:46.198 INFO  listner.WebEventListener -Trying to find Element By : By.linkText: MH206224
14:14:46.209 INFO  listner.WebEventListener -Found Element By : By.linkText: MH206224
14:14:50.045 INFO  listner.WebEventListener -Trying to find Element By : By.name: Btn_Submit
14:14:50.079 INFO  listner.WebEventListener -Found Element By : By.name: Btn_Submit
14:14:54.774 INFO  listner.WebEventListener -Before navigating to: 'http://ordergateway.intra.bt.com/Administration/AdminMainMenu.cfm?UserID=865629'
14:14:55.540 INFO  listner.WebEventListener -Navigated to:'http://ordergateway.intra.bt.com/Administration/AdminMainMenu.cfm?UserID=865629'
14:14:57.540 INFO  listner.WebEventListener -Trying to find Element By : By.linkText: Error Report
14:14:57.566 INFO  listner.WebEventListener -Found Element By : By.linkText: Error Report
14:14:58.949 INFO  listner.WebEventListener -Trying to find Element By : By.name: txtValue
14:14:58.960 INFO  listner.WebEventListener -Found Element By : By.name: txtValue
14:14:58.960 INFO  listner.WebEventListener -Before Change value of [[ChromeDriver: chrome on XP (00e3ff53efe90088383a8dc41c462dc9)] -> name: txtValue]
14:14:59.004 INFO  listner.WebEventListener -After Change value of [[ChromeDriver: chrome on XP (00e3ff53efe90088383a8dc41c462dc9)] -> name: txtValue]
14:14:59.004 INFO  listner.WebEventListener -Trying to find Element By : By.xpath: .//form[@name='DownStreamGoto']//input[@name='btn_Submit']
14:14:59.014 INFO  listner.WebEventListener -Found Element By : By.xpath: .//form[@name='DownStreamGoto']//input[@name='btn_Submit']
14:14:59.363 INFO  listner.WebEventListener -Trying to find Element By : By.linkText: MH206223
14:14:59.376 INFO  listner.WebEventListener -Found Element By : By.linkText: MH206223
14:15:02.806 INFO  listner.WebEventListener -Trying to find Element By : By.name: Btn_Submit
14:15:02.826 INFO  listner.WebEventListener -Found Element By : By.name: Btn_Submit
14:15:08.079 INFO  listner.WebEventListener -Before navigating to: 'http://ordergateway.intra.bt.com/Administration/AdminMainMenu.cfm?UserID=865629'
14:15:10.565 INFO  listner.WebEventListener -Navigated to:'http://ordergateway.intra.bt.com/Administration/AdminMainMenu.cfm?UserID=865629'
14:15:12.565 INFO  listner.WebEventListener -Trying to find Element By : By.linkText: Error Report
14:15:12.590 INFO  listner.WebEventListener -Found Element By : By.linkText: Error Report
14:15:14.117 INFO  listner.WebEventListener -Trying to find Element By : By.name: txtValue
14:15:14.129 INFO  listner.WebEventListener -Found Element By : By.name: txtValue
14:15:14.130 INFO  listner.WebEventListener -Before Change value of [[ChromeDriver: chrome on XP (00e3ff53efe90088383a8dc41c462dc9)] -> name: txtValue]
14:15:14.172 INFO  listner.WebEventListener -After Change value of [[ChromeDriver: chrome on XP (00e3ff53efe90088383a8dc41c462dc9)] -> name: txtValue]
14:15:14.173 INFO  listner.WebEventListener -Trying to find Element By : By.xpath: .//form[@name='DownStreamGoto']//input[@name='btn_Submit']
14:15:14.183 INFO  listner.WebEventListener -Found Element By : By.xpath: .//form[@name='DownStreamGoto']//input[@name='btn_Submit']
14:15:14.666 INFO  listner.WebEventListener -Trying to find Element By : By.linkText: MH206222
14:15:14.680 INFO  listner.WebEventListener -Found Element By : By.linkText: MH206222
14:15:18.206 INFO  listner.WebEventListener -Trying to find Element By : By.name: Btn_Submit
14:15:18.221 INFO  listner.WebEventListener -Found Element By : By.name: Btn_Submit
14:15:23.071 INFO  listner.WebEventListener -Before navigating to: 'http://ordergateway.intra.bt.com/Administration/AdminMainMenu.cfm?UserID=865629'
14:15:24.336 INFO  listner.WebEventListener -Navigated to:'http://ordergateway.intra.bt.com/Administration/AdminMainMenu.cfm?UserID=865629'
14:15:26.337 INFO  listner.WebEventListener -Trying to find Element By : By.linkText: Error Report
14:15:26.362 INFO  listner.WebEventListener -Found Element By : By.linkText: Error Report
14:15:27.727 INFO  listner.WebEventListener -Trying to find Element By : By.name: txtValue
14:15:27.749 INFO  listner.WebEventListener -Found Element By : By.name: txtValue
14:15:27.749 INFO  listner.WebEventListener -Before Change value of [[ChromeDriver: chrome on XP (00e3ff53efe90088383a8dc41c462dc9)] -> name: txtValue]
14:15:27.795 INFO  listner.WebEventListener -After Change value of [[ChromeDriver: chrome on XP (00e3ff53efe90088383a8dc41c462dc9)] -> name: txtValue]
14:15:27.795 INFO  listner.WebEventListener -Trying to find Element By : By.xpath: .//form[@name='DownStreamGoto']//input[@name='btn_Submit']
14:15:27.804 INFO  listner.WebEventListener -Found Element By : By.xpath: .//form[@name='DownStreamGoto']//input[@name='btn_Submit']
14:15:28.293 INFO  listner.WebEventListener -Trying to find Element By : By.linkText: MH206221
14:15:28.306 INFO  listner.WebEventListener -Found Element By : By.linkText: MH206221
14:15:31.700 INFO  listner.WebEventListener -Trying to find Element By : By.name: Btn_Submit
14:15:31.718 INFO  listner.WebEventListener -Found Element By : By.name: Btn_Submit
14:15:36.434 INFO  listner.WebEventListener -Before navigating to: 'http://ordergateway.intra.bt.com/Administration/AdminMainMenu.cfm?UserID=865629'
14:15:37.621 INFO  listner.WebEventListener -Navigated to:'http://ordergateway.intra.bt.com/Administration/AdminMainMenu.cfm?UserID=865629'
14:15:39.622 INFO  listner.WebEventListener -Trying to find Element By : By.linkText: Error Report
14:15:39.647 INFO  listner.WebEventListener -Found Element By : By.linkText: Error Report
14:15:40.954 INFO  listner.WebEventListener -Trying to find Element By : By.name: txtValue
14:15:40.964 INFO  listner.WebEventListener -Found Element By : By.name: txtValue
14:15:40.964 INFO  listner.WebEventListener -Before Change value of [[ChromeDriver: chrome on XP (00e3ff53efe90088383a8dc41c462dc9)] -> name: txtValue]
14:15:41.004 INFO  listner.WebEventListener -After Change value of [[ChromeDriver: chrome on XP (00e3ff53efe90088383a8dc41c462dc9)] -> name: txtValue]
14:15:41.004 INFO  listner.WebEventListener -Trying to find Element By : By.xpath: .//form[@name='DownStreamGoto']//input[@name='btn_Submit']
14:15:41.013 INFO  listner.WebEventListener -Found Element By : By.xpath: .//form[@name='DownStreamGoto']//input[@name='btn_Submit']
14:15:41.543 INFO  listner.WebEventListener -Trying to find Element By : By.linkText: MH206219
14:15:41.559 INFO  listner.WebEventListener -Found Element By : By.linkText: MH206219
14:15:45.271 INFO  listner.WebEventListener -Trying to find Element By : By.name: Btn_Submit
14:15:45.285 INFO  listner.WebEventListener -Found Element By : By.name: Btn_Submit
14:15:50.088 INFO  listner.WebEventListener -Before navigating to: 'http://ordergateway.intra.bt.com/Administration/AdminMainMenu.cfm?UserID=865629'
14:15:53.212 INFO  listner.WebEventListener -Navigated to:'http://ordergateway.intra.bt.com/Administration/AdminMainMenu.cfm?UserID=865629'
14:15:55.213 INFO  listner.WebEventListener -Trying to find Element By : By.linkText: Error Report
14:15:55.234 INFO  listner.WebEventListener -Found Element By : By.linkText: Error Report
